Found 5 log files. Starting batch processing...

Processing: lmuffb_log_2026-04-06_00-33-45_Unknown_Hypercar_Paul_Ricard_-_1A.bin
╭──────────────────────── Log File Info ────────────────────────╮
│ Session Information                                           │
│                                                               │
│ Driver: Auto                                                  │
│ Vehicle: Genesis Magma Racing 2026 #17:WEC (Unknown Hypercar) │
│ Track: Paul Ricard - 1A                                       │
│ Duration: 191.3 seconds                                       │
│ Frames: 15207                                                 │
│ App Version: 0.7.275                                          │
╰───────────────────────────────────────────────────────────────╯
            Slope Detection Analysis
┏━━━━━━━━━━━━━━━━━━━━┳━━━━━━━━━━━━━━━┳━━━━━━━━━━┓
┃ Metric             ┃ Value         ┃ Status   ┃
┡━━━━━━━━━━━━━━━━━━━━╇━━━━━━━━━━━━━━━╇━━━━━━━━━━┩
│ Slope Std Dev      │ 12.18         │ HIGH     │
│ Slope Range        │ -20.0 to 20.0 │ WIDE     │
│ Active %           │ 57.7%         │ OK       │
│ Floor Hits         │ 0.0%          │ OK       │
│ Oscillation Events │ 38            │ MANY     │
│ Singularity Events │ 6330          │ CRITICAL │
│ Worst Singularity  │ 20.0          │ WARN     │
└────────────────────┴───────────────┴──────────┘
Grip Estimation Accuracy (Friction Circle
                Fallback)
┏━━━━━━━━━━━━━━━━━━━━━━┳━━━━━━━┳━━━━━━━━┓
┃ Metric               ┃ Value ┃ Status ┃
┡━━━━━━━━━━━━━━━━━━━━━━╇━━━━━━━╇━━━━━━━━┩
│ Correlation (r)      │ 0.597 │ LOW    │
│ Mean Error (Sliding) │ 0.198 │ INFO   │
│ False Positive Rate  │ 0.1%  │ OK     │
└──────────────────────┴───────┴────────┘
           Yaw & Clipping Analysis
┏━━━━━━━━━━━━━━━━━━━━━━━━━┳━━━━━━━━━┳━━━━━━━━┓
┃ Metric                  ┃ Value   ┃ Status ┃
┡━━━━━━━━━━━━━━━━━━━━━━━━━╇━━━━━━━━━╇━━━━━━━━┩
│ Threshold Crossing Rate │ 0.31 Hz │ OK     │
│ Yaw Kick Contribution   │ 541.2%  │ HIGH   │
│ Total Clipping          │ 0.0%    │ OK     │
└─────────────────────────┴─────────┴────────┘
          Lateral Load Analysis
┏━━━━━━━━━━━━━━━━━━━━━━┳━━━━━━━━┳━━━━━━━━┓
┃ Metric               ┃ Value  ┃ Status ┃
┡━━━━━━━━━━━━━━━━━━━━━━╇━━━━━━━━╇━━━━━━━━┩
│ Load Transfer Corr   │ -0.215 │ LOW    │
│ Load Contribution    │ 66.0%  │ INFO   │
│ G-Force Contribution │ 34.0%  │ INFO   │
└──────────────────────┴────────┴────────┘

Issues Detected:
  • HIGH SLOPE VARIANCE (12.18) - Algorithm may be unstable
  • HIGH SIGNAL NOISE (11.8 Hz) - Slope signal is jittery
  [OK] Created:
test_results/lmuffb_log_2026-04-06_00-33-45_Unknown_Hypercar_Paul_Ricard_-_1A_ti
meseries.png
  [OK] Created:
test_results/lmuffb_log_2026-04-06_00-33-45_Unknown_Hypercar_Paul_Ricard_-_1A_ti
re_curve.png
  [OK] Created:
test_results/lmuffb_log_2026-04-06_00-33-45_Unknown_Hypercar_Paul_Ricard_-_1A_ti
re_curve_longitudinal.png
  [OK] Created:
test_results/lmuffb_log_2026-04-06_00-33-45_Unknown_Hypercar_Paul_Ricard_-_1A_da
lpha_hist.png
  [OK] Created:
test_results/lmuffb_log_2026-04-06_00-33-45_Unknown_Hypercar_Paul_Ricard_-_1A_sl
ope_corr.png
  [OK] Created:
test_results/lmuffb_log_2026-04-06_00-33-45_Unknown_Hypercar_Paul_Ricard_-_1A_ya
w_diag.png
  [OK] Created:
test_results/lmuffb_log_2026-04-06_00-33-45_Unknown_Hypercar_Paul_Ricard_-_1A_he
alth.png
  [OK] Created:
test_results/lmuffb_log_2026-04-06_00-33-45_Unknown_Hypercar_Paul_Ricard_-_1A_ya
w_fft.png
  [OK] Created:
test_results/lmuffb_log_2026-04-06_00-33-45_Unknown_Hypercar_Paul_Ricard_-_1A_ya
w_thrashing.png
  [OK] Created:
test_results/lmuffb_log_2026-04-06_00-33-45_Unknown_Hypercar_Paul_Ricard_-_1A_su
sp_corr.png
  [OK] Created:
test_results/lmuffb_log_2026-04-06_00-33-45_Unknown_Hypercar_Paul_Ricard_-_1A_bo
ttoming.png
  [SKIP] Clipping Components
  [OK] Created:
test_results/lmuffb_log_2026-04-06_00-33-45_Unknown_Hypercar_Paul_Ricard_-_1A_pu
ll_detector.png
  [OK] Created:
test_results/lmuffb_log_2026-04-06_00-33-45_Unknown_Hypercar_Paul_Ricard_-_1A_un
opposed.png
  [OK] Created:
test_results/lmuffb_log_2026-04-06_00-33-45_Unknown_Hypercar_Paul_Ricard_-_1A_la
teral_diag.png
  [OK] Created:
test_results/lmuffb_log_2026-04-06_00-33-45_Unknown_Hypercar_Paul_Ricard_-_1A_lo
ngitudinal_diag.png
  [OK] Created:
test_results/lmuffb_log_2026-04-06_00-33-45_Unknown_Hypercar_Paul_Ricard_-_1A_ra
w_telemetry.png
  [OK] Created:
test_results/lmuffb_log_2026-04-06_00-33-45_Unknown_Hypercar_Paul_Ricard_-_1A_lo
ad_estimation.png
  [OK] Created:
test_results/lmuffb_log_2026-04-06_00-33-45_Unknown_Hypercar_Paul_Ricard_-_1A_gr
ip_estimation.png
  [OK] Created:
test_results/lmuffb_log_2026-04-06_00-33-45_Unknown_Hypercar_Paul_Ricard_-_1A_tr
ue_tire_curve.png

  [OK] Created:
test_results/lmuffb_log_2026-04-06_00-33-45_Unknown_Hypercar_Paul_Ricard_-_1A_re
port.txt

Processing: lmuffb_log_2026-04-06_00-41-06_Unknown_Hypercar_Paul_Ricard_-_1A.bin
╭──────────────────────── Log File Info ────────────────────────╮
│ Session Information                                           │
│                                                               │
│ Driver: Auto                                                  │
│ Vehicle: Genesis Magma Racing 2026 #17:WEC (Unknown Hypercar) │
│ Track: Paul Ricard - 1A                                       │
│ Duration: 672.0 seconds                                       │
│ Frames: 30535                                                 │
│ App Version: 0.7.275                                          │
╰───────────────────────────────────────────────────────────────╯
            Slope Detection Analysis
┏━━━━━━━━━━━━━━━━━━━━┳━━━━━━━━━━━━━━━┳━━━━━━━━━━┓
┃ Metric             ┃ Value         ┃ Status   ┃
┡━━━━━━━━━━━━━━━━━━━━╇━━━━━━━━━━━━━━━╇━━━━━━━━━━┩
│ Slope Std Dev      │ 9.73          │ HIGH     │
│ Slope Range        │ -20.0 to 20.0 │ WIDE     │
│ Active %           │ 83.5%         │ OK       │
│ Floor Hits         │ 0.0%          │ OK       │
│ Oscillation Events │ 61            │ MANY     │
│ Singularity Events │ 6942          │ CRITICAL │
│ Worst Singularity  │ 20.0          │ WARN     │
└────────────────────┴───────────────┴──────────┘
Grip Estimation Accuracy (Friction Circle
                Fallback)
┏━━━━━━━━━━━━━━━━━━━━━━┳━━━━━━━┳━━━━━━━━┓
┃ Metric               ┃ Value ┃ Status ┃
┡━━━━━━━━━━━━━━━━━━━━━━╇━━━━━━━╇━━━━━━━━┩
│ Correlation (r)      │ 0.869 │ OK     │
│ Mean Error (Sliding) │ 0.233 │ INFO   │
│ False Positive Rate  │ 0.2%  │ OK     │
└──────────────────────┴───────┴────────┘
           Yaw & Clipping Analysis
┏━━━━━━━━━━━━━━━━━━━━━━━━━┳━━━━━━━━━┳━━━━━━━━┓
┃ Metric                  ┃ Value   ┃ Status ┃
┡━━━━━━━━━━━━━━━━━━━━━━━━━╇━━━━━━━━━╇━━━━━━━━┩
│ Threshold Crossing Rate │ 0.22 Hz │ OK     │
│ Yaw Kick Contribution   │ 485.1%  │ HIGH   │
│ Total Clipping          │ 0.0%    │ OK     │
└─────────────────────────┴─────────┴────────┘
          Lateral Load Analysis
┏━━━━━━━━━━━━━━━━━━━━━━┳━━━━━━━━┳━━━━━━━━┓
┃ Metric               ┃ Value  ┃ Status ┃
┡━━━━━━━━━━━━━━━━━━━━━━╇━━━━━━━━╇━━━━━━━━┩
│ Load Transfer Corr   │ -0.504 │ LOW    │
│ Load Contribution    │ 62.6%  │ INFO   │
│ G-Force Contribution │ 37.4%  │ INFO   │
└──────────────────────┴────────┴────────┘

Issues Detected:
  • HIGH SLOPE VARIANCE (9.73) - Algorithm may be unstable
  • HIGH SIGNAL NOISE (6.8 Hz) - Slope signal is jittery
  [OK] Created:
test_results/lmuffb_log_2026-04-06_00-41-06_Unknown_Hypercar_Paul_Ricard_-_1A_ti
meseries.png
  [OK] Created:
test_results/lmuffb_log_2026-04-06_00-41-06_Unknown_Hypercar_Paul_Ricard_-_1A_ti
re_curve.png
  [OK] Created:
test_results/lmuffb_log_2026-04-06_00-41-06_Unknown_Hypercar_Paul_Ricard_-_1A_ti
re_curve_longitudinal.png
  [OK] Created:
test_results/lmuffb_log_2026-04-06_00-41-06_Unknown_Hypercar_Paul_Ricard_-_1A_da
lpha_hist.png
  [OK] Created:
test_results/lmuffb_log_2026-04-06_00-41-06_Unknown_Hypercar_Paul_Ricard_-_1A_sl
ope_corr.png
  [OK] Created:
test_results/lmuffb_log_2026-04-06_00-41-06_Unknown_Hypercar_Paul_Ricard_-_1A_ya
w_diag.png
  [OK] Created:
test_results/lmuffb_log_2026-04-06_00-41-06_Unknown_Hypercar_Paul_Ricard_-_1A_he
alth.png
  [OK] Created:
test_results/lmuffb_log_2026-04-06_00-41-06_Unknown_Hypercar_Paul_Ricard_-_1A_ya
w_fft.png
  [OK] Created:
test_results/lmuffb_log_2026-04-06_00-41-06_Unknown_Hypercar_Paul_Ricard_-_1A_ya
w_thrashing.png
  [OK] Created:
test_results/lmuffb_log_2026-04-06_00-41-06_Unknown_Hypercar_Paul_Ricard_-_1A_su
sp_corr.png
  [OK] Created:
test_results/lmuffb_log_2026-04-06_00-41-06_Unknown_Hypercar_Paul_Ricard_-_1A_bo
ttoming.png
  [OK] Created:
test_results/lmuffb_log_2026-04-06_00-41-06_Unknown_Hypercar_Paul_Ricard_-_1A_cl
ipping.png
  [OK] Created:
test_results/lmuffb_log_2026-04-06_00-41-06_Unknown_Hypercar_Paul_Ricard_-_1A_pu
ll_detector.png
  [OK] Created:
test_results/lmuffb_log_2026-04-06_00-41-06_Unknown_Hypercar_Paul_Ricard_-_1A_un
opposed.png
  [OK] Created:
test_results/lmuffb_log_2026-04-06_00-41-06_Unknown_Hypercar_Paul_Ricard_-_1A_la
teral_diag.png
  [OK] Created:
test_results/lmuffb_log_2026-04-06_00-41-06_Unknown_Hypercar_Paul_Ricard_-_1A_lo
ngitudinal_diag.png
  [OK] Created:
test_results/lmuffb_log_2026-04-06_00-41-06_Unknown_Hypercar_Paul_Ricard_-_1A_ra
w_telemetry.png
  [OK] Created:
test_results/lmuffb_log_2026-04-06_00-41-06_Unknown_Hypercar_Paul_Ricard_-_1A_lo
ad_estimation.png
  [OK] Created:
test_results/lmuffb_log_2026-04-06_00-41-06_Unknown_Hypercar_Paul_Ricard_-_1A_gr
ip_estimation.png
  [OK] Created:
test_results/lmuffb_log_2026-04-06_00-41-06_Unknown_Hypercar_Paul_Ricard_-_1A_tr
ue_tire_curve.png

  [OK] Created:
test_results/lmuffb_log_2026-04-06_00-41-06_Unknown_Hypercar_Paul_Ricard_-_1A_re
port.txt

Processing: lmuffb_log_2026-04-06_02-02-49_Unknown_Hypercar_Paul_Ricard_-_1A.bin
╭──────────────────────── Log File Info ────────────────────────╮
│ Session Information                                           │
│                                                               │
│ Driver: Auto                                                  │
│ Vehicle: Genesis Magma Racing 2026 #17:WEC (Unknown Hypercar) │
│ Track: Paul Ricard - 1A                                       │
│ Duration: 139.9 seconds                                       │
│ Frames: 9409                                                  │
│ App Version: 0.7.275                                          │
╰───────────────────────────────────────────────────────────────╯
            Slope Detection Analysis
┏━━━━━━━━━━━━━━━━━━━━┳━━━━━━━━━━━━━━━┳━━━━━━━━━━┓
┃ Metric             ┃ Value         ┃ Status   ┃
┡━━━━━━━━━━━━━━━━━━━━╇━━━━━━━━━━━━━━━╇━━━━━━━━━━┩
│ Slope Std Dev      │ 11.06         │ HIGH     │
│ Slope Range        │ -20.0 to 20.0 │ WIDE     │
│ Active %           │ 34.0%         │ OK       │
│ Floor Hits         │ 0.0%          │ OK       │
│ Oscillation Events │ 29            │ MANY     │
│ Singularity Events │ 3545          │ CRITICAL │
│ Worst Singularity  │ 20.0          │ WARN     │
└────────────────────┴───────────────┴──────────┘
Grip Estimation Accuracy (Friction Circle
                Fallback)
┏━━━━━━━━━━━━━━━━━━━━━━┳━━━━━━━┳━━━━━━━━┓
┃ Metric               ┃ Value ┃ Status ┃
┡━━━━━━━━━━━━━━━━━━━━━━╇━━━━━━━╇━━━━━━━━┩
│ Correlation (r)      │ 0.666 │ LOW    │
│ Mean Error (Sliding) │ 0.199 │ INFO   │
│ False Positive Rate  │ 0.0%  │ OK     │
└──────────────────────┴───────┴────────┘
           Yaw & Clipping Analysis
┏━━━━━━━━━━━━━━━━━━━━━━━━━┳━━━━━━━━━┳━━━━━━━━┓
┃ Metric                  ┃ Value   ┃ Status ┃
┡━━━━━━━━━━━━━━━━━━━━━━━━━╇━━━━━━━━━╇━━━━━━━━┩
│ Threshold Crossing Rate │ 0.04 Hz │ OK     │
│ Yaw Kick Contribution   │ 389.6%  │ HIGH   │
│ Total Clipping          │ 0.0%    │ OK     │
└─────────────────────────┴─────────┴────────┘
          Lateral Load Analysis
┏━━━━━━━━━━━━━━━━━━━━━━┳━━━━━━━━┳━━━━━━━━┓
┃ Metric               ┃ Value  ┃ Status ┃
┡━━━━━━━━━━━━━━━━━━━━━━╇━━━━━━━━╇━━━━━━━━┩
│ Load Transfer Corr   │ -0.586 │ LOW    │
│ Load Contribution    │ 69.4%  │ INFO   │
│ G-Force Contribution │ 30.6%  │ INFO   │
└──────────────────────┴────────┴────────┘

Issues Detected:
  • HIGH SLOPE VARIANCE (11.06) - Algorithm may be unstable
  • HIGH SIGNAL NOISE (13.1 Hz) - Slope signal is jittery
  [OK] Created:
test_results/lmuffb_log_2026-04-06_02-02-49_Unknown_Hypercar_Paul_Ricard_-_1A_ti
meseries.png
  [OK] Created:
test_results/lmuffb_log_2026-04-06_02-02-49_Unknown_Hypercar_Paul_Ricard_-_1A_ti
re_curve.png
  [OK] Created:
test_results/lmuffb_log_2026-04-06_02-02-49_Unknown_Hypercar_Paul_Ricard_-_1A_ti
re_curve_longitudinal.png
  [OK] Created:
test_results/lmuffb_log_2026-04-06_02-02-49_Unknown_Hypercar_Paul_Ricard_-_1A_da
lpha_hist.png
  [OK] Created:
test_results/lmuffb_log_2026-04-06_02-02-49_Unknown_Hypercar_Paul_Ricard_-_1A_sl
ope_corr.png
  [OK] Created:
test_results/lmuffb_log_2026-04-06_02-02-49_Unknown_Hypercar_Paul_Ricard_-_1A_ya
w_diag.png
  [OK] Created:
test_results/lmuffb_log_2026-04-06_02-02-49_Unknown_Hypercar_Paul_Ricard_-_1A_he
alth.png
  [OK] Created:
test_results/lmuffb_log_2026-04-06_02-02-49_Unknown_Hypercar_Paul_Ricard_-_1A_ya
w_fft.png
  [OK] Created:
test_results/lmuffb_log_2026-04-06_02-02-49_Unknown_Hypercar_Paul_Ricard_-_1A_ya
w_thrashing.png
  [OK] Created:
test_results/lmuffb_log_2026-04-06_02-02-49_Unknown_Hypercar_Paul_Ricard_-_1A_su
sp_corr.png
  [OK] Created:
test_results/lmuffb_log_2026-04-06_02-02-49_Unknown_Hypercar_Paul_Ricard_-_1A_bo
ttoming.png
  [SKIP] Clipping Components
  [OK] Created:
test_results/lmuffb_log_2026-04-06_02-02-49_Unknown_Hypercar_Paul_Ricard_-_1A_pu
ll_detector.png
  [OK] Created:
test_results/lmuffb_log_2026-04-06_02-02-49_Unknown_Hypercar_Paul_Ricard_-_1A_un
opposed.png
  [OK] Created:
test_results/lmuffb_log_2026-04-06_02-02-49_Unknown_Hypercar_Paul_Ricard_-_1A_la
teral_diag.png
  [OK] Created:
test_results/lmuffb_log_2026-04-06_02-02-49_Unknown_Hypercar_Paul_Ricard_-_1A_lo
ngitudinal_diag.png
  [OK] Created:
test_results/lmuffb_log_2026-04-06_02-02-49_Unknown_Hypercar_Paul_Ricard_-_1A_ra
w_telemetry.png
  [OK] Created:
test_results/lmuffb_log_2026-04-06_02-02-49_Unknown_Hypercar_Paul_Ricard_-_1A_lo
ad_estimation.png
  [OK] Created:
test_results/lmuffb_log_2026-04-06_02-02-49_Unknown_Hypercar_Paul_Ricard_-_1A_gr
ip_estimation.png
  [OK] Created:
test_results/lmuffb_log_2026-04-06_02-02-49_Unknown_Hypercar_Paul_Ricard_-_1A_tr
ue_tire_curve.png

  [OK] Created:
test_results/lmuffb_log_2026-04-06_02-02-49_Unknown_Hypercar_Paul_Ricard_-_1A_re
port.txt

Processing:
lmuffb_log_2026-04-06_02-50-13_Unknown_Hypercar_Circuit_de_Barcelona.bin
╭──────────────────────── Log File Info ────────────────────────╮
│ Session Information                                           │
│                                                               │
│ Driver: Auto                                                  │
│ Vehicle: Genesis Magma Racing 2026 #17:WEC (Unknown Hypercar) │
│ Track: Circuit de Barcelona                                   │
│ Duration: 5451.6 seconds                                      │
│ Frames: 64861                                                 │
│ App Version: 0.7.275                                          │
╰───────────────────────────────────────────────────────────────╯
            Slope Detection Analysis
┏━━━━━━━━━━━━━━━━━━━━┳━━━━━━━━━━━━━━━┳━━━━━━━━━━┓
┃ Metric             ┃ Value         ┃ Status   ┃
┡━━━━━━━━━━━━━━━━━━━━╇━━━━━━━━━━━━━━━╇━━━━━━━━━━┩
│ Slope Std Dev      │ 12.81         │ HIGH     │
│ Slope Range        │ -20.0 to 20.0 │ WIDE     │
│ Active %           │ 54.1%         │ OK       │
│ Floor Hits         │ 0.0%          │ OK       │
│ Oscillation Events │ 216           │ MANY     │
│ Singularity Events │ 21580         │ CRITICAL │
│ Worst Singularity  │ 20.0          │ WARN     │
└────────────────────┴───────────────┴──────────┘
Grip Estimation Accuracy (Friction Circle
                Fallback)
┏━━━━━━━━━━━━━━━━━━━━━━┳━━━━━━━┳━━━━━━━━┓
┃ Metric               ┃ Value ┃ Status ┃
┡━━━━━━━━━━━━━━━━━━━━━━╇━━━━━━━╇━━━━━━━━┩
│ Correlation (r)      │ 0.705 │ LOW    │
│ Mean Error (Sliding) │ 0.320 │ INFO   │
│ False Positive Rate  │ 0.0%  │ OK     │
└──────────────────────┴───────┴────────┘
           Yaw & Clipping Analysis
┏━━━━━━━━━━━━━━━━━━━━━━━━━┳━━━━━━━━━┳━━━━━━━━┓
┃ Metric                  ┃ Value   ┃ Status ┃
┡━━━━━━━━━━━━━━━━━━━━━━━━━╇━━━━━━━━━╇━━━━━━━━┩
│ Threshold Crossing Rate │ 2.73 Hz │ OK     │
│ Yaw Kick Contribution   │ 520.1%  │ HIGH   │
│ Total Clipping          │ 0.6%    │ OK     │
└─────────────────────────┴─────────┴────────┘
          Lateral Load Analysis
┏━━━━━━━━━━━━━━━━━━━━━━┳━━━━━━━━┳━━━━━━━━┓
┃ Metric               ┃ Value  ┃ Status ┃
┡━━━━━━━━━━━━━━━━━━━━━━╇━━━━━━━━╇━━━━━━━━┩
│ Load Transfer Corr   │ -0.913 │ LOW    │
│ Load Contribution    │ 47.4%  │ INFO   │
│ G-Force Contribution │ 52.6%  │ INFO   │
└──────────────────────┴────────┴────────┘

Issues Detected:
  • HIGH SLOPE VARIANCE (12.81) - Algorithm may be unstable
  • LOW GRIP ON STRAIGHTS (0.76) - Slope stuck at negative
  • HIGH SIGNAL NOISE (9.9 Hz) - Slope signal is jittery
  [OK] Created:
test_results/lmuffb_log_2026-04-06_02-50-13_Unknown_Hypercar_Circuit_de_Barcelon
a_timeseries.png
  [OK] Created:
test_results/lmuffb_log_2026-04-06_02-50-13_Unknown_Hypercar_Circuit_de_Barcelon
a_tire_curve.png
  [OK] Created:
test_results/lmuffb_log_2026-04-06_02-50-13_Unknown_Hypercar_Circuit_de_Barcelon
a_tire_curve_longitudinal.png
  [OK] Created:
test_results/lmuffb_log_2026-04-06_02-50-13_Unknown_Hypercar_Circuit_de_Barcelon
a_dalpha_hist.png
  [OK] Created:
test_results/lmuffb_log_2026-04-06_02-50-13_Unknown_Hypercar_Circuit_de_Barcelon
a_slope_corr.png
  [OK] Created:
test_results/lmuffb_log_2026-04-06_02-50-13_Unknown_Hypercar_Circuit_de_Barcelon
a_yaw_diag.png
  [OK] Created:
test_results/lmuffb_log_2026-04-06_02-50-13_Unknown_Hypercar_Circuit_de_Barcelon
a_health.png
  [OK] Created:
test_results/lmuffb_log_2026-04-06_02-50-13_Unknown_Hypercar_Circuit_de_Barcelon
a_yaw_fft.png
  [OK] Created:
test_results/lmuffb_log_2026-04-06_02-50-13_Unknown_Hypercar_Circuit_de_Barcelon
a_yaw_thrashing.png
  [OK] Created:
test_results/lmuffb_log_2026-04-06_02-50-13_Unknown_Hypercar_Circuit_de_Barcelon
a_susp_corr.png
  [OK] Created:
test_results/lmuffb_log_2026-04-06_02-50-13_Unknown_Hypercar_Circuit_de_Barcelon
a_bottoming.png
  [OK] Created:
test_results/lmuffb_log_2026-04-06_02-50-13_Unknown_Hypercar_Circuit_de_Barcelon
a_clipping.png
  [OK] Created:
test_results/lmuffb_log_2026-04-06_02-50-13_Unknown_Hypercar_Circuit_de_Barcelon
a_pull_detector.png
  [OK] Created:
test_results/lmuffb_log_2026-04-06_02-50-13_Unknown_Hypercar_Circuit_de_Barcelon
a_unopposed.png
  [OK] Created:
test_results/lmuffb_log_2026-04-06_02-50-13_Unknown_Hypercar_Circuit_de_Barcelon
a_lateral_diag.png
  [OK] Created:
test_results/lmuffb_log_2026-04-06_02-50-13_Unknown_Hypercar_Circuit_de_Barcelon
a_longitudinal_diag.png
  [OK] Created:
test_results/lmuffb_log_2026-04-06_02-50-13_Unknown_Hypercar_Circuit_de_Barcelon
a_raw_telemetry.png
  [OK] Created:
test_results/lmuffb_log_2026-04-06_02-50-13_Unknown_Hypercar_Circuit_de_Barcelon
a_load_estimation.png
  [OK] Created:
test_results/lmuffb_log_2026-04-06_02-50-13_Unknown_Hypercar_Circuit_de_Barcelon
a_grip_estimation.png
  [OK] Created:
test_results/lmuffb_log_2026-04-06_02-50-13_Unknown_Hypercar_Circuit_de_Barcelon
a_true_tire_curve.png

  [OK] Created:
test_results/lmuffb_log_2026-04-06_02-50-13_Unknown_Hypercar_Circuit_de_Barcelon
a_report.txt

Processing:
lmuffb_log_2026-04-06_03-04-17_Unknown_Hypercar_Circuit_de_Barcelona.bin
╭──────────────────────── Log File Info ────────────────────────╮
│ Session Information                                           │
│                                                               │
│ Driver: Auto                                                  │
│ Vehicle: Genesis Magma Racing 2026 #17:WEC (Unknown Hypercar) │
│ Track: Circuit de Barcelona                                   │
│ Duration: 986.5 seconds                                       │
│ Frames: 195033                                                │
│ App Version: 0.7.275                                          │
╰───────────────────────────────────────────────────────────────╯
            Slope Detection Analysis
┏━━━━━━━━━━━━━━━━━━━━┳━━━━━━━━━━━━━━━┳━━━━━━━━━━┓
┃ Metric             ┃ Value         ┃ Status   ┃
┡━━━━━━━━━━━━━━━━━━━━╇━━━━━━━━━━━━━━━╇━━━━━━━━━━┩
│ Slope Std Dev      │ 13.60         │ HIGH     │
│ Slope Range        │ -20.0 to 20.0 │ WIDE     │
│ Active %           │ 58.8%         │ OK       │
│ Floor Hits         │ 0.0%          │ OK       │
│ Oscillation Events │ 715           │ MANY     │
│ Singularity Events │ 76459         │ CRITICAL │
│ Worst Singularity  │ 20.0          │ WARN     │
└────────────────────┴───────────────┴──────────┘
Grip Estimation Accuracy (Friction Circle
                Fallback)
┏━━━━━━━━━━━━━━━━━━━━━━┳━━━━━━━┳━━━━━━━━┓
┃ Metric               ┃ Value ┃ Status ┃
┡━━━━━━━━━━━━━━━━━━━━━━╇━━━━━━━╇━━━━━━━━┩
│ Correlation (r)      │ 0.653 │ LOW    │
│ Mean Error (Sliding) │ 0.371 │ INFO   │
│ False Positive Rate  │ 0.1%  │ OK     │
└──────────────────────┴───────┴────────┘
           Yaw & Clipping Analysis
┏━━━━━━━━━━━━━━━━━━━━━━━━━┳━━━━━━━━━┳━━━━━━━━┓
┃ Metric                  ┃ Value   ┃ Status ┃
┡━━━━━━━━━━━━━━━━━━━━━━━━━╇━━━━━━━━━╇━━━━━━━━┩
│ Threshold Crossing Rate │ 3.53 Hz │ OK     │
│ Yaw Kick Contribution   │ 296.7%  │ HIGH   │
│ Total Clipping          │ 0.8%    │ OK     │
└─────────────────────────┴─────────┴────────┘
          Lateral Load Analysis
┏━━━━━━━━━━━━━━━━━━━━━━┳━━━━━━━━┳━━━━━━━━┓
┃ Metric               ┃ Value  ┃ Status ┃
┡━━━━━━━━━━━━━━━━━━━━━━╇━━━━━━━━╇━━━━━━━━┩
│ Load Transfer Corr   │ -0.890 │ LOW    │
│ Load Contribution    │ 44.0%  │ INFO   │
│ G-Force Contribution │ 56.0%  │ INFO   │
└──────────────────────┴────────┴────────┘

Issues Detected:
  • HIGH SLOPE VARIANCE (13.60) - Algorithm may be unstable
  • LOW GRIP ON STRAIGHTS (0.78) - Slope stuck at negative
  • HIGH SIGNAL NOISE (9.3 Hz) - Slope signal is jittery
  • POOR GRIP CORRELATION (0.52) - Slope detection is not matching game physics.
  [OK] Created:
test_results/lmuffb_log_2026-04-06_03-04-17_Unknown_Hypercar_Circuit_de_Barcelon
a_timeseries.png
  [OK] Created:
test_results/lmuffb_log_2026-04-06_03-04-17_Unknown_Hypercar_Circuit_de_Barcelon
a_tire_curve.png
  [OK] Created:
test_results/lmuffb_log_2026-04-06_03-04-17_Unknown_Hypercar_Circuit_de_Barcelon
a_tire_curve_longitudinal.png
  [OK] Created:
test_results/lmuffb_log_2026-04-06_03-04-17_Unknown_Hypercar_Circuit_de_Barcelon
a_dalpha_hist.png
  [OK] Created:
test_results/lmuffb_log_2026-04-06_03-04-17_Unknown_Hypercar_Circuit_de_Barcelon
a_slope_corr.png
  [OK] Created:
test_results/lmuffb_log_2026-04-06_03-04-17_Unknown_Hypercar_Circuit_de_Barcelon
a_yaw_diag.png
  [OK] Created:
test_results/lmuffb_log_2026-04-06_03-04-17_Unknown_Hypercar_Circuit_de_Barcelon
a_health.png
  [OK] Created:
test_results/lmuffb_log_2026-04-06_03-04-17_Unknown_Hypercar_Circuit_de_Barcelon
a_yaw_fft.png
  [OK] Created:
test_results/lmuffb_log_2026-04-06_03-04-17_Unknown_Hypercar_Circuit_de_Barcelon
a_yaw_thrashing.png
  [OK] Created:
test_results/lmuffb_log_2026-04-06_03-04-17_Unknown_Hypercar_Circuit_de_Barcelon
a_susp_corr.png
  [OK] Created:
test_results/lmuffb_log_2026-04-06_03-04-17_Unknown_Hypercar_Circuit_de_Barcelon
a_bottoming.png
  [OK] Created:
test_results/lmuffb_log_2026-04-06_03-04-17_Unknown_Hypercar_Circuit_de_Barcelon
a_clipping.png
  [OK] Created:
test_results/lmuffb_log_2026-04-06_03-04-17_Unknown_Hypercar_Circuit_de_Barcelon
a_pull_detector.png
  [OK] Created:
test_results/lmuffb_log_2026-04-06_03-04-17_Unknown_Hypercar_Circuit_de_Barcelon
a_unopposed.png
  [OK] Created:
test_results/lmuffb_log_2026-04-06_03-04-17_Unknown_Hypercar_Circuit_de_Barcelon
a_lateral_diag.png
  [OK] Created:
test_results/lmuffb_log_2026-04-06_03-04-17_Unknown_Hypercar_Circuit_de_Barcelon
a_longitudinal_diag.png
  [OK] Created:
test_results/lmuffb_log_2026-04-06_03-04-17_Unknown_Hypercar_Circuit_de_Barcelon
a_raw_telemetry.png
  [OK] Created:
test_results/lmuffb_log_2026-04-06_03-04-17_Unknown_Hypercar_Circuit_de_Barcelon
a_load_estimation.png
  [OK] Created:
test_results/lmuffb_log_2026-04-06_03-04-17_Unknown_Hypercar_Circuit_de_Barcelon
a_grip_estimation.png
  [OK] Created:
test_results/lmuffb_log_2026-04-06_03-04-17_Unknown_Hypercar_Circuit_de_Barcelon
a_true_tire_curve.png

  [OK] Created:
test_results/lmuffb_log_2026-04-06_03-04-17_Unknown_Hypercar_Circuit_de_Barcelon
a_report.txt

Batch processing complete! Results saved to: test_results/
