[23:11:53] Logger Initialized. Version: 0.7.276
[23:11:53] Starting lmuFFB (C++ Port)...
[23:11:53] Application Started. Version: 0.7.276
[23:11:53] Mode: GUI
[23:11:53] Logger Initialized. Version: 0.7.276
[23:11:53] Logger re-initialized with user path: logs/
[23:11:53] Window Created: 0000000000020698
[23:11:53] D3D11 Device and Flip-Model Swap Chain Created. Feature Level: 0xB000
[23:11:53] [DI] Initialized.
[23:11:53] [Warning] Legacy rFactor 2 Shared Memory Plugin detected. This may conflict with LMU 1.2 data.
[23:11:53] [Info] Legacy rF2 plugin detected (not a problem for LMU 1.2+)
[23:11:53] [GameConnector] Connected to LMU Shared Memory.
[23:11:53] [GUI] Main Loop Started.
[23:11:53] [FFB] Loop Started.
[23:11:53] [Transition] Event: SME_ENTER (5)
[23:11:53] [Transition] Event: SME_EXIT (16)
[23:11:53] [Transition] Event: SME_STARTUP (16)
[23:11:53] [Transition] Event: SME_SHUTDOWN (16)
[23:11:53] [Transition] Event: SME_LOAD (16)
[23:11:53] [Transition] Event: SME_UNLOAD (16)
[23:11:53] [Transition] Event: SME_START_SESSION (16)
[23:11:53] [Transition] Event: SME_END_SESSION (16)
[23:11:53] [Transition] Event: SME_ENTER_REALTIME (16)
[23:11:53] [Transition] Event: SME_EXIT_REALTIME (16)
[23:11:53] [Transition] Event: SME_INIT_APPLICATION (16)
[23:11:53] [Transition] Event: SME_UNINIT_APPLICATION (16)
[23:11:53] [Transition] OptionsLocation: 255 -> 0 (Main UI)
[23:11:53] [Transition] InRealtime: false -> true
[23:11:53] [Transition] GamePhase: 255 -> 5 (Green Flag)
[23:11:53] [Transition] Session: -1 -> 1 (Practice)
[23:11:53] [Transition] Track: '' -> 'Circuit de Barcelona'
[23:11:53] [Transition] Control: -2 -> 0 (Player)
[23:11:53] [Transition] PitState: 255 -> 5 (Unknown)
[23:11:53] [Transition] Vehicle: '' -> 'Racing Spirit of Léman 2025 #10:LM'
[23:11:53] [Transition] SteeringRange: -1.00 -> 0.00
[23:11:53] [Transition] PlayerHasVehicle: false -> true
[23:11:53] [Transition] NumVehicles: -1 -> 10
[23:11:53] [Metadata] Vehicle Change Detected: 'Racing Spirit of Léman 2025 #10:LM' (Brand: 'Unknown', Class: 'GT3', PitGroup: 'Group10', Filename: '10_25_RSLM3C7CA220')
[23:11:53] [Safety] FFB Muted (Reason: Game/State Mute)
[23:11:53] [WARNING] Invalid PhysicalSteeringWheelRange (<=0) for Racing Spirit of Léman 2025 #10:LM. Soft Lock and Steering UI may be incorrect.
[23:11:53] [Safety] FFB Unmuted
[23:11:53] [Safety] Triggered Safety Window (0.0s). Reason: FFB Unmuted
[23:11:53] [FFB] Latched and saved static loads for Racing Spirit of Léman 2025 #10:LM: F=4750.00N, R=4750.00N
[23:11:53] [DI] Device released by user.
[23:11:53] [DI] Attempting to create device...
[23:11:53] [DI] Setting Data Format...
[23:11:53] [DI] Attempting to set Cooperative Level (Exclusive | Background)...
[23:11:53] [DI] Cooperative Level set to EXCLUSIVE.
[23:11:53] [DI] Acquiring device...
[23:11:53] [DI] Device Acquired in EXCLUSIVE mode.
[23:11:54] [DI] SUCCESS: Physical Device fully initialized and FFB Effect created.
[23:11:54] Warning: Data for mTireLoad from the game seems to be missing for this car (Racing Spirit of Léman 2025 #10:LM). (Likely Encrypted/DLC Content). Using Suspension-based Fallback.
[23:11:54] Warning: Data for mGripFract from the game seems to be missing for this car (Racing Spirit of Léman 2025 #10:LM). (Likely Encrypted/DLC Content). A fallback estimation will be used.
[23:11:54] Warning: Data for mGripFract from the game seems to be missing for this car (Racing Spirit of Léman 2025 #10:LM). (Likely Encrypted/DLC Content). A fallback estimation will be used.
[23:12:34] [Transition] Event: SME_ENTER (4)
[23:12:36] [Transition] Event: SME_ENTER (6)
[23:12:38] [Transition] Event: SME_ENTER (10)
[23:12:38] [Transition] InRealtime: true -> false
[23:12:38] [Diag] De-realtime snapshot: track='Circuit de Barcelona' optionsLoc=0 numVehicles=0 playerHasVehicle=true smUpdateScoring=16
[23:12:38] [Transition] GamePhase: 5 -> 0 (Before Session)
[23:12:38] [Transition] NumVehicles: 10 -> 0
[23:12:38] [Transition] Event: SME_ENTER (15)
[23:12:38] [Transition] Event: SME_EXIT (11)
[23:12:38] [Transition] PlayerHasVehicle: true -> false
[23:12:39] [Transition] Event: SME_EXIT (10)
[23:12:39] [Transition] NumVehicles: 0 -> 1
[23:12:40] [Transition] Event: SME_ENTER (10)
[23:12:40] [Transition] Event: SME_EXIT (16)
[23:12:40] [Transition] NumVehicles: 1 -> 2
[23:12:40] [Transition] NumVehicles: 2 -> 3
[23:12:41] [Transition] NumVehicles: 3 -> 4
[23:12:42] [Transition] NumVehicles: 4 -> 5
[23:12:42] [Transition] NumVehicles: 5 -> 6
[23:12:42] [Transition] NumVehicles: 6 -> 7
[23:12:43] [Transition] NumVehicles: 7 -> 8
[23:12:43] [Transition] NumVehicles: 8 -> 9
[23:12:43] [Transition] Event: SME_ENTER (11)
[23:12:43] [Transition] Event: SME_EXIT (15)
[23:12:44] [Transition] Event: SME_ENTER (15)
[23:12:44] [Transition] Event: SME_EXIT (11)
[23:12:44] [Transition] GamePhase: 0 -> 5 (Green Flag)
[23:12:45] [Transition] Event: SME_EXIT (10)
[23:12:45] [Transition] NumVehicles: 9 -> 10
[23:12:45] [Transition] Event: SME_ENTER (11)
[23:12:45] [Transition] Event: SME_EXIT (15)
[23:12:45] [Transition] Event: SME_ENTER (15)
[23:12:45] [Transition] Event: SME_EXIT (11)
[23:12:46] [Transition] Event: SME_STARTUP (10)
[23:12:46] [Transition] Control: 0 -> 2 (Remote)
[23:12:46] [Transition] PlayerHasVehicle: false -> true
[23:12:46] [Safety] FFB Muted (Reason: Game/State Mute)
[23:12:46] [Safety] mControl Transition: 0 -> 2
[23:12:46] [Safety] Triggered Safety Window (0.0s). Reason: Control Transition
[23:12:46] [Transition] Control: 2 -> 1 (AI)
[23:12:46] [Safety] mControl Transition: 2 -> 1
[23:12:46] [Safety] Triggered Safety Window (0.0s). Reason: Control Transition
[23:12:51] [Transition] Event: SME_STARTUP (10)
[23:12:56] [Transition] Event: SME_STARTUP (10)
[23:13:01] [Transition] Event: SME_STARTUP (10)
[23:13:01] [Transition] Control: 1 -> 2 (Remote)
[23:13:01] [Transition] Vehicle: 'Racing Spirit of Léman 2025 #10:LM' -> 'DKR Engineering #3:ELMS25'
[23:13:01] [Metadata] Vehicle Change Detected: 'DKR Engineering #3:ELMS25' (Brand: 'Oreca', Class: 'LMP2_ELMS', PitGroup: 'Group1', Filename: '3_25_DKR_EA051AD3A')
[23:13:01] [Safety] mControl Transition: 1 -> 2
[23:13:01] [Safety] Triggered Safety Window (0.0s). Reason: Control Transition
[23:13:01] [Transition] Control: 2 -> 1 (AI)
[23:13:01] [Transition] Vehicle: 'DKR Engineering #3:ELMS25' -> 'Racing Spirit of Léman 2025 #10:LM'
[23:13:01] [Transition] NumVehicles: 10 -> 9
[23:13:01] [Metadata] Vehicle Change Detected: 'Racing Spirit of Léman 2025 #10:LM' (Brand: 'Unknown', Class: 'GT3', PitGroup: 'Group10', Filename: '10_25_RSLM3C7CA220')
[23:13:01] [Safety] mControl Transition: 2 -> 1
[23:13:01] [Safety] Triggered Safety Window (0.0s). Reason: Control Transition
[23:13:06] [Transition] Event: SME_STARTUP (10)
[23:13:11] [Transition] Event: SME_STARTUP (10)
[23:13:16] [Transition] Event: SME_STARTUP (10)
[23:13:20] [Transition] Event: SME_EXIT (8)
[23:13:20] [Transition] Event: SME_EXIT (11)
[23:13:20] [Transition] InRealtime: false -> true
[23:13:20] [Transition] Control: 1 -> 0 (Player)
[23:13:20] [Safety] mControl Transition: 1 -> 0
[23:13:20] [Safety] Triggered Safety Window (0.0s). Reason: Control Transition
[23:13:20] [DI ERROR] Failed to update force. Error: The operation cannot be performed unless the device is acquired in DISCL_EXCLUSIVE mode. [CRITICAL: Game has stolen priority! DISABLE IN-GAME FFB] (0x80040205)
[23:13:20]            Active Window: [Window Tracking Disabled]
[23:13:20] [DI] Attempting to promote to Exclusive Mode...
[23:13:20] [DI RECOVERY] Device re-acquired successfully. FFB motor restarted.
[23:13:20] 
========================================
[SUCCESS] Dynamic Promotion Active!
lmuFFB has successfully recovered exclusive
control after detecting a conflict.
This feature will continue to protect your
FFB experience automatically.
========================================

[23:13:21] [Transition] Event: SME_STARTUP (10)
[23:13:23] [Safety] FFB Unmuted
[23:13:23] [Safety] Triggered Safety Window (0.0s). Reason: FFB Unmuted
[23:13:24] Warning: Data for mLateralForce (Front) from the game seems to be missing for this car (Racing Spirit of Léman 2025 #10:LM). (Likely Encrypted/DLC Content). A fallback estimation will be used.
[23:13:24] Warning: Data for mLateralForce (Rear) from the game seems to be missing for this car (Racing Spirit of Léman 2025 #10:LM). (Likely Encrypted/DLC Content). A fallback estimation will be used.
[23:13:26] [Transition] Event: SME_STARTUP (10)
[23:13:31] [Transition] Event: SME_STARTUP (10)
[23:13:37] [Transition] Event: SME_STARTUP (10)
[23:13:42] [Transition] Event: SME_STARTUP (10)
[23:13:43] [Transition] PitState: 5 -> 0 (None)
[23:13:47] [Transition] Event: SME_STARTUP (10)
[23:13:52] [Transition] Event: SME_STARTUP (10)
[23:13:57] [Transition] Event: SME_STARTUP (10)
[23:14:02] [Transition] Event: SME_STARTUP (10)
[23:14:07] [Transition] Event: SME_STARTUP (10)
[23:14:12] [Transition] Event: SME_STARTUP (10)
[23:14:17] [Transition] Event: SME_STARTUP (10)
[23:14:22] [Transition] Event: SME_STARTUP (10)
[23:14:27] [Transition] Event: SME_STARTUP (10)
[23:14:32] [Transition] Event: SME_STARTUP (10)
[23:14:37] [Transition] Event: SME_STARTUP (10)
[23:14:42] [Transition] Event: SME_STARTUP (10)
[23:14:47] [Transition] Event: SME_STARTUP (10)
[23:14:50] [Transition] Control: 0 -> 2 (Remote)
[23:14:50] [Transition] PitState: 0 -> 5 (Unknown)
[23:14:50] [Transition] Vehicle: 'Racing Spirit of Léman 2025 #10:LM' -> 'DKR Engineering #3:ELMS25'
[23:14:50] [Metadata] Vehicle Change Detected: 'DKR Engineering #3:ELMS25' (Brand: 'Oreca', Class: 'LMP2_ELMS', PitGroup: 'Group1', Filename: '3_25_DKR_EA051AD3A')
[23:14:50] [Safety] FFB Muted (Reason: Game/State Mute)
[23:14:50] [Safety] mControl Transition: 0 -> 2
[23:14:50] [Safety] Triggered Safety Window (0.0s). Reason: Control Transition
[23:14:50] [Transition] Control: 2 -> 0 (Player)
[23:14:50] [Transition] PitState: 5 -> 0 (None)
[23:14:50] [Transition] Vehicle: 'DKR Engineering #3:ELMS25' -> 'Racing Spirit of Léman 2025 #10:LM'
[23:14:50] [Transition] NumVehicles: 9 -> 8
[23:14:50] [Metadata] Vehicle Change Detected: 'Racing Spirit of Léman 2025 #10:LM' (Brand: 'Unknown', Class: 'GT3', PitGroup: 'Group10', Filename: '10_25_RSLM3C7CA220')
[23:14:50] [Safety] FFB Unmuted
[23:14:50] [Safety] Triggered Safety Window (0.0s). Reason: FFB Unmuted
[23:14:50] [Safety] mControl Transition: 2 -> 0
[23:14:50] [Safety] Triggered Safety Window (0.0s). Reason: Control Transition
[23:14:52] [Transition] Event: SME_STARTUP (10)
[23:14:57] [Transition] Event: SME_STARTUP (10)
[23:15:02] [Transition] Event: SME_STARTUP (10)
[23:15:07] [Transition] Event: SME_STARTUP (10)
[23:15:12] [Transition] Event: SME_STARTUP (10)
[23:15:17] [Transition] Event: SME_STARTUP (10)
[23:15:22] [Transition] Event: SME_STARTUP (10)
[23:15:27] [Transition] Event: SME_STARTUP (10)
[23:15:32] [Transition] Event: SME_STARTUP (10)
[23:15:37] [Transition] Event: SME_STARTUP (10)
[23:15:42] [Transition] Event: SME_STARTUP (10)
[23:15:46] [Transition] Control: 0 -> 2 (Remote)
[23:15:46] [Transition] PitState: 0 -> 5 (Unknown)
[23:15:46] [Transition] Vehicle: 'Racing Spirit of Léman 2025 #10:LM' -> 'DKR Engineering #3:ELMS25'
[23:15:46] [Metadata] Vehicle Change Detected: 'DKR Engineering #3:ELMS25' (Brand: 'Oreca', Class: 'LMP2_ELMS', PitGroup: 'Group1', Filename: '3_25_DKR_EA051AD3A')
[23:15:46] [Safety] FFB Muted (Reason: Game/State Mute)
[23:15:46] [Safety] mControl Transition: 0 -> 2
[23:15:46] [Safety] Triggered Safety Window (0.0s). Reason: Control Transition
[23:15:46] [Transition] Control: 2 -> 0 (Player)
[23:15:46] [Transition] PitState: 5 -> 0 (None)
[23:15:46] [Transition] Vehicle: 'DKR Engineering #3:ELMS25' -> 'Racing Spirit of Léman 2025 #10:LM'
[23:15:46] [Transition] NumVehicles: 8 -> 7
[23:15:46] [Metadata] Vehicle Change Detected: 'Racing Spirit of Léman 2025 #10:LM' (Brand: 'Unknown', Class: 'GT3', PitGroup: 'Group10', Filename: '10_25_RSLM3C7CA220')
[23:15:46] [Safety] FFB Unmuted
[23:15:46] [Safety] Triggered Safety Window (0.0s). Reason: FFB Unmuted
[23:15:46] [Safety] mControl Transition: 2 -> 0
[23:15:46] [Safety] Triggered Safety Window (0.0s). Reason: Control Transition
[23:15:47] [Transition] Event: SME_STARTUP (10)
[23:15:52] [Transition] Event: SME_STARTUP (10)
[23:15:57] [Transition] Event: SME_STARTUP (10)
[23:16:02] [Transition] Event: SME_STARTUP (10)
[23:16:07] [Transition] Event: SME_STARTUP (16)
[23:16:12] [Transition] Event: SME_STARTUP (10)
[23:16:17] [Transition] Event: SME_STARTUP (10)
[23:16:18] [Transition] Event: SME_EXIT (10)
[23:16:18] [Transition] NumVehicles: 7 -> 8
[23:16:18] [Transition] Event: SME_EXIT (11)
[23:16:22] [Transition] Event: SME_STARTUP (10)
[23:16:27] [Transition] Event: SME_STARTUP (10)
[23:16:32] [Transition] Event: SME_STARTUP (10)
[23:16:37] [Transition] Event: SME_STARTUP (16)
[23:16:42] [Transition] Event: SME_STARTUP (16)
[23:16:47] [Transition] Event: SME_STARTUP (16)
[23:16:52] [Transition] Event: SME_STARTUP (16)
[23:16:57] [Transition] Event: SME_STARTUP (10)
[23:17:02] [Transition] Event: SME_STARTUP (16)
[23:17:08] [Transition] Event: SME_STARTUP (10)
[23:17:13] [Transition] Event: SME_STARTUP (16)
[23:17:18] [Transition] Event: SME_STARTUP (16)
[23:17:23] [Transition] Event: SME_STARTUP (10)
[23:17:28] [Transition] Event: SME_STARTUP (16)
[23:17:33] [Transition] Event: SME_STARTUP (10)
[23:17:38] [Transition] Event: SME_STARTUP (16)
[23:17:43] [Transition] Event: SME_STARTUP (16)
[23:17:48] [Transition] Event: SME_STARTUP (16)
[23:17:53] [Transition] Event: SME_STARTUP (16)
[23:17:58] [Transition] Event: SME_STARTUP (10)
[23:18:03] [Transition] Event: SME_STARTUP (10)
[23:18:08] [Transition] Event: SME_STARTUP (16)
[23:18:13] [Transition] Event: SME_STARTUP (16)
[23:18:18] [Transition] Event: SME_STARTUP (10)
[23:18:23] [Transition] Event: SME_STARTUP (10)
[23:18:27] [Transition] Control: 0 -> 2 (Remote)
[23:18:27] [Transition] PitState: 0 -> 5 (Unknown)
[23:18:27] [Transition] Vehicle: 'Racing Spirit of Léman 2025 #10:LM' -> 'DKR Engineering #3:ELMS25'
[23:18:27] [Metadata] Vehicle Change Detected: 'DKR Engineering #3:ELMS25' (Brand: 'Oreca', Class: 'LMP2_ELMS', PitGroup: 'Group1', Filename: '3_25_DKR_EA051AD3A')
[23:18:27] [Safety] FFB Muted (Reason: Game/State Mute)
[23:18:27] [Safety] mControl Transition: 0 -> 2
[23:18:27] [Safety] Triggered Safety Window (0.0s). Reason: Control Transition
[23:18:27] [Transition] Control: 2 -> 0 (Player)
[23:18:27] [Transition] PitState: 5 -> 0 (None)
[23:18:27] [Transition] Vehicle: 'DKR Engineering #3:ELMS25' -> 'Racing Spirit of Léman 2025 #10:LM'
[23:18:27] [Transition] NumVehicles: 8 -> 7
[23:18:27] [Metadata] Vehicle Change Detected: 'Racing Spirit of Léman 2025 #10:LM' (Brand: 'Unknown', Class: 'GT3', PitGroup: 'Group10', Filename: '10_25_RSLM3C7CA220')
[23:18:27] [Safety] FFB Unmuted
[23:18:27] [Safety] Triggered Safety Window (0.0s). Reason: FFB Unmuted
[23:18:27] [Safety] mControl Transition: 2 -> 0
[23:18:27] [Safety] Triggered Safety Window (0.0s). Reason: Control Transition
[23:18:28] [Transition] Event: SME_STARTUP (10)
[23:18:33] [Transition] Event: SME_STARTUP (10)
[23:18:38] [Transition] Event: SME_STARTUP (16)
[23:18:44] [Transition] Event: SME_STARTUP (10)
[23:18:49] [Transition] Event: SME_STARTUP (16)
[23:18:54] [Transition] Event: SME_STARTUP (10)
[23:18:59] [Transition] Event: SME_STARTUP (16)
[23:19:04] [Transition] Event: SME_STARTUP (16)
[23:19:09] [Transition] Event: SME_STARTUP (10)
[23:19:14] [Transition] Event: SME_STARTUP (16)
[23:19:19] [Transition] Event: SME_STARTUP (16)
[23:19:24] [Transition] Event: SME_STARTUP (10)
[23:19:29] [Transition] Event: SME_STARTUP (16)
[23:19:34] [Transition] Event: SME_STARTUP (16)
[23:19:39] [Transition] Event: SME_STARTUP (10)
[23:19:44] [Transition] Event: SME_STARTUP (10)
[23:19:49] [Transition] Event: SME_STARTUP (16)
[23:19:55] [Transition] Event: SME_STARTUP (10)
[23:20:00] [Transition] Event: SME_STARTUP (16)
[23:20:05] [Transition] Event: SME_STARTUP (10)
[23:20:10] [Transition] Event: SME_STARTUP (16)
[23:20:15] [Transition] Event: SME_STARTUP (16)
[23:20:20] [Transition] Event: SME_STARTUP (10)
[23:20:25] [Transition] Event: SME_STARTUP (16)
[23:20:30] [Transition] Event: SME_STARTUP (10)
[23:20:35] [Transition] Event: SME_STARTUP (10)
[23:20:40] [Transition] Event: SME_STARTUP (16)
[23:20:45] [Transition] Event: SME_STARTUP (16)
[23:20:50] [Transition] Event: SME_STARTUP (10)
[23:20:55] [Transition] Event: SME_STARTUP (10)
[23:21:00] [Transition] Event: SME_STARTUP (16)
[23:21:06] [Transition] Event: SME_STARTUP (10)
[23:21:11] [Transition] Event: SME_STARTUP (10)
[23:21:16] [Transition] Event: SME_STARTUP (16)
[23:21:21] [Transition] Event: SME_STARTUP (16)
[23:21:26] [Transition] Event: SME_STARTUP (10)
[23:21:31] [Transition] Event: SME_STARTUP (16)
[23:21:36] [Transition] Event: SME_STARTUP (16)
[23:21:41] [Transition] Event: SME_STARTUP (10)
[23:21:46] [Transition] Event: SME_STARTUP (16)
[23:21:51] [Transition] Event: SME_STARTUP (10)
[23:21:56] [Transition] Event: SME_STARTUP (16)
[23:22:01] [Transition] Event: SME_STARTUP (10)
[23:22:06] [Transition] Event: SME_STARTUP (16)
[23:22:11] [Transition] Event: SME_STARTUP (16)
[23:22:17] [Transition] Event: SME_STARTUP (10)
[23:22:22] [Transition] Event: SME_STARTUP (16)
[23:22:27] [Transition] Event: SME_STARTUP (16)
[23:22:32] [Transition] Event: SME_STARTUP (16)
[23:22:37] [Transition] Event: SME_STARTUP (10)
[23:22:42] [Transition] Event: SME_STARTUP (16)
[23:22:47] [Transition] Event: SME_STARTUP (16)
[23:22:52] [Transition] Event: SME_STARTUP (10)
[23:22:57] [Transition] Event: SME_STARTUP (10)
[23:23:02] [Transition] Event: SME_STARTUP (16)
[23:23:07] [Transition] Event: SME_STARTUP (10)
[23:23:12] [Transition] Event: SME_STARTUP (16)
[23:23:17] [Transition] Event: SME_STARTUP (16)
[23:23:22] [Transition] Event: SME_STARTUP (10)
[23:23:27] [Transition] Event: SME_STARTUP (10)
[23:23:32] [Transition] Event: SME_STARTUP (16)
[23:23:37] [Transition] Event: SME_STARTUP (16)
[23:23:43] [Transition] Event: SME_STARTUP (10)
[23:23:43] [Transition] Event: SME_ENTER (9)
[23:23:43] [Transition] Event: SME_EXIT (16)
[23:23:44] [Transition] Event: SME_ENTER (15)
[23:23:44] [Transition] Event: SME_EXIT (11)
[23:23:44] [DI ERROR] Failed to update force. Error: The operation cannot be performed unless the device is acquired in DISCL_EXCLUSIVE mode. [CRITICAL: Game has stolen priority! DISABLE IN-GAME FFB] (0x80040205)
[23:23:44]            Active Window: [Window Tracking Disabled]
[23:23:44] [DI] Attempting to promote to Exclusive Mode...
[23:23:44] [DI RECOVERY] Device re-acquired successfully. FFB motor restarted.
[23:23:44] [Transition] InRealtime: true -> false
[23:23:44] [Diag] De-realtime snapshot: track='Circuit de Barcelona' optionsLoc=0 numVehicles=7 playerHasVehicle=true smUpdateScoring=16
[23:23:44] [Transition] Control: 0 -> 1 (AI)
[23:23:44] [Transition] PitState: 0 -> 5 (Unknown)
[23:23:44] [Safety] FFB Muted (Reason: Game/State Mute)
[23:23:44] [Safety] mControl Transition: 0 -> 1
[23:23:44] [Safety] Triggered Safety Window (0.0s). Reason: Control Transition
[23:23:48] [Transition] Event: SME_STARTUP (10)
[23:23:50] [Transition] Event: SME_ENTER (14)
[23:23:50] [Transition] Event: SME_EXIT (16)
[23:23:50] [Transition] Event: SME_ENTER (5)
[23:24:33] [FFB] Loop Stopped.
[23:24:33] Shutting down GUI...
[23:24:33] Stopping FFB Thread...
[23:24:33] FFB Thread Stopped.
[23:24:33] [DI] Device released by user.
[23:24:33] Main Loop Ended. Clean Exit.
[23:24:33] [DI] Device released by user.
Logger Shutdown.
