[00:00:29] Logger Initialized. Version: 0.7.276
[00:00:29] Starting lmuFFB (C++ Port)...
[00:00:29] Application Started. Version: 0.7.276
[00:00:29] Mode: GUI
[00:00:29] Logger Initialized. Version: 0.7.276
[00:00:29] Logger re-initialized with user path: logs/
[00:00:29] Window Created: 000000000003070C
[00:00:29] D3D11 Device and Flip-Model Swap Chain Created. Feature Level: 0xB000
[00:00:29] [DI] Initialized.
[00:00:29] [Warning] Legacy rFactor 2 Shared Memory Plugin detected. This may conflict with LMU 1.2 data.
[00:00:29] [Info] Legacy rF2 plugin detected (not a problem for LMU 1.2+)
[00:00:29] [GameConnector] Connected to LMU Shared Memory.
[00:00:29] [GUI] Main Loop Started.
[00:00:29] [FFB] Loop Started.
[00:00:29] [Transition] Event: SME_ENTER (5)
[00:00:29] [Transition] Event: SME_EXIT (16)
[00:00:29] [Transition] Event: SME_STARTUP (16)
[00:00:29] [Transition] Event: SME_SHUTDOWN (16)
[00:00:29] [Transition] Event: SME_LOAD (16)
[00:00:29] [Transition] Event: SME_UNLOAD (16)
[00:00:29] [Transition] Event: SME_START_SESSION (16)
[00:00:29] [Transition] Event: SME_END_SESSION (16)
[00:00:29] [Transition] Event: SME_ENTER_REALTIME (16)
[00:00:29] [Transition] Event: SME_EXIT_REALTIME (16)
[00:00:29] [Transition] Event: SME_INIT_APPLICATION (16)
[00:00:29] [Transition] Event: SME_UNINIT_APPLICATION (16)
[00:00:29] [Transition] OptionsLocation: 255 -> 0 (Main UI)
[00:00:29] [Transition] GamePhase: 255 -> 5 (Green Flag)
[00:00:29] [Transition] Session: -1 -> 1 (Practice)
[00:00:29] [Transition] Track: '' -> 'Circuit de Barcelona'
[00:00:29] [Transition] Control: -2 -> 1 (AI)
[00:00:29] [Transition] PitState: 255 -> 5 (Unknown)
[00:00:29] [Transition] Vehicle: '' -> 'DKR Engineering #4:ELMS25'
[00:00:29] [Transition] SteeringRange: -1.00 -> 0.00
[00:00:29] [Transition] PlayerHasVehicle: false -> true
[00:00:29] [Transition] NumVehicles: -1 -> 8
[00:00:29] [Metadata] Vehicle Change Detected: 'DKR Engineering #4:ELMS25' (Brand: 'Unknown', Class: 'LMP3', PitGroup: 'Group22', Filename: '4_25_DKR_E8E7FBE8C')
[00:00:29] [Safety] FFB Muted (Reason: Game/State Mute)
[00:00:29] [WARNING] Invalid PhysicalSteeringWheelRange (<=0) for DKR Engineering #4:ELMS25. Soft Lock and Steering UI may be incorrect.
[00:00:29] [DI] Device released by user.
[00:00:29] [DI] Attempting to create device...
[00:00:29] [DI] Setting Data Format...
[00:00:29] [DI] Attempting to set Cooperative Level (Exclusive | Background)...
[00:00:29] [DI] Cooperative Level set to EXCLUSIVE.
[00:00:29] [DI] Acquiring device...
[00:00:29] [DI] Device Acquired in EXCLUSIVE mode.
[00:00:29] [DI] SUCCESS: Physical Device fully initialized and FFB Effect created.
[00:01:05] [Transition] Event: SME_ENTER (4)
[00:01:07] [Transition] Event: SME_ENTER (6)
[00:01:08] [Transition] Event: SME_ENTER (10)
[00:01:08] [Transition] GamePhase: 5 -> 0 (Before Session)
[00:01:08] [Transition] NumVehicles: 8 -> 0
[00:01:08] [Transition] Event: SME_ENTER (15)
[00:01:08] [Transition] Event: SME_EXIT (11)
[00:01:08] [Transition] PlayerHasVehicle: true -> false
[00:01:10] [Transition] Event: SME_ENTER (10)
[00:01:10] [Transition] Event: SME_EXIT (16)
[00:01:10] [Transition] NumVehicles: 0 -> 1
[00:01:11] [Transition] NumVehicles: 1 -> 2
[00:01:11] [Transition] NumVehicles: 2 -> 3
[00:01:12] [Transition] NumVehicles: 3 -> 4
[00:01:12] [Transition] Event: SME_ENTER (15)
[00:01:12] [Transition] Event: SME_EXIT (11)
[00:01:12] [Transition] GamePhase: 0 -> 5 (Green Flag)
[00:01:12] [Transition] Event: SME_STARTUP (10)
[00:01:13] [Transition] Event: SME_EXIT (10)
[00:01:13] [Transition] NumVehicles: 4 -> 5
[00:01:13] [Transition] Event: SME_EXIT (11)
[00:01:13] [Transition] Control: 1 -> 2 (Remote)
[00:01:13] [Transition] Vehicle: 'DKR Engineering #4:ELMS25' -> 'Proton Competition #77:ELMS25'
[00:01:13] [Transition] PlayerHasVehicle: false -> true
[00:01:13] [Metadata] Vehicle Change Detected: 'Proton Competition #77:ELMS25' (Brand: 'Porsche', Class: 'LMP2_ELMS', PitGroup: 'Group19', Filename: '77_25_PROTA67EED77')
[00:01:13] [Safety] mControl Transition: 1 -> 2
[00:01:13] [Safety] Triggered Safety Window (0.0s). Reason: Control Transition
[00:01:14] [Transition] Control: 2 -> 1 (AI)
[00:01:14] [Safety] mControl Transition: 2 -> 1
[00:01:14] [Safety] Triggered Safety Window (0.0s). Reason: Control Transition
[00:01:18] [Transition] Event: SME_STARTUP (10)
[00:01:21] [Transition] Event: SME_EXIT (8)
[00:01:21] [Transition] Event: SME_EXIT (11)
[00:01:21] [Transition] InRealtime: false -> true
[00:01:21] [Transition] Control: 1 -> 0 (Player)
[00:01:21] [Safety] mControl Transition: 1 -> 0
[00:01:21] [Safety] Triggered Safety Window (0.0s). Reason: Control Transition
[00:01:21] [DI ERROR] Failed to update force. Error: The operation cannot be performed unless the device is acquired in DISCL_EXCLUSIVE mode. [CRITICAL: Game has stolen priority! DISABLE IN-GAME FFB] (0x80040205)
[00:01:21]            Active Window: [Window Tracking Disabled]
[00:01:21] [DI] Attempting to promote to Exclusive Mode...
[00:01:21] [DI RECOVERY] Device re-acquired successfully. FFB motor restarted.
[00:01:21] 
========================================
[SUCCESS] Dynamic Promotion Active!
lmuFFB has successfully recovered exclusive
control after detecting a conflict.
This feature will continue to protect your
FFB experience automatically.
========================================

[00:01:23] [Transition] Event: SME_STARTUP (10)
[00:01:25] Warning: Data for mTireLoad from the game seems to be missing for this car (Proton Competition #77:ELMS25). (Likely Encrypted/DLC Content). Using Suspension-based Fallback.
[00:01:25] Warning: Data for mGripFract from the game seems to be missing for this car (Proton Competition #77:ELMS25). (Likely Encrypted/DLC Content). A fallback estimation will be used.
[00:01:25] Warning: Data for mGripFract from the game seems to be missing for this car (Proton Competition #77:ELMS25). (Likely Encrypted/DLC Content). A fallback estimation will be used.
[00:01:26] [Safety] FFB Unmuted
[00:01:26] [Safety] Triggered Safety Window (0.0s). Reason: FFB Unmuted
[00:01:26] Warning: Data for mLateralForce (Front) from the game seems to be missing for this car (Proton Competition #77:ELMS25). (Likely Encrypted/DLC Content). A fallback estimation will be used.
[00:01:26] Warning: Data for mLateralForce (Rear) from the game seems to be missing for this car (Proton Competition #77:ELMS25). (Likely Encrypted/DLC Content). A fallback estimation will be used.
[00:01:28] [Transition] Event: SME_STARTUP (10)
[00:01:29] [FFB] Latched and saved static loads for Proton Competition #77:ELMS25: F=3361.01N, R=4772.96N
[00:01:33] [Transition] Event: SME_STARTUP (10)
[00:01:38] [Transition] Event: SME_STARTUP (10)
[00:01:43] [Transition] Event: SME_STARTUP (10)
[00:01:46] [Transition] PitState: 5 -> 0 (None)
[00:01:48] [Transition] Event: SME_STARTUP (10)
[00:01:53] [Transition] Event: SME_STARTUP (10)
[00:01:58] [Transition] Event: SME_STARTUP (10)
[00:02:03] [Transition] Event: SME_STARTUP (10)
[00:02:08] [Transition] Event: SME_STARTUP (10)
[00:02:10] [Transition] Event: SME_ENTER (10)
[00:02:10] [Transition] Event: SME_EXIT (16)
[00:02:10] [Transition] NumVehicles: 5 -> 6
[00:02:10] [Transition] Event: SME_ENTER (15)
[00:02:10] [Transition] Event: SME_EXIT (11)
[00:02:13] [Transition] Event: SME_STARTUP (10)
[00:02:18] [Transition] Event: SME_STARTUP (10)
[00:02:24] [Transition] Event: SME_STARTUP (10)
[00:02:29] [Transition] Event: SME_STARTUP (10)
[00:02:32] [Transition] NumVehicles: 6 -> 5
[00:02:34] [Transition] Event: SME_STARTUP (10)
[00:02:39] [Transition] Event: SME_STARTUP (10)
[00:02:44] [Transition] Event: SME_STARTUP (10)
[00:02:49] [Transition] Event: SME_STARTUP (10)
[00:02:54] [Transition] Event: SME_STARTUP (10)
[00:02:59] [Transition] Event: SME_STARTUP (10)
[00:03:04] [Transition] Event: SME_STARTUP (10)
[00:03:09] [Transition] Event: SME_STARTUP (10)
[00:03:14] [Transition] Event: SME_STARTUP (10)
[00:03:19] [Transition] Event: SME_STARTUP (10)
[00:03:24] [Transition] Event: SME_STARTUP (10)
[00:03:29] [Transition] Event: SME_STARTUP (10)
[00:03:34] [Transition] Event: SME_STARTUP (10)
[00:03:39] [Transition] Event: SME_STARTUP (10)
[00:03:44] [Transition] Event: SME_STARTUP (10)
[00:03:49] [Transition] Event: SME_STARTUP (10)
[00:03:54] [Transition] Event: SME_STARTUP (16)
[00:03:59] [Transition] Event: SME_STARTUP (16)
[00:04:04] [Transition] Event: SME_STARTUP (10)
[00:04:09] [Transition] Event: SME_STARTUP (16)
[00:04:14] [Transition] Event: SME_STARTUP (16)
[00:04:19] [Transition] Event: SME_STARTUP (16)
[00:04:24] [Transition] Event: SME_STARTUP (16)
[00:04:29] [Transition] Event: SME_STARTUP (16)
[00:04:33] [Transition] Control: 0 -> 2 (Remote)
[00:04:33] [Transition] PitState: 0 -> 5 (Unknown)
[00:04:33] [Transition] Vehicle: 'Proton Competition #77:ELMS25' -> 'Team WRT 2024 #46:LM'
[00:04:33] [Metadata] Vehicle Change Detected: 'Team WRT 2024 #46:LM' (Brand: 'Unknown', Class: 'GT3', PitGroup: 'Group22', Filename: '46_24_WRT_C8F1B81C')
[00:04:33] [Safety] FFB Muted (Reason: Game/State Mute)
[00:04:33] [Safety] mControl Transition: 0 -> 2
[00:04:33] [Safety] Triggered Safety Window (0.0s). Reason: Control Transition
[00:04:33] [Transition] Control: 2 -> 0 (Player)
[00:04:33] [Transition] PitState: 5 -> 0 (None)
[00:04:33] [Transition] Vehicle: 'Team WRT 2024 #46:LM' -> 'Proton Competition #77:ELMS25'
[00:04:33] [Transition] NumVehicles: 5 -> 4
[00:04:33] [Metadata] Vehicle Change Detected: 'Proton Competition #77:ELMS25' (Brand: 'Porsche', Class: 'LMP2_ELMS', PitGroup: 'Group19', Filename: '77_25_PROTA67EED77')
[00:04:33] [Safety] FFB Unmuted
[00:04:33] [Safety] Triggered Safety Window (0.0s). Reason: FFB Unmuted
[00:04:33] [Safety] mControl Transition: 2 -> 0
[00:04:33] [Safety] Triggered Safety Window (0.0s). Reason: Control Transition
[00:04:34] [Transition] Event: SME_STARTUP (10)
[00:04:39] [Transition] Event: SME_STARTUP (16)
[00:04:44] [Transition] Event: SME_STARTUP (16)
[00:04:49] [Transition] Event: SME_STARTUP (16)
[00:04:54] [Transition] Event: SME_STARTUP (16)
[00:04:59] [Transition] Event: SME_STARTUP (16)
[00:05:04] [Transition] Event: SME_STARTUP (10)
[00:05:09] [Transition] Event: SME_STARTUP (16)
[00:05:14] [Transition] Event: SME_STARTUP (16)
[00:05:19] [Transition] Event: SME_STARTUP (10)
[00:05:24] [Transition] Event: SME_STARTUP (10)
[00:05:29] [Transition] Event: SME_STARTUP (16)
[00:05:34] [Transition] Event: SME_STARTUP (16)
[00:05:38] [Transition] NumVehicles: 4 -> 5
[00:05:40] [Transition] Event: SME_STARTUP (16)
[00:05:45] [Transition] Event: SME_STARTUP (16)
[00:05:50] [Transition] Event: SME_STARTUP (10)
[00:05:53] [Transition] NumVehicles: 5 -> 4
[00:05:55] [Transition] Event: SME_STARTUP (10)
[00:06:00] [Transition] Event: SME_STARTUP (16)
[00:06:05] [Transition] Event: SME_STARTUP (10)
[00:06:10] [Transition] Event: SME_STARTUP (16)
[00:06:15] [Transition] Event: SME_STARTUP (10)
[00:06:20] [Transition] Event: SME_STARTUP (16)
[00:06:25] [Transition] Event: SME_STARTUP (10)
[00:06:30] [Transition] Event: SME_STARTUP (10)
[00:06:35] [Transition] Event: SME_STARTUP (16)
[00:06:40] [Transition] Event: SME_STARTUP (16)
[00:06:44] [Transition] Control: 0 -> 2 (Remote)
[00:06:44] [Transition] PitState: 0 -> 5 (Unknown)
[00:06:44] [Transition] Vehicle: 'Proton Competition #77:ELMS25' -> 'Vista AF Corse 2025 #21:LM'
[00:06:44] [Metadata] Vehicle Change Detected: 'Vista AF Corse 2025 #21:LM' (Brand: 'Unknown', Class: 'GT3', PitGroup: 'Group51', Filename: '21_25_AFCO72EE38BF')
[00:06:44] [Safety] FFB Muted (Reason: Game/State Mute)
[00:06:44] [Safety] mControl Transition: 0 -> 2
[00:06:44] [Safety] Triggered Safety Window (0.0s). Reason: Control Transition
[00:06:44] [Transition] Control: 2 -> 0 (Player)
[00:06:44] [Transition] PitState: 5 -> 0 (None)
[00:06:44] [Transition] Vehicle: 'Vista AF Corse 2025 #21:LM' -> 'Proton Competition #77:ELMS25'
[00:06:44] [Transition] NumVehicles: 4 -> 3
[00:06:44] [Metadata] Vehicle Change Detected: 'Proton Competition #77:ELMS25' (Brand: 'Porsche', Class: 'LMP2_ELMS', PitGroup: 'Group19', Filename: '77_25_PROTA67EED77')
[00:06:44] [Safety] FFB Unmuted
[00:06:44] [Safety] Triggered Safety Window (0.0s). Reason: FFB Unmuted
[00:06:44] [Safety] mControl Transition: 2 -> 0
[00:06:44] [Safety] Triggered Safety Window (0.0s). Reason: Control Transition
[00:06:45] [Transition] Event: SME_STARTUP (16)
[00:06:51] [Transition] Event: SME_STARTUP (10)
[00:06:56] [Transition] Event: SME_STARTUP (16)
[00:07:01] [Transition] Event: SME_STARTUP (16)
[00:07:06] [Transition] Event: SME_STARTUP (10)
[00:07:11] [Transition] Event: SME_STARTUP (16)
[00:07:16] [Transition] Event: SME_STARTUP (16)
[00:07:21] [Transition] Event: SME_STARTUP (10)
[00:07:26] [Transition] Event: SME_STARTUP (16)
[00:07:31] [Transition] Event: SME_STARTUP (16)
[00:07:36] [Transition] Event: SME_STARTUP (10)
[00:07:41] [Transition] Event: SME_STARTUP (16)
[00:07:46] [Transition] Event: SME_STARTUP (10)
[00:07:51] [Transition] Event: SME_STARTUP (16)
[00:07:57] [Transition] Event: SME_STARTUP (10)
[00:08:02] [Transition] Event: SME_STARTUP (10)
[00:08:07] [Transition] Event: SME_STARTUP (16)
[00:08:12] [Transition] Event: SME_STARTUP (10)
[00:08:17] [Transition] Event: SME_STARTUP (10)
[00:08:22] [Transition] Event: SME_STARTUP (10)
[00:08:27] [Transition] Event: SME_STARTUP (16)
[00:08:32] [Transition] Event: SME_STARTUP (16)
[00:08:37] [Transition] Event: SME_STARTUP (16)
[00:08:42] [Transition] Event: SME_STARTUP (10)
[00:08:47] [Transition] Event: SME_STARTUP (16)
[00:08:52] [Transition] Event: SME_STARTUP (10)
[00:08:57] [Transition] Event: SME_STARTUP (10)
[00:09:02] [Transition] Event: SME_STARTUP (10)
[00:09:07] [Transition] Event: SME_STARTUP (16)
[00:09:12] [Transition] Event: SME_STARTUP (16)
[00:09:17] [Transition] Event: SME_STARTUP (16)
[00:09:22] [Transition] Event: SME_STARTUP (16)
[00:09:27] [Transition] Event: SME_STARTUP (10)
[00:09:32] [Transition] Event: SME_STARTUP (16)
[00:09:37] [Transition] Event: SME_STARTUP (16)
[00:09:42] [Transition] Event: SME_STARTUP (16)
[00:09:48] [Transition] Event: SME_STARTUP (10)
[00:09:53] [Transition] Event: SME_STARTUP (16)
[00:09:58] [Transition] Event: SME_STARTUP (16)
[00:09:59] [Transition] Event: SME_ENTER (9)
[00:09:59] [Transition] Event: SME_EXIT (16)
[00:10:00] [Transition] Event: SME_ENTER (15)
[00:10:00] [Transition] Event: SME_EXIT (11)
[00:10:00] [Transition] InRealtime: true -> false
[00:10:00] [Diag] De-realtime snapshot: track='Circuit de Barcelona' optionsLoc=0 numVehicles=3 playerHasVehicle=true smUpdateScoring=16
[00:10:00] [Transition] Control: 0 -> 1 (AI)
[00:10:00] [Transition] PitState: 0 -> 5 (Unknown)
[00:10:00] [Safety] FFB Muted (Reason: Game/State Mute)
[00:10:00] [Safety] mControl Transition: 0 -> 1
[00:10:00] [Safety] Triggered Safety Window (0.0s). Reason: Control Transition
[00:10:00] [DI ERROR] Failed to update force. Error: The operation cannot be performed unless the device is acquired in DISCL_EXCLUSIVE mode. [CRITICAL: Game has stolen priority! DISABLE IN-GAME FFB] (0x80040205)
[00:10:00]            Active Window: [Window Tracking Disabled]
[00:10:00] [DI] Attempting to promote to Exclusive Mode...
[00:10:00] [DI RECOVERY] Device re-acquired successfully. FFB motor restarted.
[00:10:03] [Transition] Event: SME_STARTUP (10)
[00:10:04] [Transition] Event: SME_ENTER (7)
[00:10:04] [Transition] Event: SME_EXIT (16)
[00:10:04] [Transition] Event: SME_ENTER (14)
[00:10:04] [Transition] Event: SME_ENTER (5)
[00:14:15] [FFB] Loop Stopped.
[00:14:15] Shutting down GUI...
[00:14:15] Stopping FFB Thread...
[00:14:15] FFB Thread Stopped.
[00:14:15] [DI] Device released by user.
[00:14:15] Main Loop Ended. Clean Exit.
[00:14:15] [DI] Device released by user.
Logger Shutdown.
