[02:02:38] Logger Initialized. Version: 0.7.275
[02:02:38] Starting lmuFFB (C++ Port)...
[02:02:38] Application Started. Version: 0.7.275
[02:02:38] Mode: GUI
[02:02:38] Logger Initialized. Version: 0.7.275
[02:02:38] Logger re-initialized with user path: logs/
[02:02:39] Window Created: 000000000021095A
[02:02:39] D3D11 Device and Flip-Model Swap Chain Created. Feature Level: 0xB000
[02:02:39] [DI] Initialized.
[02:02:39] [Warning] Legacy rFactor 2 Shared Memory Plugin detected. This may conflict with LMU 1.2 data.
[02:02:39] [Info] Legacy rF2 plugin detected (not a problem for LMU 1.2+)
[02:02:39] [GameConnector] Connected to LMU Shared Memory.
[02:02:39] [GUI] Main Loop Started.
[02:02:39] [FFB] Loop Started.
[02:02:39] [Transition] Event: SME_ENTER (4)
[02:02:39] [Transition] Event: SME_EXIT (16)
[02:02:39] [Transition] Event: SME_STARTUP (16)
[02:02:39] [Transition] Event: SME_SHUTDOWN (16)
[02:02:39] [Transition] Event: SME_LOAD (16)
[02:02:39] [Transition] Event: SME_UNLOAD (16)
[02:02:39] [Transition] Event: SME_START_SESSION (16)
[02:02:39] [Transition] Event: SME_END_SESSION (16)
[02:02:39] [Transition] Event: SME_ENTER_REALTIME (16)
[02:02:39] [Transition] Event: SME_EXIT_REALTIME (16)
[02:02:39] [Transition] Event: SME_INIT_APPLICATION (16)
[02:02:39] [Transition] Event: SME_UNINIT_APPLICATION (16)
[02:02:39] [Transition] OptionsLocation: 255 -> 0 (Main UI)
[02:02:39] [Transition] GamePhase: 255 -> 0 (Before Session)
[02:02:39] [Transition] Session: -1 -> 0 (Test Day)
[02:02:39] [Transition] NumVehicles: -1 -> 0
[02:02:39] [DI] Device released by user.
[02:02:39] [DI] Attempting to create device...
[02:02:39] [DI] Setting Data Format...
[02:02:39] [DI] Attempting to set Cooperative Level (Exclusive | Background)...
[02:02:39] [DI] Cooperative Level set to EXCLUSIVE.
[02:02:39] [DI] Acquiring device...
[02:02:39] [DI] Device Acquired in EXCLUSIVE mode.
[02:02:39] [DI] SUCCESS: Physical Device fully initialized and FFB Effect created.
[02:02:39] [Transition] Event: SME_ENTER (6)
[02:02:41] [Transition] Event: SME_ENTER (10)
[02:02:41] [Transition] Session: 0 -> 1 (Practice)
[02:02:41] [Transition] Track: '' -> 'Paul Ricard - 1A'
[02:02:41] [Transition] Event: SME_ENTER (11)
[02:02:41] [Transition] Event: SME_EXIT (15)
[02:02:41] [Transition] Event: SME_ENTER (10)
[02:02:41] [Transition] Event: SME_EXIT (16)
[02:02:41] [Transition] NumVehicles: 0 -> 1
[02:02:43] [Transition] NumVehicles: 1 -> 2
[02:02:43] [Transition] NumVehicles: 2 -> 3
[02:02:43] [Transition] Event: SME_ENTER (15)
[02:02:43] [Transition] Event: SME_EXIT (11)
[02:02:44] [Transition] GamePhase: 0 -> 5 (Green Flag)
[02:02:44] [Transition] Event: SME_STARTUP (10)
[02:02:44] [Transition] Event: SME_ENTER (10)
[02:02:44] [Transition] Event: SME_EXIT (16)
[02:02:44] [Transition] NumVehicles: 3 -> 4
[02:02:44] [Transition] Event: SME_ENTER (15)
[02:02:44] [Transition] Event: SME_EXIT (11)
[02:02:45] [Transition] Control: -2 -> 2 (Remote)
[02:02:45] [Transition] PitState: 255 -> 5 (Unknown)
[02:02:45] [Transition] Vehicle: '' -> 'Genesis Magma Racing 2026 #17:WEC'
[02:02:45] [Transition] SteeringRange: -1.00 -> 0.00
[02:02:45] [Transition] PlayerHasVehicle: false -> true
[02:02:45] [Metadata] Vehicle Change Detected: 'Genesis Magma Racing 2026 #17:WEC' (Brand: 'Unknown', Class: 'Hyper', PitGroup: 'Group99', Filename: '17_26_GENE14CD51B0')
[02:02:45] [Safety] FFB Muted (Reason: Game/State Mute)
[02:02:45] [WARNING] Invalid PhysicalSteeringWheelRange (<=0) for Genesis Magma Racing 2026 #17:WEC. Soft Lock and Steering UI may be incorrect.
[02:02:45] [Transition] Control: 2 -> 1 (AI)
[02:02:45] [Safety] mControl Transition: 2 -> 1
[02:02:45] [Safety] Triggered Safety Window (0.0s). Reason: Control Transition
[02:02:49] [Transition] Event: SME_STARTUP (16)
[02:02:49] [Transition] Event: SME_EXIT (8)
[02:02:49] [Transition] Event: SME_ENTER (11)
[02:02:49] [Transition] Event: SME_EXIT (15)
[02:02:49] [Transition] Event: SME_ENTER (15)
[02:02:49] [Transition] Event: SME_EXIT (11)
[02:02:49] [Transition] InRealtime: false -> true
[02:02:49] [Transition] Control: 1 -> 0 (Player)
[02:02:49] [Safety] mControl Transition: 1 -> 0
[02:02:49] [Safety] Triggered Safety Window (0.0s). Reason: Control Transition
[02:02:49] [DI ERROR] Failed to update force. Error: The operation cannot be performed unless the device is acquired in DISCL_EXCLUSIVE mode. [CRITICAL: Game has stolen priority! DISABLE IN-GAME FFB] (0x80040205)
[02:02:49]            Active Window: [Window Tracking Disabled]
[02:02:49] [DI] Attempting to promote to Exclusive Mode...
[02:02:49] [DI RECOVERY] Device re-acquired successfully. FFB motor restarted.
[02:02:49] 
========================================
[SUCCESS] Dynamic Promotion Active!
lmuFFB has successfully recovered exclusive
control after detecting a conflict.
This feature will continue to protect your
FFB experience automatically.
========================================

[02:02:54] Warning: Data for mGripFract from the game seems to be missing for this car (Genesis Magma Racing 2026 #17:WEC). (Likely Encrypted/DLC Content). A fallback estimation will be used.
[02:02:54] [Transition] Event: SME_STARTUP (10)
[02:02:54] [Safety] FFB Unmuted
[02:02:54] [Safety] Triggered Safety Window (0.0s). Reason: FFB Unmuted
[02:02:59] [Transition] Event: SME_STARTUP (10)
[02:03:01] [Transition] Event: SME_ENTER (11)
[02:03:01] [Transition] Event: SME_EXIT (15)
[02:03:01] [Transition] NumVehicles: 4 -> 5
[02:03:01] [Transition] Event: SME_ENTER (15)
[02:03:01] [Transition] Event: SME_EXIT (11)
[02:03:04] [Transition] Event: SME_STARTUP (10)
[02:03:09] [Transition] Event: SME_STARTUP (10)
[02:03:12] [Transition] Event: SME_ENTER (14)
[02:03:12] [Transition] Event: SME_EXIT (16)
[02:03:12] [Transition] Event: SME_ENTER (5)
[02:05:13] [FFB] Normalization state reset. Structural Peak: 13.00 Nm | Load Peak: 9500.00 N
[02:05:32] [Transition] Event: SME_ENTER (4)
[02:05:34] [Transition] Event: SME_ENTER (6)
[02:05:35] [Transition] Event: SME_ENTER (10)
[02:05:35] [Transition] InRealtime: true -> false
[02:05:35] [Diag] De-realtime snapshot: track='Paul Ricard - 1A' optionsLoc=0 numVehicles=0 playerHasVehicle=true smUpdateScoring=16
[02:05:35] [Transition] GamePhase: 5 -> 0 (Before Session)
[02:05:35] [Transition] NumVehicles: 5 -> 0
[02:05:35] [Transition] Event: SME_ENTER (11)
[02:05:35] [Transition] Event: SME_EXIT (15)
[02:05:35] [Transition] Event: SME_STARTUP (10)
[02:05:35] [Transition] PlayerHasVehicle: true -> false
[02:05:35] [Transition] Event: SME_ENTER (15)
[02:05:35] [Transition] Event: SME_EXIT (11)
[02:05:37] [Transition] Event: SME_ENTER (10)
[02:05:37] [Transition] Event: SME_EXIT (16)
[02:05:37] [Transition] NumVehicles: 0 -> 1
[02:05:37] [Transition] NumVehicles: 1 -> 2
[02:05:38] [Transition] NumVehicles: 2 -> 3
[02:05:38] [Transition] NumVehicles: 3 -> 4
[02:05:39] [Transition] Event: SME_ENTER (15)
[02:05:39] [Transition] Event: SME_EXIT (11)
[02:05:39] [Transition] GamePhase: 0 -> 5 (Green Flag)
[02:05:40] [Transition] Event: SME_EXIT (10)
[02:05:40] [Transition] NumVehicles: 4 -> 5
[02:05:40] [Transition] Event: SME_EXIT (11)
[02:05:40] [Transition] Control: 0 -> 1 (AI)
[02:05:40] [Transition] PlayerHasVehicle: false -> true
[02:05:40] [Safety] FFB Muted (Reason: Game/State Mute)
[02:05:40] [Safety] mControl Transition: 0 -> 1
[02:05:40] [Safety] Triggered Safety Window (0.0s). Reason: Control Transition
[02:05:40] [WARNING] Invalid PhysicalSteeringWheelRange (<=0) for Genesis Magma Racing 2026 #17:WEC. Soft Lock and Steering UI may be incorrect.
[02:05:41] [Transition] Event: SME_STARTUP (10)
[02:05:42] [Transition] Event: SME_ENTER (8)
[02:05:42] [Transition] Event: SME_EXIT (16)
[02:05:42] [Transition] Event: SME_ENTER (15)
[02:05:42] [Transition] Event: SME_EXIT (11)
[02:05:42] [Transition] InRealtime: false -> true
[02:05:42] [Transition] Control: 1 -> 0 (Player)
[02:05:42] [Safety] mControl Transition: 1 -> 0
[02:05:42] [Safety] Triggered Safety Window (0.0s). Reason: Control Transition
[02:05:42] [DI ERROR] Failed to update force. Error: The operation cannot be performed unless the device is acquired in DISCL_EXCLUSIVE mode. [CRITICAL: Game has stolen priority! DISABLE IN-GAME FFB] (0x80040205)
[02:05:42]            Active Window: [Window Tracking Disabled]
[02:05:42] [DI] Attempting to promote to Exclusive Mode...
[02:05:42] [DI RECOVERY] Device re-acquired successfully. FFB motor restarted.
[02:05:45] [Safety] FFB Unmuted
[02:05:45] [Safety] Triggered Safety Window (0.0s). Reason: FFB Unmuted
[02:05:46] [Transition] Event: SME_STARTUP (10)
[02:05:51] [Transition] Event: SME_STARTUP (10)
[02:05:56] [Transition] Event: SME_STARTUP (10)
[02:05:57] [Transition] Event: SME_ENTER (11)
[02:05:57] [Transition] Event: SME_EXIT (15)
[02:05:57] [Transition] NumVehicles: 5 -> 6
[02:05:57] [Transition] Event: SME_ENTER (15)
[02:05:57] [Transition] Event: SME_EXIT (11)
[02:06:01] [Transition] Event: SME_STARTUP (16)
[02:06:04] [Transition] Event: SME_ENTER (14)
[02:06:04] [Transition] Event: SME_EXIT (16)
[02:06:04] [Transition] Event: SME_ENTER (5)
[02:06:52] [Transition] Event: SME_ENTER (4)
[02:06:54] [Transition] Event: SME_ENTER (6)
[02:06:55] [Transition] Event: SME_ENTER (10)
[02:06:55] [Transition] InRealtime: true -> false
[02:06:55] [Diag] De-realtime snapshot: track='Paul Ricard - 1A' optionsLoc=0 numVehicles=0 playerHasVehicle=true smUpdateScoring=16
[02:06:55] [Transition] GamePhase: 5 -> 0 (Before Session)
[02:06:55] [Transition] NumVehicles: 6 -> 0
[02:06:55] [Transition] Event: SME_ENTER (11)
[02:06:55] [Transition] Event: SME_EXIT (15)
[02:06:55] [Transition] Event: SME_STARTUP (10)
[02:06:55] [Transition] PlayerHasVehicle: true -> false
[02:06:55] [Transition] Event: SME_ENTER (15)
[02:06:55] [Transition] Event: SME_EXIT (11)
[02:06:57] [Transition] Event: SME_ENTER (10)
[02:06:57] [Transition] Event: SME_EXIT (16)
[02:06:57] [Transition] NumVehicles: 0 -> 1
[02:06:57] [Transition] NumVehicles: 1 -> 2
[02:06:58] [Transition] NumVehicles: 2 -> 3
[02:06:59] [Transition] NumVehicles: 3 -> 4
[02:06:59] [Transition] NumVehicles: 4 -> 5
[02:07:00] [Transition] NumVehicles: 5 -> 6
[02:07:00] [Transition] Event: SME_ENTER (15)
[02:07:00] [Transition] Event: SME_EXIT (11)
[02:07:00] [Transition] Event: SME_STARTUP (10)
[02:07:00] [Transition] GamePhase: 0 -> 5 (Green Flag)
[02:07:01] [Transition] Event: SME_EXIT (10)
[02:07:01] [Transition] NumVehicles: 6 -> 7
[02:07:01] [Transition] Event: SME_EXIT (11)
[02:07:02] [Transition] Control: 0 -> 2 (Remote)
[02:07:02] [Transition] PitState: 5 -> 0 (None)
[02:07:02] [Transition] PlayerHasVehicle: false -> true
[02:07:02] [Safety] FFB Muted (Reason: Game/State Mute)
[02:07:02] [Safety] mControl Transition: 0 -> 2
[02:07:02] [Safety] Triggered Safety Window (0.0s). Reason: Control Transition
[02:07:02] [Transition] Control: 2 -> 1 (AI)
[02:07:02] [Safety] mControl Transition: 2 -> 1
[02:07:02] [Safety] Triggered Safety Window (0.0s). Reason: Control Transition
[02:07:05] [Transition] Event: SME_STARTUP (10)
[02:07:07] [Transition] Event: SME_ENTER (8)
[02:07:07] [Transition] Event: SME_EXIT (16)
[02:07:07] [Transition] Event: SME_ENTER (15)
[02:07:07] [Transition] Event: SME_EXIT (11)
[02:07:07] Warning: Data for mGripFract from the game seems to be missing for this car (Genesis Magma Racing 2026 #17:WEC). (Likely Encrypted/DLC Content). A fallback estimation will be used.
[02:07:07] [Transition] InRealtime: false -> true
[02:07:07] [Transition] Control: 1 -> 0 (Player)
[02:07:07] [Transition] PitState: 0 -> 5 (Unknown)
[02:07:07] [Safety] mControl Transition: 1 -> 0
[02:07:07] [Safety] Triggered Safety Window (0.0s). Reason: Control Transition
[02:07:07] [DI ERROR] Failed to update force. Error: The operation cannot be performed unless the device is acquired in DISCL_EXCLUSIVE mode. [CRITICAL: Game has stolen priority! DISABLE IN-GAME FFB] (0x80040205)
[02:07:07]            Active Window: [Window Tracking Disabled]
[02:07:07] [DI] Attempting to promote to Exclusive Mode...
[02:07:07] [DI RECOVERY] Device re-acquired successfully. FFB motor restarted.
[02:07:10] [Transition] Event: SME_STARTUP (16)
[02:07:11] [Safety] FFB Unmuted
[02:07:11] [Safety] Triggered Safety Window (0.0s). Reason: FFB Unmuted
[02:07:16] [Transition] Event: SME_STARTUP (10)
[02:07:17] [FFB] Latched and saved static loads for Genesis Magma Racing 2026 #17:WEC: F=2648.30N, R=3222.92N
[02:07:21] [Transition] Event: SME_STARTUP (10)
[02:07:26] [Transition] Event: SME_STARTUP (16)
[02:07:31] [Transition] Event: SME_STARTUP (16)
[02:07:36] [Transition] PitState: 5 -> 0 (None)
[02:07:36] [Transition] Event: SME_STARTUP (10)
[02:07:41] [Transition] Event: SME_STARTUP (16)
[02:07:44] [Transition] Control: 0 -> 2 (Remote)
[02:07:44] [Transition] Vehicle: 'Genesis Magma Racing 2026 #17:WEC' -> 'AF Corse 2025 #51:ELMS'
[02:07:44] [Metadata] Vehicle Change Detected: 'AF Corse 2025 #51:ELMS' (Brand: 'Unknown', Class: 'GT3', PitGroup: 'Group34', Filename: '51_25_AFCODD49435F')
[02:07:44] [Safety] FFB Muted (Reason: Game/State Mute)
[02:07:44] [Safety] mControl Transition: 0 -> 2
[02:07:44] [Safety] Triggered Safety Window (0.0s). Reason: Control Transition
[02:07:44] [Transition] Control: 2 -> 0 (Player)
[02:07:44] [Transition] Vehicle: 'AF Corse 2025 #51:ELMS' -> 'Genesis Magma Racing 2026 #17:WEC'
[02:07:44] [Transition] NumVehicles: 7 -> 6
[02:07:44] [Metadata] Vehicle Change Detected: 'Genesis Magma Racing 2026 #17:WEC' (Brand: 'Unknown', Class: 'Hyper', PitGroup: 'Group99', Filename: '17_26_GENE14CD51B0')
[02:07:44] [Safety] FFB Unmuted
[02:07:44] [Safety] Triggered Safety Window (0.0s). Reason: FFB Unmuted
[02:07:44] [Safety] mControl Transition: 2 -> 0
[02:07:44] [Safety] Triggered Safety Window (0.0s). Reason: Control Transition
[02:07:46] [Transition] Event: SME_STARTUP (16)
[02:07:49] [DI ERROR] Failed to update force. Error: The operation cannot be performed unless the device is acquired in DISCL_EXCLUSIVE mode. [CRITICAL: Game has stolen priority! DISABLE IN-GAME FFB] (0x80040205)
[02:07:49]            Active Window: [Window Tracking Disabled]
[02:07:49] [DI] Attempting to promote to Exclusive Mode...
[02:07:49] [DI RECOVERY] Device re-acquired successfully. FFB motor restarted.
[02:07:51] [Transition] Event: SME_STARTUP (10)
[02:07:56] [Transition] Event: SME_STARTUP (10)
[02:08:01] [Transition] Event: SME_STARTUP (16)
[02:08:06] [Transition] Event: SME_STARTUP (16)
[02:08:10] [DI ERROR] Failed to update force. Error: The operation cannot be performed unless the device is acquired in DISCL_EXCLUSIVE mode. [CRITICAL: Game has stolen priority! DISABLE IN-GAME FFB] (0x80040205)
[02:08:10]            Active Window: [Window Tracking Disabled]
[02:08:10] [DI] Attempting to promote to Exclusive Mode...
[02:08:10] [DI RECOVERY] Device re-acquired successfully. FFB motor restarted.
[02:08:11] [Transition] Event: SME_STARTUP (10)
[02:08:16] [Transition] Event: SME_STARTUP (16)
[02:08:21] [Transition] Event: SME_STARTUP (10)
[02:08:23] [DI ERROR] Failed to update force. Error: The operation cannot be performed unless the device is acquired in DISCL_EXCLUSIVE mode. [CRITICAL: Game has stolen priority! DISABLE IN-GAME FFB] (0x80040205)
[02:08:23]            Active Window: [Window Tracking Disabled]
[02:08:23] [DI] Attempting to promote to Exclusive Mode...
[02:08:23] [DI RECOVERY] Device re-acquired successfully. FFB motor restarted.
[02:08:26] [Transition] Event: SME_STARTUP (16)
[02:08:27] [Transition] Event: SME_EXIT (10)
[02:08:27] [Transition] NumVehicles: 6 -> 7
[02:08:27] [Transition] Event: SME_EXIT (11)
[02:08:31] [Transition] Event: SME_STARTUP (16)
[02:08:36] [Config] Applied preset: Simagic Alpha 15 Nm (0404)
[02:08:37] [Transition] Event: SME_STARTUP (10)
[02:08:40] [DI ERROR] Failed to update force. Error: The operation cannot be performed unless the device is acquired in DISCL_EXCLUSIVE mode. [CRITICAL: Game has stolen priority! DISABLE IN-GAME FFB] (0x80040205)
[02:08:40]            Active Window: [Window Tracking Disabled]
[02:08:40] [DI] Attempting to promote to Exclusive Mode...
[02:08:40] [DI RECOVERY] Device re-acquired successfully. FFB motor restarted.
[02:08:42] [Transition] Event: SME_STARTUP (10)
[02:08:47] [Transition] Event: SME_STARTUP (16)
[02:08:49] [DI ERROR] Failed to update force. Error: The operation cannot be performed unless the device is acquired in DISCL_EXCLUSIVE mode. [CRITICAL: Game has stolen priority! DISABLE IN-GAME FFB] (0x80040205)
[02:08:49]            Active Window: [Window Tracking Disabled]
[02:08:49] [DI] Attempting to promote to Exclusive Mode...
[02:08:49] [DI RECOVERY] Device re-acquired successfully. FFB motor restarted.
[02:08:52] [Transition] Event: SME_STARTUP (10)
[02:08:57] [Transition] Event: SME_STARTUP (10)
[02:09:01] [Transition] Event: SME_ENTER (10)
[02:09:01] [Transition] Event: SME_EXIT (16)
[02:09:01] [Transition] NumVehicles: 7 -> 8
[02:09:01] [Transition] Event: SME_ENTER (15)
[02:09:01] [Transition] Event: SME_EXIT (11)
[02:09:02] [Transition] Event: SME_STARTUP (16)
[02:09:02] [DI ERROR] Failed to update force. Error: The operation cannot be performed unless the device is acquired in DISCL_EXCLUSIVE mode. [CRITICAL: Game has stolen priority! DISABLE IN-GAME FFB] (0x80040205)
[02:09:02]            Active Window: [Window Tracking Disabled]
[02:09:02] [DI] Attempting to promote to Exclusive Mode...
[02:09:02] [DI RECOVERY] Device re-acquired successfully. FFB motor restarted.
[02:09:07] [Transition] Event: SME_STARTUP (10)
[02:09:12] [Transition] Event: SME_STARTUP (10)
[02:09:17] [Transition] Event: SME_STARTUP (10)
[02:09:20] [DI ERROR] Failed to update force. Error: The operation cannot be performed unless the device is acquired in DISCL_EXCLUSIVE mode. [CRITICAL: Game has stolen priority! DISABLE IN-GAME FFB] (0x80040205)
[02:09:20]            Active Window: [Window Tracking Disabled]
[02:09:20] [DI] Attempting to promote to Exclusive Mode...
[02:09:20] [DI RECOVERY] Device re-acquired successfully. FFB motor restarted.
[02:09:22] [Transition] Event: SME_STARTUP (10)
[02:09:27] [Transition] Event: SME_STARTUP (16)
[02:09:32] [Transition] Event: SME_STARTUP (16)
[02:09:37] [Transition] Event: SME_STARTUP (10)
[02:09:38] [FFB] Normalization state reset. Structural Peak: 13.00 Nm | Load Peak: 9500.00 N
[02:09:38] [WARNING] Invalid PhysicalSteeringWheelRange (<=0) for Genesis Magma Racing 2026 #17:WEC. Soft Lock and Steering UI may be incorrect.
[02:09:41] [DI ERROR] Failed to update force. Error: The operation cannot be performed unless the device is acquired in DISCL_EXCLUSIVE mode. [CRITICAL: Game has stolen priority! DISABLE IN-GAME FFB] (0x80040205)
[02:09:41]            Active Window: [Window Tracking Disabled]
[02:09:41] [DI] Attempting to promote to Exclusive Mode...
[02:09:41] [DI RECOVERY] Device re-acquired successfully. FFB motor restarted.
[02:09:42] [Transition] Event: SME_STARTUP (16)
[02:09:43] [Transition] Control: 0 -> 2 (Remote)
[02:09:43] [Transition] Vehicle: 'Genesis Magma Racing 2026 #17:WEC' -> 'AF Corse 2025 #51:ELMS'
[02:09:43] [Metadata] Vehicle Change Detected: 'AF Corse 2025 #51:ELMS' (Brand: 'Unknown', Class: 'GT3', PitGroup: 'Group34', Filename: '51_25_AFCODD49435F')
[02:09:43] [Safety] FFB Muted (Reason: Game/State Mute)
[02:09:43] [Safety] mControl Transition: 0 -> 2
[02:09:43] [Safety] Triggered Safety Window (0.0s). Reason: Control Transition
[02:09:43] [Transition] Control: 2 -> 0 (Player)
[02:09:43] [Transition] Vehicle: 'AF Corse 2025 #51:ELMS' -> 'Genesis Magma Racing 2026 #17:WEC'
[02:09:43] [Transition] NumVehicles: 8 -> 7
[02:09:43] [Metadata] Vehicle Change Detected: 'Genesis Magma Racing 2026 #17:WEC' (Brand: 'Unknown', Class: 'Hyper', PitGroup: 'Group99', Filename: '17_26_GENE14CD51B0')
[02:09:43] [Safety] FFB Unmuted
[02:09:43] [Safety] Triggered Safety Window (0.0s). Reason: FFB Unmuted
[02:09:43] [Safety] mControl Transition: 2 -> 0
[02:09:43] [Safety] Triggered Safety Window (0.0s). Reason: Control Transition
[02:09:47] [Transition] Event: SME_STARTUP (16)
[02:09:52] [Transition] Event: SME_STARTUP (10)
[02:09:56] [DI ERROR] Failed to update force. Error: The operation cannot be performed unless the device is acquired in DISCL_EXCLUSIVE mode. [CRITICAL: Game has stolen priority! DISABLE IN-GAME FFB] (0x80040205)
[02:09:56]            Active Window: [Window Tracking Disabled]
[02:09:56] [DI] Attempting to promote to Exclusive Mode...
[02:09:56] [DI RECOVERY] Device re-acquired successfully. FFB motor restarted.
[02:09:57] [Transition] Event: SME_STARTUP (16)
[02:10:02] [Transition] Event: SME_ENTER (11)
[02:10:02] [Transition] Event: SME_EXIT (15)
[02:10:02] [Transition] NumVehicles: 7 -> 8
[02:10:02] [Transition] Event: SME_ENTER (15)
[02:10:02] [Transition] Event: SME_EXIT (11)
[02:10:03] [Transition] Event: SME_STARTUP (10)
[02:10:08] [Transition] Event: SME_STARTUP (16)
[02:10:13] [Transition] Event: SME_STARTUP (10)
[02:10:18] [Transition] Event: SME_STARTUP (10)
[02:10:19] [FFB] Normalization state reset. Structural Peak: 13.00 Nm | Load Peak: 9500.00 N
[02:10:19] [WARNING] Invalid PhysicalSteeringWheelRange (<=0) for Genesis Magma Racing 2026 #17:WEC. Soft Lock and Steering UI may be incorrect.
[02:10:23] [Transition] Event: SME_STARTUP (10)
[02:10:25] [DI ERROR] Failed to update force. Error: The operation cannot be performed unless the device is acquired in DISCL_EXCLUSIVE mode. [CRITICAL: Game has stolen priority! DISABLE IN-GAME FFB] (0x80040205)
[02:10:25]            Active Window: [Window Tracking Disabled]
[02:10:25] [DI] Attempting to promote to Exclusive Mode...
[02:10:25] [DI RECOVERY] Device re-acquired successfully. FFB motor restarted.
[02:10:28] [Transition] Event: SME_STARTUP (16)
[02:10:33] [Transition] Event: SME_STARTUP (16)
[02:10:37] [DI ERROR] Failed to update force. Error: The operation cannot be performed unless the device is acquired in DISCL_EXCLUSIVE mode. [CRITICAL: Game has stolen priority! DISABLE IN-GAME FFB] (0x80040205)
[02:10:37]            Active Window: [Window Tracking Disabled]
[02:10:37] [DI] Attempting to promote to Exclusive Mode...
[02:10:37] [DI RECOVERY] Device re-acquired successfully. FFB motor restarted.
[02:10:38] [Transition] Event: SME_STARTUP (10)
[02:10:40] [Transition] NumVehicles: 8 -> 7
[02:10:43] [Transition] Event: SME_STARTUP (16)
[02:10:46] [FFB] Loop Stopped.
[02:10:46] Shutting down GUI...
[02:10:46] Stopping FFB Thread...
[02:10:46] FFB Thread Stopped.
[02:10:46] [DI] Device released by user.
[02:10:46] Main Loop Ended. Clean Exit.
[02:10:46] [DI] Device released by user.
Logger Shutdown.
