[02:11:09] Logger Initialized. Version: 0.7.275
[02:11:09] Starting lmuFFB (C++ Port)...
[02:11:09] Application Started. Version: 0.7.275
[02:11:09] Mode: GUI
[02:11:09] Logger Initialized. Version: 0.7.275
[02:11:09] Logger re-initialized with user path: logs/
[02:11:09] Window Created: 00000000002503DA
[02:11:09] D3D11 Device and Flip-Model Swap Chain Created. Feature Level: 0xB000
[02:11:09] [DI] Initialized.
[02:11:09] [Warning] Legacy rFactor 2 Shared Memory Plugin detected. This may conflict with LMU 1.2 data.
[02:11:09] [Info] Legacy rF2 plugin detected (not a problem for LMU 1.2+)
[02:11:09] [GameConnector] Connected to LMU Shared Memory.
[02:11:09] [GUI] Main Loop Started.
[02:11:09] [FFB] Loop Started.
[02:11:09] [Transition] Event: SME_ENTER (15)
[02:11:09] [Transition] Event: SME_EXIT (11)
[02:11:09] [Transition] Event: SME_STARTUP (16)
[02:11:09] [Transition] Event: SME_SHUTDOWN (16)
[02:11:09] [Transition] Event: SME_LOAD (16)
[02:11:09] [Transition] Event: SME_UNLOAD (16)
[02:11:09] [Transition] Event: SME_START_SESSION (16)
[02:11:09] [Transition] Event: SME_END_SESSION (16)
[02:11:09] [Transition] Event: SME_ENTER_REALTIME (16)
[02:11:09] [Transition] Event: SME_EXIT_REALTIME (16)
[02:11:09] [Transition] Event: SME_INIT_APPLICATION (16)
[02:11:09] [Transition] Event: SME_UNINIT_APPLICATION (16)
[02:11:09] [Transition] OptionsLocation: 255 -> 0 (Main UI)
[02:11:09] [Transition] GamePhase: 255 -> 5 (Green Flag)
[02:11:09] [Transition] Session: -1 -> 1 (Practice)
[02:11:09] [Transition] Track: '' -> 'Paul Ricard - 1A'
[02:11:09] [Transition] Control: -2 -> 1 (AI)
[02:11:09] [Transition] PitState: 255 -> 5 (Unknown)
[02:11:09] [Transition] Vehicle: '' -> 'Genesis Magma Racing 2026 #17:WEC'
[02:11:09] [Transition] SteeringRange: -1.00 -> 0.00
[02:11:09] [Transition] PlayerHasVehicle: false -> true
[02:11:09] [Transition] NumVehicles: -1 -> 5
[02:11:09] [Metadata] Vehicle Change Detected: 'Genesis Magma Racing 2026 #17:WEC' (Brand: 'Unknown', Class: 'Hyper', PitGroup: 'Group99', Filename: '17_26_GENE14CD51B0')
[02:11:09] [Safety] FFB Muted (Reason: Game/State Mute)
[02:11:09] [WARNING] Invalid PhysicalSteeringWheelRange (<=0) for Genesis Magma Racing 2026 #17:WEC. Soft Lock and Steering UI may be incorrect.
[02:11:09] [DI] Device released by user.
[02:11:09] [DI] Attempting to create device...
[02:11:09] [DI] Setting Data Format...
[02:11:09] [DI] Attempting to set Cooperative Level (Exclusive | Background)...
[02:11:09] [DI] Cooperative Level set to EXCLUSIVE.
[02:11:09] [DI] Acquiring device...
[02:11:09] [DI] Device Acquired in EXCLUSIVE mode.
[02:11:09] [DI] SUCCESS: Physical Device fully initialized and FFB Effect created.
[02:11:13] [Config] Applied preset: Simagic Alpha 15 Nm (0404)
[02:11:14] [Transition] Event: SME_STARTUP (10)
[02:11:19] [Transition] Event: SME_STARTUP (10)
[02:11:22] [Transition] Event: SME_EXIT (8)
[02:11:23] [Transition] Event: SME_ENTER (11)
[02:11:23] [Transition] Event: SME_EXIT (15)
[02:11:23] [Transition] Event: SME_ENTER (15)
[02:11:23] [Transition] Event: SME_EXIT (11)
[02:11:23] [Transition] InRealtime: false -> true
[02:11:23] [Transition] Control: 1 -> 0 (Player)
[02:11:23] [Safety] mControl Transition: 1 -> 0
[02:11:23] [Safety] Triggered Safety Window (0.0s). Reason: Control Transition
[02:11:23] [DI ERROR] Failed to update force. Error: The operation cannot be performed unless the device is acquired in DISCL_EXCLUSIVE mode. [CRITICAL: Game has stolen priority! DISABLE IN-GAME FFB] (0x80040205)
[02:11:23]            Active Window: [Window Tracking Disabled]
[02:11:23] [DI] Attempting to promote to Exclusive Mode...
[02:11:23] [DI RECOVERY] Device re-acquired successfully. FFB motor restarted.
[02:11:23]
========================================
[SUCCESS] Dynamic Promotion Active!
lmuFFB has successfully recovered exclusive
control after detecting a conflict.
This feature will continue to protect your
FFB experience automatically.
========================================

[02:11:24] Warning: Data for mGripFract from the game seems to be missing for this car (Genesis Magma Racing 2026 #17:WEC). (Likely Encrypted/DLC Content). A fallback estimation will be used.
[02:11:24] [Transition] Event: SME_STARTUP (10)
[02:11:25] [Safety] FFB Unmuted
[02:11:25] [Safety] Triggered Safety Window (0.0s). Reason: FFB Unmuted
[02:11:29] [Transition] Event: SME_STARTUP (16)
[02:11:34] [Transition] Event: SME_STARTUP (10)
[02:11:39] [FFB] Normalization state reset. Structural Peak: 13.00 Nm | Load Peak: 9500.00 N
[02:11:39] [WARNING] Invalid PhysicalSteeringWheelRange (<=0) for Genesis Magma Racing 2026 #17:WEC. Soft Lock and Steering UI may be incorrect.
[02:11:39] [Transition] Event: SME_STARTUP (16)
[02:11:43] [DI ERROR] Failed to update force. Error: The operation cannot be performed unless the device is acquired in DISCL_EXCLUSIVE mode. [CRITICAL: Game has stolen priority! DISABLE IN-GAME FFB] (0x80040205)
[02:11:43]            Active Window: [Window Tracking Disabled]
[02:11:43] [DI] Attempting to promote to Exclusive Mode...
[02:11:43] [DI RECOVERY] Device re-acquired successfully. FFB motor restarted.
[02:11:44] [Transition] Event: SME_STARTUP (10)
[02:11:49] [Transition] Event: SME_STARTUP (16)
[02:11:55] [Transition] Event: SME_STARTUP (10)
[02:12:00] [Transition] Event: SME_STARTUP (10)
[02:12:05] [Transition] Event: SME_STARTUP (16)
[02:12:10] [Transition] Event: SME_STARTUP (16)
[02:12:13] [Transition] PitState: 5 -> 0 (None)
[02:12:15] [Transition] Event: SME_STARTUP (10)
[02:12:20] [Transition] Event: SME_STARTUP (16)
[02:12:23] [Transition] Control: 0 -> 2 (Remote)
[02:12:23] [Transition] Vehicle: 'Genesis Magma Racing 2026 #17:WEC' -> '499P Custom Team 2025 #397'
[02:12:23] [Metadata] Vehicle Change Detected: '499P Custom Team 2025 #397' (Brand: 'Ferrari', Class: 'Hyper', PitGroup: 'Group1', Filename: '397_25_499P')
[02:12:23] [Safety] FFB Muted (Reason: Game/State Mute)
[02:12:23] [Safety] mControl Transition: 0 -> 2
[02:12:23] [Safety] Triggered Safety Window (0.0s). Reason: Control Transition
[02:12:23] [Transition] Control: 2 -> 0 (Player)
[02:12:23] [Transition] Vehicle: '499P Custom Team 2025 #397' -> 'Genesis Magma Racing 2026 #17:WEC'
[02:12:23] [Transition] NumVehicles: 5 -> 4
[02:12:23] [Metadata] Vehicle Change Detected: 'Genesis Magma Racing 2026 #17:WEC' (Brand: 'Unknown', Class: 'Hyper', PitGroup: 'Group99', Filename: '17_26_GENE14CD51B0')
[02:12:23] [Safety] FFB Unmuted
[02:12:23] [Safety] Triggered Safety Window (0.0s). Reason: FFB Unmuted
[02:12:23] [Safety] mControl Transition: 2 -> 0
[02:12:23] [Safety] Triggered Safety Window (0.0s). Reason: Control Transition
[02:12:25] [Transition] Event: SME_STARTUP (16)
[02:12:30] [Transition] Event: SME_STARTUP (16)
[02:12:30] [Transition] Event: SME_ENTER (10)
[02:12:30] [Transition] Event: SME_EXIT (16)
[02:12:30] [Transition] NumVehicles: 4 -> 5
[02:12:30] [Transition] Event: SME_ENTER (15)
[02:12:30] [Transition] Event: SME_EXIT (11)
[02:12:35] [Transition] Event: SME_STARTUP (10)
[02:12:40] [Transition] Event: SME_STARTUP (16)
[02:12:45] [Transition] Event: SME_STARTUP (10)
[02:12:50] [Transition] Event: SME_STARTUP (16)
[02:12:53] [DI ERROR] Failed to update force. Error: The operation cannot be performed unless the device is acquired in DISCL_EXCLUSIVE mode. [CRITICAL: Game has stolen priority! DISABLE IN-GAME FFB] (0x80040205)
[02:12:53]            Active Window: [Window Tracking Disabled]
[02:12:53] [DI] Attempting to promote to Exclusive Mode...
[02:12:53] [DI RECOVERY] Device re-acquired successfully. FFB motor restarted.
[02:12:55] [Transition] Event: SME_STARTUP (10)
[02:12:58] [Transition] NumVehicles: 5 -> 4
[02:13:00] [Transition] Event: SME_STARTUP (16)
[02:13:05] [Transition] Event: SME_STARTUP (16)
[02:13:11] [Transition] Event: SME_STARTUP (10)
[02:13:16] [Transition] Event: SME_STARTUP (10)
[02:13:21] [Transition] Event: SME_STARTUP (16)
[02:13:26] [Transition] Event: SME_STARTUP (10)
[02:13:31] [Transition] Event: SME_STARTUP (16)
[02:13:36] [Transition] Event: SME_STARTUP (10)
[02:13:41] [Transition] Event: SME_STARTUP (16)
[02:13:46] [Transition] Event: SME_STARTUP (16)
[02:13:51] [Transition] Event: SME_STARTUP (10)
[02:13:56] [Transition] Event: SME_STARTUP (16)
[02:14:01] [Transition] Event: SME_STARTUP (16)
[02:14:06] [Transition] Event: SME_STARTUP (10)
[02:14:11] [Transition] Event: SME_STARTUP (16)
[02:14:17] [Transition] Event: SME_STARTUP (10)
[02:14:22] [Transition] Event: SME_STARTUP (16)
[02:14:27] [Transition] Event: SME_STARTUP (16)
[02:14:32] [Transition] Event: SME_STARTUP (16)
[02:14:37] [Transition] Event: SME_STARTUP (10)
[02:14:37] Warning: Data for mGripFract from the game seems to be missing for this car (Genesis Magma Racing 2026 #17:WEC). (Likely Encrypted/DLC Content). A fallback estimation will be used.
[02:14:42] [Transition] Event: SME_STARTUP (16)
[02:14:44] [Config] Applied preset: Simagic Alpha 15 Nm (0404)
[02:14:47] [Transition] Event: SME_STARTUP (10)
[02:14:52] [Transition] Event: SME_STARTUP (16)
[02:14:57] [Transition] Event: SME_STARTUP (10)
[02:15:02] [Transition] Event: SME_STARTUP (10)
[02:15:07] [FFB] Normalization state reset. Structural Peak: 13.00 Nm | Load Peak: 9500.00 N
[02:15:07] [WARNING] Invalid PhysicalSteeringWheelRange (<=0) for Genesis Magma Racing 2026 #17:WEC. Soft Lock and Steering UI may be incorrect.
[02:15:07] [Transition] Event: SME_STARTUP (16)
[02:15:08] Warning: Data for mTireLoad from the game seems to be missing for this car (Genesis Magma Racing 2026 #17:WEC). (Likely Encrypted/DLC Content). Using Suspension-based Fallback.
[02:15:12] [Transition] Event: SME_STARTUP (10)
[02:15:17] [Transition] Event: SME_STARTUP (10)
[02:15:22] [Transition] Event: SME_STARTUP (16)
[02:15:23] [Transition] GamePhase: 5 -> 8 (Over)
[02:15:23] [Transition] Event: SME_EXIT (7)
[02:15:23] [Transition] Event: SME_ENTER (14)
[02:15:23] [Transition] Event: SME_EXIT (16)
[02:15:23] [Transition] Event: SME_ENTER (15)
[02:15:23] [Transition] Event: SME_EXIT (11)
[02:15:27] [Transition] Event: SME_STARTUP (16)
[02:15:33] [Transition] Event: SME_STARTUP (10)
[02:15:38] [Transition] Event: SME_STARTUP (16)
[02:15:43] [Transition] Event: SME_STARTUP (16)
[02:15:48] [Transition] Event: SME_STARTUP (16)
[02:15:51] [Config] Applied preset: Simagic Alpha 15 Nm (0404)
[02:15:53] [Transition] Event: SME_STARTUP (10)
[02:15:53] [Transition] InRealtime: true -> false
[02:15:53] [Diag] De-realtime snapshot: track='Paul Ricard - 1A' optionsLoc=0 numVehicles=4 playerHasVehicle=true smUpdateScoring=16
[02:15:53] [Safety] FFB Muted (Reason: Game/State Mute)
[02:15:53] [Transition] Event: SME_EXIT (5)
[02:16:14] [Transition] Event: SME_ENTER (4)
[02:16:14] [Transition] Event: SME_EXIT (16)
[02:16:16] [Transition] Event: SME_ENTER (6)
[02:16:17] [Transition] Event: SME_ENTER (10)
[02:16:17] [Transition] GamePhase: 8 -> 0 (Before Session)
[02:16:17] [Transition] Track: 'Paul Ricard - 1A' -> 'Circuit de Spa-Francorchamps'
[02:16:17] [Transition] NumVehicles: 4 -> 0
[02:16:18] [Transition] Event: SME_ENTER (11)
[02:16:18] [Transition] Event: SME_EXIT (15)
[02:16:18] [Transition] Event: SME_STARTUP (10)
[02:16:18] [Transition] PlayerHasVehicle: true -> false
[02:16:18] [Transition] Event: SME_ENTER (10)
[02:16:18] [Transition] Event: SME_EXIT (16)
[02:16:18] [Transition] NumVehicles: 0 -> 1
[02:16:19] [Transition] NumVehicles: 1 -> 2
[02:16:20] [Transition] NumVehicles: 2 -> 3
[02:16:20] [Transition] NumVehicles: 3 -> 4
[02:16:21] [Transition] NumVehicles: 4 -> 5
[02:16:21] [Transition] NumVehicles: 5 -> 6
[02:16:22] [Transition] NumVehicles: 6 -> 7
[02:16:22] [Transition] NumVehicles: 7 -> 8
[02:16:23] [Transition] NumVehicles: 8 -> 9
[02:16:24] [Transition] NumVehicles: 9 -> 10
[02:16:24] [Transition] NumVehicles: 10 -> 11
[02:16:25] [Transition] NumVehicles: 11 -> 12
[02:16:25] [Transition] Event: SME_ENTER (15)
[02:16:25] [Transition] Event: SME_EXIT (10)
[02:16:25] [Transition] NumVehicles: 12 -> 13
[02:16:26] [Transition] Event: SME_ENTER (10)
[02:16:26] [Transition] Event: SME_EXIT (16)
[02:16:26] [Transition] NumVehicles: 13 -> 14
[02:16:27] [Transition] Event: SME_ENTER (15)
[02:16:27] [Transition] Event: SME_EXIT (10)
[02:16:27] [Transition] NumVehicles: 14 -> 15
[02:16:28] [Transition] NumVehicles: 15 -> 16
[02:16:29] [Transition] Event: SME_EXIT (11)
[02:16:31] [Transition] Event: SME_EXIT (10)
[02:16:31] [Transition] NumVehicles: 16 -> 17
[02:16:33] [Transition] Event: SME_EXIT (11)
[02:16:33] [Transition] Control: 0 -> 2 (Remote)
[02:16:33] [Transition] PitState: 0 -> 5 (Unknown)
[02:16:33] [Transition] PlayerHasVehicle: false -> true
[02:16:33] [Safety] mControl Transition: 0 -> 2
[02:16:33] [Safety] Triggered Safety Window (0.0s). Reason: Control Transition
[02:16:33] [Transition] Event: SME_STARTUP (10)
[02:16:33] [Transition] GamePhase: 0 -> 5 (Green Flag)
[02:16:33] [Transition] Control: 2 -> 1 (AI)
[02:16:33] [Safety] mControl Transition: 2 -> 1
[02:16:33] [Safety] Triggered Safety Window (0.0s). Reason: Control Transition
[02:16:36] [Transition] Event: SME_EXIT (8)
[02:16:36] [Transition] Event: SME_EXIT (11)
[02:16:36] [Transition] InRealtime: false -> true
[02:16:36] [Transition] Control: 1 -> 0 (Player)
[02:16:36] [Safety] mControl Transition: 1 -> 0
[02:16:36] [Safety] Triggered Safety Window (0.0s). Reason: Control Transition
[02:16:36] [DI ERROR] Failed to update force. Error: The operation cannot be performed unless the device is acquired in DISCL_EXCLUSIVE mode. [CRITICAL: Game has stolen priority! DISABLE IN-GAME FFB] (0x80040205)
[02:16:36]            Active Window: [Window Tracking Disabled]
[02:16:36] [DI] Attempting to promote to Exclusive Mode...
[02:16:36] [DI RECOVERY] Device re-acquired successfully. FFB motor restarted.
[02:16:38] [Transition] Event: SME_STARTUP (16)
[02:16:40] [Transition] Event: SME_ENTER (10)
[02:16:40] [Transition] Event: SME_EXIT (16)
[02:16:40] [Transition] NumVehicles: 17 -> 18
[02:16:40] [Transition] Event: SME_ENTER (15)
[02:16:40] [Transition] Event: SME_EXIT (11)
[02:16:41] [Safety] FFB Unmuted
[02:16:41] [Safety] Triggered Safety Window (0.0s). Reason: FFB Unmuted
[02:16:43] [Transition] Event: SME_STARTUP (10)
[02:16:46] [Transition] NumVehicles: 18 -> 19
[02:16:48] [Transition] Event: SME_STARTUP (16)
[02:16:49] [Transition] Control: 0 -> 2 (Remote)
[02:16:49] [Safety] FFB Muted (Reason: Game/State Mute)
[02:16:49] [Safety] mControl Transition: 0 -> 2
[02:16:49] [Safety] Triggered Safety Window (0.0s). Reason: Control Transition
[02:16:49] [Transition] Control: 2 -> 0 (Player)
[02:16:49] [Transition] NumVehicles: 19 -> 18
[02:16:49] [Safety] FFB Unmuted
[02:16:49] [Safety] Triggered Safety Window (0.0s). Reason: FFB Unmuted
[02:16:49] [Safety] mControl Transition: 2 -> 0
[02:16:49] [Safety] Triggered Safety Window (0.0s). Reason: Control Transition
[02:16:53] [Transition] Event: SME_STARTUP (16)
[02:16:58] [Transition] Event: SME_STARTUP (10)
[02:17:03] [Transition] Event: SME_STARTUP (10)
[02:17:08] [Transition] Event: SME_STARTUP (16)
[02:17:10] [Transition] Event: SME_EXIT (10)
[02:17:10] [Transition] NumVehicles: 18 -> 19
[02:17:10] [Transition] Event: SME_EXIT (11)
[02:17:10] [Transition] NumVehicles: 19 -> 20
[02:17:13] [Transition] Event: SME_STARTUP (16)
[02:17:15] [Transition] Event: SME_EXIT (10)
[02:17:15] [Transition] NumVehicles: 20 -> 21
[02:17:15] [Transition] Event: SME_EXIT (11)
[02:17:18] [Transition] Event: SME_STARTUP (16)
[02:17:19] [Transition] PitState: 5 -> 0 (None)
[02:17:22] [Transition] NumVehicles: 21 -> 22
[02:17:24] [Transition] Event: SME_STARTUP (10)
[02:17:29] [Transition] Event: SME_STARTUP (16)
[02:17:34] [Transition] Event: SME_STARTUP (16)
[02:17:39] [Transition] Event: SME_STARTUP (10)
[02:17:44] [Transition] Event: SME_STARTUP (10)
[02:17:49] [Transition] Event: SME_STARTUP (16)
[02:17:54] [Transition] Event: SME_STARTUP (10)
[02:17:59] [Transition] Event: SME_STARTUP (16)
[02:18:04] [Transition] Event: SME_STARTUP (10)
[02:18:09] [Transition] Event: SME_STARTUP (16)
[02:18:14] [Transition] Event: SME_STARTUP (16)
[02:18:19] [Transition] Event: SME_STARTUP (10)
[02:18:20] [Transition] Control: 0 -> 2 (Remote)
[02:18:20] [Safety] FFB Muted (Reason: Game/State Mute)
[02:18:20] [Safety] mControl Transition: 0 -> 2
[02:18:20] [Safety] Triggered Safety Window (0.0s). Reason: Control Transition
[02:18:20] [Transition] Control: 2 -> 0 (Player)
[02:18:20] [Transition] NumVehicles: 22 -> 21
[02:18:20] [Safety] FFB Unmuted
[02:18:20] [Safety] Triggered Safety Window (0.0s). Reason: FFB Unmuted
[02:18:20] [Safety] mControl Transition: 2 -> 0
[02:18:20] [Safety] Triggered Safety Window (0.0s). Reason: Control Transition
[02:18:23] [Transition] NumVehicles: 21 -> 20
[02:18:23] [DI ERROR] Failed to update force. Error: The operation cannot be performed unless the device is acquired in DISCL_EXCLUSIVE mode. [CRITICAL: Game has stolen priority! DISABLE IN-GAME FFB] (0x80040205)
[02:18:23]            Active Window: [Window Tracking Disabled]
[02:18:23] [DI] Attempting to promote to Exclusive Mode...
[02:18:23] [DI RECOVERY] Device re-acquired successfully. FFB motor restarted.
[02:18:24] [Transition] Event: SME_STARTUP (10)
[02:18:27] [Transition] Event: SME_EXIT (9)
[02:18:27] [DI ERROR] Failed to update force. Error: The operation cannot be performed unless the device is acquired in DISCL_EXCLUSIVE mode. [CRITICAL: Game has stolen priority! DISABLE IN-GAME FFB] (0x80040205)
[02:18:27]            Active Window: [Window Tracking Disabled]
[02:18:27] [DI] Attempting to promote to Exclusive Mode...
[02:18:28] [Transition] Event: SME_ENTER (11)
[02:18:28] [Transition] Event: SME_EXIT (15)
[02:18:28] [Transition] Event: SME_ENTER (15)
[02:18:28] [Transition] Event: SME_EXIT (11)
[02:18:28] [Transition] InRealtime: true -> false
[02:18:28] [Diag] De-realtime snapshot: track='Circuit de Spa-Francorchamps' optionsLoc=0 numVehicles=20 playerHasVehicle=true smUpdateScoring=16
[02:18:28] [Transition] Control: 0 -> 1 (AI)
[02:18:28] [Transition] PitState: 0 -> 5 (Unknown)
[02:18:28] [Safety] FFB Muted (Reason: Game/State Mute)
[02:18:28] [Safety] mControl Transition: 0 -> 1
[02:18:28] [Safety] Triggered Safety Window (0.0s). Reason: Control Transition
[02:18:29] [Transition] Event: SME_STARTUP (16)
[02:18:35] [Transition] Event: SME_STARTUP (10)
[02:18:36] [Transition] NumVehicles: 20 -> 21
[02:18:40] [Transition] Event: SME_STARTUP (10)
[02:18:45] [Transition] Event: SME_STARTUP (16)
[02:18:48] [Transition] Event: SME_EXIT (10)
[02:18:48] [Transition] NumVehicles: 21 -> 22
[02:18:48] [Transition] Event: SME_EXIT (11)
[02:18:50] [Transition] Event: SME_STARTUP (16)
[02:18:55] [Transition] Event: SME_STARTUP (10)
[02:18:55] [Transition] Event: SME_EXIT (8)
[02:19:00] [Transition] Event: SME_EXIT (11)
[02:19:00] [Transition] Event: SME_STARTUP (10)
[02:19:00] [Transition] InRealtime: false -> true
[02:19:00] [Transition] Control: 1 -> 0 (Player)
[02:19:00] [Safety] mControl Transition: 1 -> 0
[02:19:00] [Safety] Triggered Safety Window (0.0s). Reason: Control Transition
[02:19:00] [DI ERROR] Failed to update force. Error: The operation cannot be performed unless the device is acquired in DISCL_EXCLUSIVE mode. [CRITICAL: Game has stolen priority! DISABLE IN-GAME FFB] (0x80040205)
[02:19:00]            Active Window: [Window Tracking Disabled]
[02:19:00] [DI] Attempting to promote to Exclusive Mode...
[02:19:00] [DI RECOVERY] Device re-acquired successfully. FFB motor restarted.
[02:19:03] [Transition] NumVehicles: 22 -> 21
[02:19:05] [Transition] Event: SME_STARTUP (10)
[02:19:10] [Transition] Event: SME_STARTUP (10)
[02:19:10] [Transition] Event: SME_ENTER (10)
[02:19:10] [Transition] Event: SME_EXIT (16)
[02:19:10] [Transition] NumVehicles: 21 -> 22
[02:19:10] [Transition] Event: SME_ENTER (15)
[02:19:10] [Transition] Event: SME_EXIT (11)
[02:19:14] [Transition] Event: SME_EXIT (10)
[02:19:14] [Transition] NumVehicles: 22 -> 23
[02:19:14] [Transition] Event: SME_EXIT (11)
[02:19:15] [Transition] Event: SME_STARTUP (16)
[02:19:20] [Transition] Event: SME_STARTUP (16)
[02:19:25] [Transition] Event: SME_STARTUP (10)
[02:19:30] [Transition] Event: SME_STARTUP (16)
[02:19:31] [Transition] Event: SME_ENTER (11)
[02:19:31] [Transition] Event: SME_EXIT (15)
[02:19:31] [Transition] NumVehicles: 23 -> 24
[02:19:31] [Transition] Event: SME_ENTER (15)
[02:19:31] [Transition] Event: SME_EXIT (11)
[02:19:36] [Transition] Event: SME_STARTUP (10)
[02:19:41] [Transition] Event: SME_STARTUP (16)
[02:19:46] [Transition] Event: SME_STARTUP (16)
[02:19:51] [Transition] Event: SME_STARTUP (10)
[02:19:55] [DI ERROR] Failed to update force. Error: The operation cannot be performed unless the device is acquired in DISCL_EXCLUSIVE mode. [CRITICAL: Game has stolen priority! DISABLE IN-GAME FFB] (0x80040205)
[02:19:55]            Active Window: [Window Tracking Disabled]
[02:19:55] [DI] Attempting to promote to Exclusive Mode...
[02:19:55] [DI RECOVERY] Device re-acquired successfully. FFB motor restarted.
[02:19:56] [Transition] Event: SME_STARTUP (16)
[02:19:56] [Safety] FFB Unmuted
[02:19:56] [Safety] Triggered Safety Window (0.0s). Reason: FFB Unmuted
[02:20:01] [Transition] Event: SME_STARTUP (10)
[02:20:06] [Transition] Event: SME_STARTUP (16)
[02:20:09] [Transition] Control: 0 -> 2 (Remote)
[02:20:09] [Transition] PitState: 5 -> 0 (None)
[02:20:09] [Safety] FFB Muted (Reason: Game/State Mute)
[02:20:09] [Safety] mControl Transition: 0 -> 2
[02:20:09] [Safety] Triggered Safety Window (0.0s). Reason: Control Transition
[02:20:09] [Transition] Control: 2 -> 0 (Player)
[02:20:09] [Transition] PitState: 0 -> 5 (Unknown)
[02:20:09] [Transition] NumVehicles: 24 -> 23
[02:20:09] [Safety] FFB Unmuted
[02:20:09] [Safety] Triggered Safety Window (0.0s). Reason: FFB Unmuted
[02:20:09] [Safety] mControl Transition: 2 -> 0
[02:20:09] [Safety] Triggered Safety Window (0.0s). Reason: Control Transition
[02:20:11] [Transition] Event: SME_STARTUP (10)
[02:20:16] [Transition] Event: SME_STARTUP (16)
[02:20:21] [Transition] Event: SME_STARTUP (10)
[02:20:25] [Transition] NumVehicles: 23 -> 22
[02:20:26] [Transition] Event: SME_STARTUP (10)
[02:20:31] [Transition] Event: SME_STARTUP (10)
[02:20:35] [Transition] Event: SME_EXIT (10)
[02:20:35] [Transition] NumVehicles: 22 -> 23
[02:20:35] [Transition] Event: SME_EXIT (11)
[02:20:36] [Transition] Event: SME_STARTUP (16)
[02:20:40] [Transition] PitState: 5 -> 0 (None)
[02:20:41] [Transition] Event: SME_STARTUP (16)
[02:20:42] [Transition] Event: SME_ENTER (10)
[02:20:42] [Transition] Event: SME_EXIT (16)
[02:20:42] [Transition] NumVehicles: 23 -> 24
[02:20:42] [Transition] Event: SME_ENTER (15)
[02:20:42] [Transition] Event: SME_EXIT (11)
[02:20:46] [Transition] Event: SME_STARTUP (16)
[02:20:52] [Transition] Event: SME_STARTUP (10)
[02:20:57] [Transition] Event: SME_STARTUP (10)
[02:21:02] [Transition] Event: SME_STARTUP (16)
[02:21:07] [Transition] Event: SME_STARTUP (10)
[02:21:07] [Transition] Event: SME_EXIT (10)
[02:21:07] [Transition] NumVehicles: 24 -> 25
[02:21:07] [Transition] Event: SME_EXIT (11)
[02:21:11] [Transition] NumVehicles: 25 -> 24
[02:21:11] [Transition] Event: SME_EXIT (10)
[02:21:11] [Transition] NumVehicles: 24 -> 25
[02:21:11] [Transition] Event: SME_EXIT (11)
[02:21:12] [Transition] Event: SME_STARTUP (10)
[02:21:13] [Transition] Event: SME_EXIT (10)
[02:21:13] [Transition] NumVehicles: 25 -> 26
[02:21:13] [Transition] Event: SME_EXIT (11)
[02:21:17] [Transition] Event: SME_STARTUP (10)
[02:21:18] [Transition] Event: SME_EXIT (10)
[02:21:18] [Transition] NumVehicles: 26 -> 27
[02:21:18] [Transition] Event: SME_ENTER (11)
[02:21:18] [Transition] Event: SME_EXIT (15)
[02:21:18] [Transition] Event: SME_ENTER (15)
[02:21:18] [Transition] Event: SME_EXIT (11)
[02:21:19] [Transition] Event: SME_EXIT (10)
[02:21:19] [Transition] NumVehicles: 27 -> 28
[02:21:19] [Transition] Event: SME_EXIT (11)
[02:21:22] [Transition] Event: SME_STARTUP (16)
[02:21:22] [Transition] Control: 0 -> 2 (Remote)
[02:21:22] [Safety] FFB Muted (Reason: Game/State Mute)
[02:21:22] [Safety] mControl Transition: 0 -> 2
[02:21:22] [Safety] Triggered Safety Window (0.0s). Reason: Control Transition
[02:21:22] [Transition] Control: 2 -> 0 (Player)
[02:21:22] [Transition] NumVehicles: 28 -> 27
[02:21:22] [Safety] FFB Unmuted
[02:21:22] [Safety] Triggered Safety Window (0.0s). Reason: FFB Unmuted
[02:21:22] [Safety] mControl Transition: 2 -> 0
[02:21:22] [Safety] Triggered Safety Window (0.0s). Reason: Control Transition
[02:21:27] [Transition] Event: SME_STARTUP (10)
[02:21:32] [Transition] Event: SME_STARTUP (16)
[02:21:37] [Transition] Event: SME_STARTUP (10)
[02:21:38] [Transition] Event: SME_EXIT (10)
[02:21:38] [Transition] NumVehicles: 27 -> 28
[02:21:38] [Transition] Event: SME_EXIT (11)
[02:21:42] [Transition] Event: SME_STARTUP (16)
[02:21:47] [Transition] Event: SME_STARTUP (16)
[02:21:50] [DI ERROR] Failed to update force. Error: The operation cannot be performed unless the device is acquired in DISCL_EXCLUSIVE mode. [CRITICAL: Game has stolen priority! DISABLE IN-GAME FFB] (0x80040205)
[02:21:50]            Active Window: [Window Tracking Disabled]
[02:21:50] [DI] Attempting to promote to Exclusive Mode...
[02:21:50] [DI RECOVERY] Device re-acquired successfully. FFB motor restarted.
[02:21:52] [Transition] Event: SME_EXIT (9)
[02:21:52] [Transition] Event: SME_EXIT (11)
[02:21:52] [DI ERROR] Failed to update force. Error: The operation cannot be performed unless the device is acquired in DISCL_EXCLUSIVE mode. [CRITICAL: Game has stolen priority! DISABLE IN-GAME FFB] (0x80040205)
[02:21:52]            Active Window: [Window Tracking Disabled]
[02:21:52] [DI] Attempting to promote to Exclusive Mode...
[02:21:52] [Transition] InRealtime: true -> false
[02:21:52] [Diag] De-realtime snapshot: track='Circuit de Spa-Francorchamps' optionsLoc=0 numVehicles=28 playerHasVehicle=true smUpdateScoring=16
[02:21:52] [Transition] Control: 0 -> 1 (AI)
[02:21:52] [Transition] PitState: 0 -> 5 (Unknown)
[02:21:52] [Safety] FFB Muted (Reason: Game/State Mute)
[02:21:52] [Safety] mControl Transition: 0 -> 1
[02:21:52] [Safety] Triggered Safety Window (0.0s). Reason: Control Transition
[02:21:52] [Transition] Event: SME_STARTUP (10)
[02:21:54] [Transition] NumVehicles: 28 -> 29
[02:21:56] [Transition] Event: SME_EXIT (10)
[02:21:56] [Transition] NumVehicles: 29 -> 30
[02:21:56] [Transition] Event: SME_EXIT (11)
[02:21:57] [Transition] Event: SME_STARTUP (16)
[02:22:02] [Transition] Event: SME_STARTUP (16)
[02:22:08] [Transition] Event: SME_STARTUP (10)
[02:22:13] [Transition] Event: SME_STARTUP (10)
[02:22:18] [Transition] Event: SME_STARTUP (16)
[02:22:18] [FFB] Normalization state reset. Structural Peak: 13.00 Nm | Load Peak: 9500.00 N
[02:22:18] [WARNING] Invalid PhysicalSteeringWheelRange (<=0) for Genesis Magma Racing 2026 #17:WEC. Soft Lock and Steering UI may be incorrect.
[02:22:23] [Transition] Event: SME_STARTUP (10)
[02:22:28] [Transition] Event: SME_STARTUP (16)
[02:22:33] [Transition] Event: SME_STARTUP (16)
[02:22:38] [Transition] Event: SME_STARTUP (16)
[02:22:43] [Transition] Event: SME_STARTUP (10)
[02:22:48] [Transition] Event: SME_STARTUP (10)
[02:22:51] [Transition] Control: 1 -> 2 (Remote)
[02:22:51] [Transition] PitState: 5 -> 0 (None)
[02:22:51] [Safety] mControl Transition: 1 -> 2
[02:22:51] [Safety] Triggered Safety Window (0.0s). Reason: Control Transition
[02:22:51] [Transition] Control: 2 -> 1 (AI)
[02:22:51] [Transition] PitState: 0 -> 5 (Unknown)
[02:22:51] [Transition] NumVehicles: 30 -> 29
[02:22:51] [Safety] mControl Transition: 2 -> 1
[02:22:51] [Safety] Triggered Safety Window (0.0s). Reason: Control Transition
[02:22:53] [Transition] Event: SME_STARTUP (10)
[02:22:58] [Transition] Event: SME_STARTUP (16)
[02:23:03] [Transition] Event: SME_STARTUP (10)
[02:23:08] [Transition] Event: SME_STARTUP (10)
[02:23:13] [Transition] Event: SME_STARTUP (16)
[02:23:18] [Transition] Event: SME_STARTUP (10)
[02:23:23] [Transition] Event: SME_STARTUP (10)
[02:23:28] [Transition] Event: SME_STARTUP (10)
[02:23:33] [Transition] Event: SME_STARTUP (10)
[02:23:36] [Transition] Event: SME_EXIT (8)
[02:23:43] [Transition] Event: SME_EXIT (11)
[02:23:43] [Transition] Event: SME_STARTUP (10)
[02:23:43] [Transition] InRealtime: false -> true
[02:23:43] [Transition] Control: 1 -> 0 (Player)
[02:23:43] [Safety] mControl Transition: 1 -> 0
[02:23:43] [Safety] Triggered Safety Window (0.0s). Reason: Control Transition
[02:23:43] [DI ERROR] Failed to update force. Error: The operation cannot be performed unless the device is acquired in DISCL_EXCLUSIVE mode. [CRITICAL: Game has stolen priority! DISABLE IN-GAME FFB] (0x80040205)
[02:23:43]            Active Window: [Window Tracking Disabled]
[02:23:43] [DI] Attempting to promote to Exclusive Mode...
[02:23:43] [DI RECOVERY] Device re-acquired successfully. FFB motor restarted.
[02:23:48] [Transition] Event: SME_STARTUP (10)
[02:23:53] [DI ERROR] Failed to update force. Error: The operation cannot be performed unless the device is acquired in DISCL_EXCLUSIVE mode. [CRITICAL: Game has stolen priority! DISABLE IN-GAME FFB] (0x80040205)
[02:23:53]            Active Window: [Window Tracking Disabled]
[02:23:53] [DI] Attempting to promote to Exclusive Mode...
[02:23:53] [DI RECOVERY] Device re-acquired successfully. FFB motor restarted.
[02:23:53] [Transition] Event: SME_STARTUP (10)
[02:23:54] [Safety] FFB Unmuted
[02:23:54] [Safety] Triggered Safety Window (0.0s). Reason: FFB Unmuted
[02:23:58] [Transition] Event: SME_STARTUP (16)
[02:24:04] [Transition] Event: SME_STARTUP (10)
[02:24:09] [Transition] Event: SME_STARTUP (10)
[02:24:11] [Transition] PitState: 5 -> 0 (None)
[02:24:14] [Transition] Event: SME_STARTUP (16)
[02:24:19] [Transition] Event: SME_STARTUP (16)
[02:24:20] [Transition] Control: 0 -> 2 (Remote)
[02:24:20] [Safety] FFB Muted (Reason: Game/State Mute)
[02:24:20] [Safety] mControl Transition: 0 -> 2
[02:24:20] [Safety] Triggered Safety Window (0.0s). Reason: Control Transition
[02:24:20] [Transition] Control: 2 -> 0 (Player)
[02:24:20] [Transition] NumVehicles: 29 -> 28
[02:24:20] [Safety] FFB Unmuted
[02:24:20] [Safety] Triggered Safety Window (0.0s). Reason: FFB Unmuted
[02:24:20] [Safety] mControl Transition: 2 -> 0
[02:24:20] [Safety] Triggered Safety Window (0.0s). Reason: Control Transition
[02:24:24] [Transition] NumVehicles: 28 -> 27
[02:24:24] [Transition] Event: SME_STARTUP (10)
[02:24:29] [Transition] Event: SME_STARTUP (16)
[02:24:34] [Transition] Event: SME_STARTUP (16)
[02:24:39] [Transition] Event: SME_STARTUP (10)
[02:24:44] [Transition] Event: SME_STARTUP (10)
[02:24:49] [Transition] Event: SME_STARTUP (16)
[02:24:50] Warning: Data for mLateralForce (Front) from the game seems to be missing for this car (Genesis Magma Racing 2026 #17:WEC). (Likely Encrypted/DLC Content). A fallback estimation will be used.
[02:24:53] [Transition] Event: SME_EXIT (9)
[02:24:53] [Transition] Event: SME_EXIT (11)
[02:24:53] [Transition] InRealtime: true -> false
[02:24:53] [Diag] De-realtime snapshot: track='Circuit de Spa-Francorchamps' optionsLoc=0 numVehicles=27 playerHasVehicle=true smUpdateScoring=16
[02:24:53] [Transition] Control: 0 -> 1 (AI)
[02:24:53] [Transition] PitState: 0 -> 5 (Unknown)
[02:24:53] [Safety] FFB Muted (Reason: Game/State Mute)
[02:24:53] [Safety] mControl Transition: 0 -> 1
[02:24:53] [Safety] Triggered Safety Window (0.0s). Reason: Control Transition
[02:24:54] [Transition] Event: SME_STARTUP (10)
[02:24:57] [Transition] NumVehicles: 27 -> 26
[02:24:59] [Transition] Event: SME_STARTUP (10)
[02:25:02] [Transition] Control: 1 -> 2 (Remote)
[02:25:02] [Transition] PitState: 5 -> 0 (None)
[02:25:02] [Safety] mControl Transition: 1 -> 2
[02:25:02] [Safety] Triggered Safety Window (0.0s). Reason: Control Transition
[02:25:02] [Transition] Control: 2 -> 1 (AI)
[02:25:02] [Transition] PitState: 0 -> 5 (Unknown)
[02:25:02] [Transition] NumVehicles: 26 -> 25
[02:25:02] [Safety] mControl Transition: 2 -> 1
[02:25:02] [Safety] Triggered Safety Window (0.0s). Reason: Control Transition
[02:25:04] [Transition] Event: SME_STARTUP (16)
[02:25:09] [Transition] Event: SME_STARTUP (10)
[02:25:14] [Transition] Event: SME_STARTUP (10)
[02:25:19] [Transition] Event: SME_STARTUP (16)
[02:25:24] [Transition] Event: SME_STARTUP (16)
[02:25:29] [Transition] Event: SME_STARTUP (16)
[02:25:35] [Transition] Event: SME_STARTUP (10)
[02:25:39] [Transition] Event: SME_EXIT (8)
[02:25:39] [Transition] Event: SME_ENTER (11)
[02:25:39] [Transition] Event: SME_EXIT (15)
[02:25:39] [Transition] Event: SME_ENTER (15)
[02:25:39] [Transition] Event: SME_EXIT (11)
[02:25:39] [Transition] InRealtime: false -> true
[02:25:39] [Transition] Control: 1 -> 0 (Player)
[02:25:39] [Safety] mControl Transition: 1 -> 0
[02:25:39] [Safety] Triggered Safety Window (0.0s). Reason: Control Transition
[02:25:39] [DI ERROR] Failed to update force. Error: The operation cannot be performed unless the device is acquired in DISCL_EXCLUSIVE mode. [CRITICAL: Game has stolen priority! DISABLE IN-GAME FFB] (0x80040205)
[02:25:39]            Active Window: [Window Tracking Disabled]
[02:25:39] [DI] Attempting to promote to Exclusive Mode...
[02:25:39] [DI RECOVERY] Device re-acquired successfully. FFB motor restarted.
[02:25:40] [Transition] Event: SME_STARTUP (10)
[02:25:41] [Safety] FFB Unmuted
[02:25:41] [Safety] Triggered Safety Window (0.0s). Reason: FFB Unmuted
[02:25:45] [Transition] Event: SME_STARTUP (10)
[02:25:47] [Transition] NumVehicles: 25 -> 24
[02:25:50] [Transition] Event: SME_STARTUP (16)
[02:25:55] [Transition] Event: SME_STARTUP (16)
[02:26:00] [Transition] Event: SME_STARTUP (10)
[02:26:01] [Transition] PitState: 5 -> 0 (None)
[02:26:05] [Transition] Event: SME_STARTUP (16)
[02:26:10] [Transition] Event: SME_STARTUP (16)
[02:26:15] [Transition] Event: SME_STARTUP (16)
[02:26:19] [WARNING] mVerticalTireDeflection is missing for car: Genesis Magma Racing 2026 #17:WEC. (Likely Encrypted/DLC Content). Road Texture fallback active.
[02:26:20] [Transition] Event: SME_STARTUP (16)
[02:26:25] [Transition] Event: SME_STARTUP (16)
[02:26:30] [Transition] Event: SME_STARTUP (10)
[02:26:35] [Transition] Event: SME_EXIT (9)
[02:26:35] [Transition] Event: SME_EXIT (11)
[02:26:35] [DI ERROR] Failed to update force. Error: The operation cannot be performed unless the device is acquired in DISCL_EXCLUSIVE mode. [CRITICAL: Game has stolen priority! DISABLE IN-GAME FFB] (0x80040205)
[02:26:35]            Active Window: [Window Tracking Disabled]
[02:26:35] [DI] Attempting to promote to Exclusive Mode...
[02:26:35] [DI RECOVERY] Device re-acquired successfully. FFB motor restarted.
[02:26:35] [Transition] InRealtime: true -> false
[02:26:35] [Diag] De-realtime snapshot: track='Circuit de Spa-Francorchamps' optionsLoc=0 numVehicles=24 playerHasVehicle=true smUpdateScoring=16
[02:26:35] [Transition] Control: 0 -> 1 (AI)
[02:26:35] [Transition] PitState: 0 -> 5 (Unknown)
[02:26:35] [Safety] FFB Muted (Reason: Game/State Mute)
[02:26:35] [Safety] mControl Transition: 0 -> 1
[02:26:35] [Safety] Triggered Safety Window (0.0s). Reason: Control Transition
[02:26:35] [Transition] Event: SME_STARTUP (10)
[02:26:40] [Transition] Event: SME_STARTUP (16)
[02:26:45] [Transition] Event: SME_STARTUP (16)
[02:26:50] [Transition] Event: SME_STARTUP (10)
[02:26:54] [Transition] NumVehicles: 24 -> 23
[02:26:55] [Transition] Event: SME_STARTUP (10)
[02:27:00] [Transition] Event: SME_STARTUP (16)
[02:27:06] [Transition] Event: SME_STARTUP (10)
[02:27:09] [Transition] Event: SME_ENTER (7)
[02:27:09] [Transition] Event: SME_EXIT (16)
[02:27:09] [Transition] Event: SME_ENTER (14)
[02:27:09] [Transition] Event: SME_ENTER (5)
[02:29:37] [Config] Applied preset: Simagic Alpha 15 Nm (0404)
[02:30:24] [Transition] Event: SME_ENTER (4)
[02:30:32] [Transition] Event: SME_ENTER (6)
[02:30:34] [Transition] Event: SME_ENTER (10)
[02:30:34] [Transition] GamePhase: 5 -> 0 (Before Session)
[02:30:34] [Transition] Track: 'Circuit de Spa-Francorchamps' -> 'Circuit de Barcelona'
[02:30:34] [Transition] NumVehicles: 23 -> 0
[02:30:45] [Transition] Event: SME_ENTER (15)
[02:30:45] [Transition] Event: SME_EXIT (11)
[02:30:45] [Transition] PlayerHasVehicle: true -> false
[02:30:47] [Transition] Event: SME_EXIT (10)
[02:30:47] [Transition] NumVehicles: 0 -> 1
[02:30:47] [Transition] Event: SME_ENTER (10)
[02:30:47] [Transition] Event: SME_EXIT (16)
[02:30:47] [Transition] NumVehicles: 1 -> 2
[02:30:47] [Transition] Event: SME_ENTER (15)
[02:30:47] [Transition] Event: SME_EXIT (11)
[02:30:47] [Transition] GamePhase: 0 -> 5 (Green Flag)
[02:30:48] [Transition] Event: SME_STARTUP (10)
[02:30:49] [Transition] Event: SME_ENTER (10)
[02:30:49] [Transition] Event: SME_EXIT (16)
[02:30:49] [Transition] NumVehicles: 2 -> 3
[02:30:49] [Transition] Event: SME_ENTER (15)
[02:30:49] [Transition] Event: SME_EXIT (11)
[02:30:49] [Transition] PlayerHasVehicle: false -> true
[02:30:53] [Transition] Event: SME_STARTUP (10)
[02:30:58] [Transition] Event: SME_STARTUP (10)
[02:31:00] [Transition] Event: SME_EXIT (8)
[02:31:00] [Transition] Event: SME_EXIT (11)
[02:31:00] [Transition] InRealtime: false -> true
[02:31:00] [Transition] Control: 1 -> 0 (Player)
[02:31:00] [Safety] mControl Transition: 1 -> 0
[02:31:00] [Safety] Triggered Safety Window (0.0s). Reason: Control Transition
[02:31:00] [DI ERROR] Failed to update force. Error: The operation cannot be performed unless the device is acquired in DISCL_EXCLUSIVE mode. [CRITICAL: Game has stolen priority! DISABLE IN-GAME FFB] (0x80040205)
[02:31:00]            Active Window: [Window Tracking Disabled]
[02:31:00] [DI] Attempting to promote to Exclusive Mode...
[02:31:00] [DI RECOVERY] Device re-acquired successfully. FFB motor restarted.
[02:31:03] [Transition] Event: SME_STARTUP (10)
[02:31:03] [Safety] FFB Unmuted
[02:31:03] [Safety] Triggered Safety Window (0.0s). Reason: FFB Unmuted
[02:31:08] [Transition] Event: SME_STARTUP (10)
[02:31:13] [Transition] Event: SME_STARTUP (10)
[02:31:18] [Transition] Event: SME_STARTUP (10)
[02:31:23] [DI ERROR] Failed to update force. Error: The operation cannot be performed unless the device is acquired in DISCL_EXCLUSIVE mode. [CRITICAL: Game has stolen priority! DISABLE IN-GAME FFB] (0x80040205)
[02:31:23]            Active Window: [Window Tracking Disabled]
[02:31:23] [DI] Attempting to promote to Exclusive Mode...
[02:31:23] [DI RECOVERY] Device re-acquired successfully. FFB motor restarted.
[02:31:23] [Transition] Event: SME_STARTUP (10)
[02:31:28] [Transition] Event: SME_STARTUP (10)
[02:31:33] [Transition] Event: SME_STARTUP (10)
[02:31:35] [DI ERROR] Failed to update force. Error: The operation cannot be performed unless the device is acquired in DISCL_EXCLUSIVE mode. [CRITICAL: Game has stolen priority! DISABLE IN-GAME FFB] (0x80040205)
[02:31:35]            Active Window: [Window Tracking Disabled]
[02:31:35] [DI] Attempting to promote to Exclusive Mode...
[02:31:35] [DI RECOVERY] Device re-acquired successfully. FFB motor restarted.
[02:31:38] [Transition] Event: SME_STARTUP (10)
[02:31:43] [Transition] Event: SME_STARTUP (10)
[02:31:48] [Transition] Event: SME_STARTUP (10)
[02:31:53] [Transition] Event: SME_STARTUP (10)
[02:31:59] [Transition] Event: SME_STARTUP (10)
[02:32:00] [DI ERROR] Failed to update force. Error: The operation cannot be performed unless the device is acquired in DISCL_EXCLUSIVE mode. [CRITICAL: Game has stolen priority! DISABLE IN-GAME FFB] (0x80040205)
[02:32:00]            Active Window: [Window Tracking Disabled]
[02:32:00] [DI] Attempting to promote to Exclusive Mode...
[02:32:00] [DI RECOVERY] Device re-acquired successfully. FFB motor restarted.
[02:32:04] [Transition] Event: SME_STARTUP (10)
[02:32:09] [Transition] Event: SME_STARTUP (10)
[02:32:11] [FFB] Loop Stopped.
[02:32:11] Shutting down GUI...
[02:32:11] Stopping FFB Thread...
[02:32:11] FFB Thread Stopped.
[02:32:11] [DI] Device released by user.
[02:32:11] Main Loop Ended. Clean Exit.
[02:32:11] [DI] Device released by user.
Logger Shutdown.
