[02:34:21] Logger Initialized. Version: 0.7.275
[02:34:21] Starting lmuFFB (C++ Port)...
[02:34:21] Application Started. Version: 0.7.275
[02:34:21] Mode: GUI
[02:34:21] Logger Initialized. Version: 0.7.275
[02:34:21] Logger re-initialized with user path: logs/
[02:34:21] Window Created: 00000000002908C0
[02:34:21] D3D11 Device and Flip-Model Swap Chain Created. Feature Level: 0xB000
[02:34:21] [DI] Initialized.
[02:34:21] [Warning] Legacy rFactor 2 Shared Memory Plugin detected. This may conflict with LMU 1.2 data.
[02:34:21] [Info] Legacy rF2 plugin detected (not a problem for LMU 1.2+)
[02:34:21] [GameConnector] Connected to LMU Shared Memory.
[02:34:21] [GUI] Main Loop Started.
[02:34:21] [FFB] Loop Started.
[02:34:21] [Transition] Event: SME_ENTER (15)
[02:34:21] [Transition] Event: SME_EXIT (11)
[02:34:21] [Transition] Event: SME_STARTUP (16)
[02:34:21] [Transition] Event: SME_SHUTDOWN (16)
[02:34:21] [Transition] Event: SME_LOAD (16)
[02:34:21] [Transition] Event: SME_UNLOAD (16)
[02:34:21] [Transition] Event: SME_START_SESSION (16)
[02:34:21] [Transition] Event: SME_END_SESSION (16)
[02:34:21] [Transition] Event: SME_ENTER_REALTIME (16)
[02:34:21] [Transition] Event: SME_EXIT_REALTIME (16)
[02:34:21] [Transition] Event: SME_INIT_APPLICATION (16)
[02:34:21] [Transition] Event: SME_UNINIT_APPLICATION (16)
[02:34:21] [Transition] OptionsLocation: 255 -> 0 (Main UI)
[02:34:21] [Transition] InRealtime: false -> true
[02:34:21] [Transition] GamePhase: 255 -> 5 (Green Flag)
[02:34:21] [Transition] Session: -1 -> 1 (Practice)
[02:34:21] [Transition] Track: '' -> 'Circuit de Barcelona'
[02:34:21] [Transition] Control: -2 -> 0 (Player)
[02:34:21] [Transition] PitState: 255 -> 5 (Unknown)
[02:34:21] [Transition] Vehicle: '' -> 'Genesis Magma Racing 2026 #17:WEC'
[02:34:21] [Transition] SteeringRange: -1.00 -> 0.00
[02:34:21] [Transition] PlayerHasVehicle: false -> true
[02:34:21] [Transition] NumVehicles: -1 -> 4
[02:34:21] [Metadata] Vehicle Change Detected: 'Genesis Magma Racing 2026 #17:WEC' (Brand: 'Unknown', Class: 'Hyper', PitGroup: 'Group99', Filename: '17_26_GENE14CD51B0')
[02:34:21] [Safety] FFB Muted (Reason: Game/State Mute)
[02:34:21] [WARNING] Invalid PhysicalSteeringWheelRange (<=0) for Genesis Magma Racing 2026 #17:WEC. Soft Lock and Steering UI may be incorrect.
[02:34:21] [Safety] FFB Unmuted
[02:34:21] [Safety] Triggered Safety Window (0.0s). Reason: FFB Unmuted
[02:34:21] [DI] Device released by user.
[02:34:21] [DI] Attempting to create device...
[02:34:21] [DI] Setting Data Format...
[02:34:21] [DI] Attempting to set Cooperative Level (Exclusive | Background)...
[02:34:21] [DI] Cooperative Level set to EXCLUSIVE.
[02:34:21] [DI] Acquiring device...
[02:34:21] [DI] Device Acquired in EXCLUSIVE mode.
[02:34:21] [DI] SUCCESS: Physical Device fully initialized and FFB Effect created.
[02:34:26] [Transition] Event: SME_STARTUP (10)
[02:34:31] [Transition] Event: SME_STARTUP (10)
[02:34:36] [Transition] Event: SME_STARTUP (10)
[02:34:41] [Transition] Event: SME_STARTUP (10)
[02:34:43] [Transition] Event: SME_ENTER (11)
[02:34:43] [Transition] Event: SME_EXIT (15)
[02:34:43] [Transition] Event: SME_ENTER (15)
[02:34:43] [Transition] Event: SME_EXIT (11)
[02:34:43] [Transition] InRealtime: true -> false
[02:34:43] [Diag] De-realtime snapshot: track='Circuit de Barcelona' optionsLoc=0 numVehicles=4 playerHasVehicle=true smUpdateScoring=16
[02:34:43] [Transition] Control: 0 -> 1 (AI)
[02:34:43] [Safety] FFB Muted (Reason: Game/State Mute)
[02:34:43] [Safety] mControl Transition: 0 -> 1
[02:34:43] [Safety] Triggered Safety Window (0.0s). Reason: Control Transition
[02:34:46] [Transition] Event: SME_ENTER (8)
[02:34:46] [Transition] Event: SME_EXIT (16)
[02:34:46] [Transition] Event: SME_ENTER (11)
[02:34:46] [Transition] Event: SME_EXIT (15)
[02:34:46] [Transition] Event: SME_ENTER (15)
[02:34:46] [Transition] Event: SME_EXIT (11)
[02:34:47] [Transition] Event: SME_STARTUP (10)
[02:34:47] [Transition] InRealtime: false -> true
[02:34:47] [Transition] Control: 1 -> 0 (Player)
[02:34:47] [Safety] mControl Transition: 1 -> 0
[02:34:47] [Safety] Triggered Safety Window (0.0s). Reason: Control Transition
[02:34:47] Warning: Data for mGripFract from the game seems to be missing for this car (Genesis Magma Racing 2026 #17:WEC). (Likely Encrypted/DLC Content). A fallback estimation will be used.
[02:34:49] [Safety] FFB Unmuted
[02:34:49] [Safety] Triggered Safety Window (0.0s). Reason: FFB Unmuted
[02:34:52] [Transition] Event: SME_STARTUP (10)
[02:34:56] [FFB] Latched and saved static loads for Genesis Magma Racing 2026 #17:WEC: F=2622.25N, R=3186.74N
[02:34:57] [Transition] Event: SME_STARTUP (10)
[02:35:02] [Transition] Event: SME_STARTUP (16)
[02:35:07] [Transition] Event: SME_STARTUP (16)
[02:35:12] [Transition] Event: SME_STARTUP (16)
[02:35:13] [Config] Applied preset: Simagic Alpha 15 Nm (0404)
[02:35:13] [Transition] NumVehicles: 4 -> 3
[02:35:17] [Transition] Event: SME_STARTUP (10)
[02:35:22] [Transition] Event: SME_STARTUP (16)
[02:35:27] [Transition] Event: SME_STARTUP (16)
[02:35:32] [Transition] Event: SME_STARTUP (16)
[02:35:37] [Transition] Event: SME_STARTUP (10)
[02:35:42] [Transition] Event: SME_STARTUP (16)
[02:35:44] Warning: Data for mGripFract from the game seems to be missing for this car (Genesis Magma Racing 2026 #17:WEC). (Likely Encrypted/DLC Content). A fallback estimation will be used.
[02:35:47] [Transition] Event: SME_STARTUP (16)
[02:35:53] [Transition] Event: SME_STARTUP (10)
[02:35:53] [Transition] InRealtime: true -> false
[02:35:53] [Diag] De-realtime snapshot: track='Circuit de Barcelona' optionsLoc=0 numVehicles=3 playerHasVehicle=true smUpdateScoring=16
[02:35:53] [Transition] Control: 0 -> 1 (AI)
[02:35:53] [Safety] FFB Muted (Reason: Game/State Mute)
[02:35:53] [Safety] mControl Transition: 0 -> 1
[02:35:53] [Safety] Triggered Safety Window (0.0s). Reason: Control Transition
[02:35:58] [Transition] Event: SME_STARTUP (10)
[02:36:03] [Transition] Event: SME_STARTUP (16)
[02:36:08] [Transition] Event: SME_STARTUP (10)
[02:36:13] [Transition] Event: SME_STARTUP (10)
[02:36:18] [Transition] Event: SME_STARTUP (16)
[02:36:23] [Transition] Event: SME_STARTUP (16)
[02:36:28] [Transition] Event: SME_STARTUP (16)
[02:36:33] [Transition] Event: SME_STARTUP (16)
[02:36:38] [Transition] Event: SME_STARTUP (10)
[02:36:43] [Transition] Event: SME_STARTUP (16)
[02:36:48] [Transition] Event: SME_STARTUP (10)
[02:36:53] [Transition] Event: SME_STARTUP (16)
[02:36:58] [Transition] Event: SME_STARTUP (16)
[02:37:04] [Transition] Event: SME_STARTUP (10)
[02:37:09] [Transition] Event: SME_STARTUP (10)
[02:37:14] [Transition] Event: SME_STARTUP (10)
[02:37:19] [Transition] Event: SME_STARTUP (16)
[02:37:24] [Transition] Event: SME_STARTUP (16)
[02:37:29] [Transition] Event: SME_STARTUP (10)
[02:37:34] [Transition] Event: SME_STARTUP (10)
[02:37:39] [Transition] Event: SME_STARTUP (16)
[02:37:44] [Transition] Event: SME_STARTUP (10)
[02:37:49] [Transition] Event: SME_STARTUP (10)
[02:37:54] [Transition] Event: SME_STARTUP (10)
[02:37:59] [Transition] Event: SME_STARTUP (10)
[02:38:04] [Transition] Event: SME_STARTUP (16)
[02:38:09] [Transition] Event: SME_STARTUP (16)
[02:38:14] [Transition] Event: SME_STARTUP (10)
[02:38:19] [Transition] Event: SME_STARTUP (10)
[02:38:24] [Transition] Event: SME_STARTUP (16)
[02:38:29] [Transition] Event: SME_STARTUP (16)
[02:38:34] [Transition] Event: SME_STARTUP (10)
[02:38:39] [Transition] Event: SME_STARTUP (16)
[02:38:45] [Transition] Event: SME_STARTUP (10)
[02:38:50] [Transition] Event: SME_STARTUP (10)
[02:38:55] [Transition] Event: SME_STARTUP (10)
[02:39:00] [Transition] Event: SME_STARTUP (16)
[02:39:05] [Transition] Event: SME_STARTUP (10)
[02:39:10] [Transition] Event: SME_STARTUP (16)
[02:39:15] [Transition] Event: SME_STARTUP (16)
[02:39:20] [Transition] Event: SME_STARTUP (16)
[02:39:25] [Transition] Event: SME_STARTUP (16)
[02:39:30] [Transition] Event: SME_STARTUP (16)
[02:39:35] [Transition] Event: SME_STARTUP (10)
[02:39:40] [Transition] Event: SME_STARTUP (10)
[02:39:45] [Transition] Event: SME_STARTUP (16)
[02:39:50] [Transition] Event: SME_STARTUP (16)
[02:39:55] [Transition] Event: SME_STARTUP (16)
[02:40:00] [Transition] Event: SME_STARTUP (10)
[02:40:05] [Transition] Event: SME_STARTUP (16)
[02:40:10] [Transition] Event: SME_STARTUP (16)
[02:40:15] [Transition] Event: SME_STARTUP (16)
[02:40:20] [Transition] Event: SME_STARTUP (16)
[02:40:25] [Transition] Event: SME_STARTUP (10)
[02:40:30] [Transition] Event: SME_STARTUP (16)
[02:40:35] [Transition] Event: SME_STARTUP (16)
[02:40:41] [Transition] Event: SME_STARTUP (10)
[02:40:46] [Transition] Event: SME_STARTUP (16)
[02:40:51] [Transition] Event: SME_STARTUP (10)
[02:40:56] [Transition] Event: SME_STARTUP (16)
[02:41:01] [Transition] Event: SME_STARTUP (16)
[02:41:06] [Transition] Event: SME_STARTUP (10)
[02:41:11] [Transition] Event: SME_STARTUP (10)
[02:41:16] [Transition] Event: SME_STARTUP (16)
[02:41:21] [Transition] Event: SME_STARTUP (10)
[02:41:26] [Transition] Event: SME_STARTUP (10)
[02:41:31] [Transition] Event: SME_STARTUP (16)
[02:41:36] [Transition] Event: SME_STARTUP (16)
[02:41:41] [Transition] Event: SME_STARTUP (10)
[02:41:46] [Transition] Event: SME_STARTUP (16)
[02:41:52] [Transition] Event: SME_STARTUP (10)
[02:41:57] [Transition] Event: SME_STARTUP (10)
[02:42:02] [Transition] Event: SME_STARTUP (16)
[02:42:07] [Transition] Event: SME_STARTUP (16)
[02:42:12] [Transition] Event: SME_STARTUP (10)
[02:42:17] [Transition] Event: SME_STARTUP (10)
[02:42:22] [Transition] Event: SME_STARTUP (16)
[02:42:27] [Transition] Event: SME_STARTUP (10)
[02:42:32] [Transition] Event: SME_STARTUP (10)
[02:42:37] [Transition] Event: SME_STARTUP (16)
[02:42:42] [Transition] Event: SME_STARTUP (10)
[02:42:47] [Transition] Event: SME_STARTUP (16)
[02:42:52] [Transition] Event: SME_STARTUP (16)
[02:42:57] [Transition] Event: SME_STARTUP (16)
[02:43:02] [Transition] Event: SME_STARTUP (10)
[02:43:07] [Transition] Event: SME_STARTUP (10)
[02:43:12] [Transition] Event: SME_STARTUP (10)
[02:43:17] [Transition] Event: SME_STARTUP (16)
[02:43:22] [Transition] Event: SME_STARTUP (16)
[02:43:28] [Transition] Event: SME_STARTUP (10)
[02:43:33] [Transition] Event: SME_STARTUP (10)
[02:43:38] [Transition] Event: SME_STARTUP (16)
[02:43:43] [Transition] Event: SME_STARTUP (16)
[02:43:48] [Transition] Event: SME_STARTUP (10)
[02:43:51] [Transition] Control: 1 -> 2 (Remote)
[02:43:51] [Transition] PitState: 5 -> 0 (None)
[02:43:51] [Transition] Vehicle: 'Genesis Magma Racing 2026 #17:WEC' -> 'GR Racing 2025 #86:ELMS'
[02:43:51] [Metadata] Vehicle Change Detected: 'GR Racing 2025 #86:ELMS' (Brand: 'Unknown', Class: 'GT3', PitGroup: 'Group44', Filename: '86_GRRACIN8BE3F08E')
[02:43:51] [Safety] mControl Transition: 1 -> 2
[02:43:51] [Safety] Triggered Safety Window (0.0s). Reason: Control Transition
[02:43:52] [Transition] Control: 2 -> 1 (AI)
[02:43:52] [Transition] PitState: 0 -> 5 (Unknown)
[02:43:52] [Transition] Vehicle: 'GR Racing 2025 #86:ELMS' -> 'Genesis Magma Racing 2026 #17:WEC'
[02:43:52] [Transition] NumVehicles: 3 -> 2
[02:43:52] [Metadata] Vehicle Change Detected: 'Genesis Magma Racing 2026 #17:WEC' (Brand: 'Unknown', Class: 'Hyper', PitGroup: 'Group99', Filename: '17_26_GENE14CD51B0')
[02:43:52] [Safety] mControl Transition: 2 -> 1
[02:43:52] [Safety] Triggered Safety Window (0.0s). Reason: Control Transition
[02:43:53] [Transition] Event: SME_STARTUP (16)
[02:43:58] [Transition] Event: SME_STARTUP (16)
[02:44:03] [Transition] Event: SME_STARTUP (10)
[02:44:08] [Transition] Event: SME_STARTUP (10)
[02:44:13] [Transition] Event: SME_STARTUP (16)
[02:44:18] [Transition] Event: SME_STARTUP (10)
[02:44:23] [Transition] Event: SME_STARTUP (16)
[02:44:28] [Transition] Event: SME_STARTUP (16)
[02:44:33] [Transition] Event: SME_STARTUP (10)
[02:44:38] [Transition] Event: SME_STARTUP (16)
[02:44:43] [Transition] Event: SME_STARTUP (16)
[02:44:49] [Transition] Event: SME_STARTUP (10)
[02:44:54] [Transition] Event: SME_STARTUP (16)
[02:44:59] [Transition] Event: SME_STARTUP (16)
[02:45:04] [Transition] Event: SME_STARTUP (10)
[02:45:09] [Transition] Event: SME_STARTUP (10)
[02:45:14] [Transition] Event: SME_STARTUP (10)
[02:45:19] [Transition] Event: SME_STARTUP (16)
[02:45:24] [Transition] Event: SME_STARTUP (10)
[02:45:29] [Transition] Event: SME_STARTUP (16)
[02:45:34] [Transition] Event: SME_STARTUP (10)
[02:45:39] [Transition] Event: SME_STARTUP (10)
[02:45:44] [Transition] Event: SME_STARTUP (16)
[02:45:49] [Transition] Event: SME_STARTUP (10)
[02:45:54] [Transition] Event: SME_STARTUP (10)
[02:45:59] [Transition] Event: SME_STARTUP (16)
[02:46:04] [Transition] Event: SME_STARTUP (16)
[02:46:10] [Transition] Event: SME_STARTUP (10)
[02:46:15] [Transition] Event: SME_STARTUP (10)
[02:46:20] [Transition] Event: SME_STARTUP (16)
[02:46:25] [Transition] Event: SME_STARTUP (16)
[02:46:30] [Transition] Event: SME_STARTUP (16)
[02:46:35] [Transition] Event: SME_STARTUP (10)
[02:46:40] [Transition] Event: SME_STARTUP (16)
[02:46:45] [Transition] Event: SME_STARTUP (16)
[02:46:50] [Transition] Event: SME_STARTUP (10)
[02:46:55] [Transition] Event: SME_STARTUP (16)
[02:47:00] [Transition] Event: SME_STARTUP (10)
[02:47:05] [Transition] Event: SME_STARTUP (16)
[02:47:10] [Transition] Event: SME_STARTUP (10)
[02:47:15] [Transition] Event: SME_STARTUP (16)
[02:47:21] [Transition] Event: SME_STARTUP (10)
[02:47:21] [Transition] GamePhase: 5 -> 8 (Over)
[02:47:21] [Transition] Event: SME_ENTER (14)
[02:47:21] [Transition] Event: SME_EXIT (16)
[02:47:21] [Transition] Event: SME_ENTER (15)
[02:47:21] [Transition] Event: SME_EXIT (11)
[02:47:26] [Transition] Event: SME_STARTUP (16)
[02:47:31] [Transition] Event: SME_STARTUP (16)
[02:47:36] [Transition] Event: SME_STARTUP (10)
[02:47:41] [Transition] Event: SME_STARTUP (10)
[02:47:46] [Transition] Event: SME_STARTUP (10)
[02:47:51] [Transition] Event: SME_STARTUP (16)
[02:47:51] [Transition] Event: SME_ENTER (5)
[02:47:51] [Transition] Event: SME_EXIT (16)
[02:48:03] [FFB] Loop Stopped.
[02:48:03] Shutting down GUI...
[02:48:03] Stopping FFB Thread...
[02:48:03] FFB Thread Stopped.
[02:48:03] [DI] Device released by user.
[02:48:03] Main Loop Ended. Clean Exit.
[02:48:03] [DI] Device released by user.
Logger Shutdown.
