[00:30:38] Logger Initialized. Version: 0.7.275
[00:30:38] Starting lmuFFB (C++ Port)...
[00:30:38] Application Started. Version: 0.7.275
[00:30:38] Mode: GUI
[00:30:38] Logger Initialized. Version: 0.7.275
[00:30:38] Logger re-initialized with user path: logs/
[00:30:38] Window Created: 0000000000050754
[00:30:38] D3D11 Device and Flip-Model Swap Chain Created. Feature Level: 0xB000
[00:30:38] [DI] Initialized.
[00:30:38] Game not running or Shared Memory not ready. Waiting...
[00:30:38] [GUI] Main Loop Started.
[00:30:38] [FFB] Loop Started.
[00:30:38] [DI] Device released by user.
[00:30:38] [DI] Attempting to create device...
[00:30:38] [DI] Setting Data Format...
[00:30:38] [DI] Attempting to set Cooperative Level (Exclusive | Background)...
[00:30:38] [DI] Cooperative Level set to EXCLUSIVE.
[00:30:38] [DI] Acquiring device...
[00:30:38] [DI] Device Acquired in EXCLUSIVE mode.
[00:30:38] [DI] SUCCESS: Physical Device fully initialized and FFB Effect created.
[00:30:44] [Config] Applied preset: RA merc
[00:30:49] [Config] Applied preset: Simagic Alpha 15 Nm (0404)
[00:32:15] [GameConnector] Connected to LMU Shared Memory.
[00:32:15] [Transition] Event: SME_EXIT (14)
[00:32:15] [Transition] Event: SME_STARTUP (12)
[00:32:15] [Transition] Event: SME_SHUTDOWN (2)
[00:32:15] [Transition] Event: SME_LOAD (16)
[00:32:15] [Transition] Event: SME_UNLOAD (16)
[00:32:15] [Transition] Event: SME_START_SESSION (16)
[00:32:15] [Transition] Event: SME_END_SESSION (16)
[00:32:15] [Transition] Event: SME_ENTER_REALTIME (16)
[00:32:15] [Transition] Event: SME_EXIT_REALTIME (16)
[00:32:15] [Transition] Event: SME_INIT_APPLICATION (16)
[00:32:15] [Transition] Event: SME_UNINIT_APPLICATION (16)
[00:32:15] [Transition] OptionsLocation: 255 -> 0 (Main UI)
[00:32:15] [Transition] GamePhase: 255 -> 0 (Before Session)
[00:32:15] [Transition] Session: -1 -> 0 (Test Day)
[00:32:15] [Transition] NumVehicles: -1 -> 0
[00:33:13] [Transition] Event: SME_ENTER (4)
[00:33:13] [Transition] Event: SME_EXIT (16)
[00:33:13] [Transition] Event: SME_STARTUP (16)
[00:33:13] [Transition] Event: SME_SHUTDOWN (16)
[00:33:15] [Transition] Event: SME_ENTER (6)
[00:33:17] [Transition] Event: SME_ENTER (10)
[00:33:17] [Transition] Session: 0 -> 1 (Practice)
[00:33:17] [Transition] Track: '' -> 'Paul Ricard - 1A'
[00:33:17] [Transition] Event: SME_ENTER (11)
[00:33:17] [Transition] Event: SME_EXIT (15)
[00:33:17] [Transition] Event: SME_ENTER (15)
[00:33:17] [Transition] Event: SME_EXIT (11)
[00:33:18] [Transition] Event: SME_EXIT (10)
[00:33:18] [Transition] NumVehicles: 0 -> 1
[00:33:18] [Transition] Event: SME_EXIT (11)
[00:33:18] [Transition] GamePhase: 0 -> 5 (Green Flag)
[00:33:19] [Transition] Event: SME_STARTUP (10)
[00:33:20] [Transition] Event: SME_EXIT (10)
[00:33:20] [Transition] NumVehicles: 1 -> 2
[00:33:20] [Transition] Event: SME_EXIT (11)
[00:33:21] [Transition] Control: -2 -> 2 (Remote)
[00:33:21] [Transition] PitState: 255 -> 0 (None)
[00:33:21] [Transition] Vehicle: '' -> 'Genesis Magma Racing 2026 #17:WEC'
[00:33:21] [Transition] SteeringRange: -1.00 -> 0.00
[00:33:21] [Transition] PlayerHasVehicle: false -> true
[00:33:21] [Metadata] Vehicle Change Detected: 'Genesis Magma Racing 2026 #17:WEC' (Brand: 'Unknown', Class: 'Hyper', PitGroup: 'Group99', Filename: '17_26_GENE14CD51B0')
[00:33:21] [Safety] FFB Muted (Reason: Game/State Mute)
[00:33:21] [WARNING] Invalid PhysicalSteeringWheelRange (<=0) for Genesis Magma Racing 2026 #17:WEC. Soft Lock and Steering UI may be incorrect.
[00:33:21] [Transition] Control: 2 -> 1 (AI)
[00:33:21] [Safety] mControl Transition: 2 -> 1
[00:33:21] [Safety] Triggered Safety Window (0.0s). Reason: Control Transition
[00:33:24] [Transition] Event: SME_STARTUP (10)
[00:33:29] [Transition] NumVehicles: 2 -> 3
[00:33:29] [Transition] Event: SME_STARTUP (10)
[00:33:34] [Transition] Event: SME_STARTUP (10)
[00:33:39] [Transition] Event: SME_STARTUP (10)
[00:33:44] [Transition] Event: SME_STARTUP (10)
[00:33:44] [Transition] Event: SME_EXIT (8)
[00:33:45] [Transition] Event: SME_EXIT (11)
[00:33:45] [Transition] InRealtime: false -> true
[00:33:45] [Transition] Control: 1 -> 0 (Player)
[00:33:45] [Transition] PitState: 0 -> 5 (Unknown)
[00:33:45] [Safety] mControl Transition: 1 -> 0
[00:33:45] [Safety] Triggered Safety Window (0.0s). Reason: Control Transition
[00:33:45] [DI ERROR] Failed to update force. Error: The operation cannot be performed unless the device is acquired in DISCL_EXCLUSIVE mode. [CRITICAL: Game has stolen priority! DISABLE IN-GAME FFB] (0x80040205)
[00:33:45]            Active Window: [Window Tracking Disabled]
[00:33:45] [DI] Attempting to promote to Exclusive Mode...
[00:33:45] [DI RECOVERY] Device re-acquired successfully. FFB motor restarted.
[00:33:45] 
========================================
[SUCCESS] Dynamic Promotion Active!
lmuFFB has successfully recovered exclusive
control after detecting a conflict.
This feature will continue to protect your
FFB experience automatically.
========================================

[00:33:48] [Safety] FFB Unmuted
[00:33:48] [Safety] Triggered Safety Window (0.0s). Reason: FFB Unmuted
[00:33:49] [Transition] Event: SME_STARTUP (10)
[00:33:54] [Transition] Event: SME_STARTUP (10)
[00:33:55] [Transition] Event: SME_EXIT (10)
[00:33:55] [Transition] NumVehicles: 3 -> 4
[00:33:55] [Transition] Event: SME_EXIT (11)
[00:33:59] [Transition] Event: SME_STARTUP (10)
[00:34:04] [Transition] Event: SME_STARTUP (10)
[00:34:06] [Transition] Event: SME_ENTER (10)
[00:34:06] [Transition] Event: SME_EXIT (16)
[00:34:06] [Transition] NumVehicles: 4 -> 5
[00:34:06] [Transition] Event: SME_ENTER (15)
[00:34:06] [Transition] Event: SME_EXIT (11)
[00:34:09] [Transition] Event: SME_STARTUP (10)
[00:34:14] [Transition] Event: SME_STARTUP (10)
[00:34:16] Warning: Data for mGripFract from the game seems to be missing for this car (Genesis Magma Racing 2026 #17:WEC). (Likely Encrypted/DLC Content). A fallback estimation will be used.
[00:34:19] [Transition] Event: SME_STARTUP (10)
[00:34:20] [Transition] Event: SME_EXIT (9)
[00:34:21] [DI ERROR] Failed to update force. Error: The operation cannot be performed unless the device is acquired in DISCL_EXCLUSIVE mode. [CRITICAL: Game has stolen priority! DISABLE IN-GAME FFB] (0x80040205)
[00:34:21]            Active Window: [Window Tracking Disabled]
[00:34:21] [DI] Attempting to promote to Exclusive Mode...
[00:34:21] [DI RECOVERY] Device re-acquired successfully. FFB motor restarted.
[00:34:21] [Transition] Event: SME_EXIT (11)
[00:34:21] [Transition] InRealtime: true -> false
[00:34:21] [Diag] De-realtime snapshot: track='Paul Ricard - 1A' optionsLoc=0 numVehicles=5 playerHasVehicle=true smUpdateScoring=16
[00:34:21] [Transition] Control: 0 -> 1 (AI)
[00:34:21] [Safety] FFB Muted (Reason: Game/State Mute)
[00:34:21] [Safety] mControl Transition: 0 -> 1
[00:34:21] [Safety] Triggered Safety Window (0.0s). Reason: Control Transition
[00:34:24] [Transition] Event: SME_EXIT (7)
[00:34:24] [Transition] Event: SME_ENTER (14)
[00:34:24] [Transition] Event: SME_EXIT (16)
[00:34:24] [Transition] Event: SME_ENTER (5)
[00:37:50] [Transition] Event: SME_ENTER (4)
[00:37:55] [Transition] Event: SME_ENTER (6)
[00:37:57] [Transition] Event: SME_ENTER (10)
[00:37:57] [Transition] GamePhase: 5 -> 0 (Before Session)
[00:37:57] [Transition] NumVehicles: 5 -> 0
[00:37:57] [Transition] Event: SME_ENTER (11)
[00:37:57] [Transition] Event: SME_EXIT (15)
[00:37:57] [Transition] Event: SME_STARTUP (10)
[00:37:57] [Transition] PlayerHasVehicle: true -> false
[00:37:57] [Transition] Event: SME_ENTER (15)
[00:37:57] [Transition] Event: SME_EXIT (11)
[00:37:58] [Transition] Event: SME_EXIT (10)
[00:37:58] [Transition] NumVehicles: 0 -> 1
[00:37:59] [Transition] Event: SME_ENTER (10)
[00:37:59] [Transition] Event: SME_EXIT (16)
[00:37:59] [Transition] NumVehicles: 1 -> 2
[00:38:00] [Transition] NumVehicles: 2 -> 3
[00:38:01] [Transition] NumVehicles: 3 -> 4
[00:38:02] [Transition] NumVehicles: 4 -> 5
[00:38:02] [Transition] NumVehicles: 5 -> 6
[00:38:03] [Transition] NumVehicles: 6 -> 7
[00:38:04] [Transition] NumVehicles: 7 -> 8
[00:38:04] [Transition] NumVehicles: 8 -> 9
[00:38:04] [Transition] Event: SME_ENTER (15)
[00:38:04] [Transition] Event: SME_EXIT (11)
[00:38:04] [Transition] Event: SME_STARTUP (10)
[00:38:04] [Transition] GamePhase: 0 -> 5 (Green Flag)
[00:38:06] [Transition] Event: SME_EXIT (10)
[00:38:06] [Transition] NumVehicles: 9 -> 10
[00:38:06] [Transition] Event: SME_EXIT (11)
[00:38:07] [Transition] Control: 1 -> 2 (Remote)
[00:38:07] [Transition] Vehicle: 'Genesis Magma Racing 2026 #17:WEC' -> 'Cadillac Racing #2:EC'
[00:38:07] [Transition] PlayerHasVehicle: false -> true
[00:38:07] [Metadata] Vehicle Change Detected: 'Cadillac Racing #2:EC' (Brand: 'Cadillac', Class: 'Hyper', PitGroup: 'Group1', Filename: '2_CADILLAC23F77EE')
[00:38:07] [Safety] mControl Transition: 1 -> 2
[00:38:07] [Safety] Triggered Safety Window (0.0s). Reason: Control Transition
[00:38:07] [Transition] Control: 2 -> 1 (AI)
[00:38:07] [Transition] PitState: 5 -> 0 (None)
[00:38:07] [Safety] mControl Transition: 2 -> 1
[00:38:07] [Safety] Triggered Safety Window (0.0s). Reason: Control Transition
[00:38:09] [Transition] Event: SME_STARTUP (10)
[00:38:13] [Transition] Event: SME_ENTER (8)
[00:38:13] [Transition] Event: SME_EXIT (16)
[00:38:13] [Transition] Event: SME_ENTER (15)
[00:38:13] [Transition] Event: SME_EXIT (11)
[00:38:13] [Transition] InRealtime: false -> true
[00:38:13] [Transition] Control: 1 -> 0 (Player)
[00:38:13] [Transition] PitState: 0 -> 5 (Unknown)
[00:38:13] [Safety] mControl Transition: 1 -> 0
[00:38:13] [Safety] Triggered Safety Window (0.0s). Reason: Control Transition
[00:38:13] [DI ERROR] Failed to update force. Error: The operation cannot be performed unless the device is acquired in DISCL_EXCLUSIVE mode. [CRITICAL: Game has stolen priority! DISABLE IN-GAME FFB] (0x80040205)
[00:38:13]            Active Window: [Window Tracking Disabled]
[00:38:13] [DI] Attempting to promote to Exclusive Mode...
[00:38:13] [DI RECOVERY] Device re-acquired successfully. FFB motor restarted.
[00:38:14] [Transition] Event: SME_STARTUP (10)
[00:38:17] [Safety] FFB Unmuted
[00:38:17] [Safety] Triggered Safety Window (0.0s). Reason: FFB Unmuted
[00:38:19] [Transition] Event: SME_ENTER (10)
[00:38:19] [Transition] Event: SME_EXIT (16)
[00:38:19] [Transition] NumVehicles: 10 -> 11
[00:38:19] [Transition] Event: SME_ENTER (15)
[00:38:19] [Transition] Event: SME_EXIT (11)
[00:38:20] [Transition] Event: SME_STARTUP (10)
[00:38:25] [Transition] Event: SME_STARTUP (10)
[00:38:30] [FFB] Latched and saved static loads for Cadillac Racing #2:EC: F=2778.42N, R=3236.80N
[00:38:30] [Transition] Event: SME_STARTUP (10)
[00:38:32] [Transition] Event: SME_EXIT (7)
[00:38:32] [Transition] Event: SME_ENTER (14)
[00:38:32] [Transition] Event: SME_EXIT (16)
[00:38:32] [Transition] Event: SME_ENTER (5)
[00:40:39] [Transition] Event: SME_ENTER (4)
[00:40:41] [Transition] Event: SME_ENTER (6)
[00:40:42] [Transition] Event: SME_ENTER (10)
[00:40:42] [Transition] InRealtime: true -> false
[00:40:42] [Diag] De-realtime snapshot: track='Paul Ricard - 1A' optionsLoc=0 numVehicles=0 playerHasVehicle=true smUpdateScoring=16
[00:40:42] [Transition] GamePhase: 5 -> 0 (Before Session)
[00:40:42] [Transition] NumVehicles: 11 -> 0
[00:40:42] [Transition] Event: SME_ENTER (11)
[00:40:42] [Transition] Event: SME_EXIT (15)
[00:40:42] [Transition] Event: SME_STARTUP (10)
[00:40:42] [Transition] PlayerHasVehicle: true -> false
[00:40:42] [Transition] Event: SME_ENTER (15)
[00:40:42] [Transition] Event: SME_EXIT (11)
[00:40:44] [Transition] Event: SME_EXIT (10)
[00:40:44] [Transition] NumVehicles: 0 -> 1
[00:40:44] [Transition] Event: SME_ENTER (10)
[00:40:44] [Transition] Event: SME_EXIT (16)
[00:40:44] [Transition] NumVehicles: 1 -> 2
[00:40:45] [Transition] NumVehicles: 2 -> 3
[00:40:46] [Transition] NumVehicles: 3 -> 4
[00:40:46] [Transition] NumVehicles: 4 -> 5
[00:40:47] [Transition] NumVehicles: 5 -> 6
[00:40:48] [Transition] NumVehicles: 6 -> 7
[00:40:48] [Transition] NumVehicles: 7 -> 8
[00:40:49] [Transition] NumVehicles: 8 -> 9
[00:40:50] [Transition] NumVehicles: 9 -> 10
[00:40:50] [Transition] NumVehicles: 10 -> 11
[00:40:50] [Transition] Event: SME_ENTER (11)
[00:40:50] [Transition] Event: SME_EXIT (15)
[00:40:51] [Transition] Event: SME_ENTER (15)
[00:40:51] [Transition] Event: SME_EXIT (11)
[00:40:51] [Transition] Event: SME_STARTUP (10)
[00:40:51] [Transition] GamePhase: 0 -> 5 (Green Flag)
[00:40:52] [Transition] Event: SME_EXIT (10)
[00:40:52] [Transition] NumVehicles: 11 -> 12
[00:40:52] [Transition] Event: SME_ENTER (11)
[00:40:52] [Transition] Event: SME_EXIT (15)
[00:40:52] [Transition] Event: SME_ENTER (15)
[00:40:52] [Transition] Event: SME_EXIT (11)
[00:40:53] [Transition] Control: 0 -> 2 (Remote)
[00:40:53] [Transition] Vehicle: 'Cadillac Racing #2:EC' -> 'Genesis Magma Racing 2026 #17:WEC'
[00:40:53] [Transition] PlayerHasVehicle: false -> true
[00:40:53] [Metadata] Vehicle Change Detected: 'Genesis Magma Racing 2026 #17:WEC' (Brand: 'Unknown', Class: 'Hyper', PitGroup: 'Group99', Filename: '17_26_GENE14CD51B0')
[00:40:53] [Safety] FFB Muted (Reason: Game/State Mute)
[00:40:53] [Safety] mControl Transition: 0 -> 2
[00:40:53] [Safety] Triggered Safety Window (0.0s). Reason: Control Transition
[00:40:53] [Transition] Control: 2 -> 1 (AI)
[00:40:53] [Safety] mControl Transition: 2 -> 1
[00:40:53] [Safety] Triggered Safety Window (0.0s). Reason: Control Transition
[00:40:56] [Transition] Event: SME_STARTUP (10)
[00:40:56] [Transition] Event: SME_EXIT (8)
[00:40:56] [Transition] Event: SME_EXIT (11)
[00:40:56] [Transition] InRealtime: false -> true
[00:40:56] [Transition] Control: 1 -> 0 (Player)
[00:40:56] [Safety] mControl Transition: 1 -> 0
[00:40:56] [Safety] Triggered Safety Window (0.0s). Reason: Control Transition
[00:40:57] [DI ERROR] Failed to update force. Error: The operation cannot be performed unless the device is acquired in DISCL_EXCLUSIVE mode. [CRITICAL: Game has stolen priority! DISABLE IN-GAME FFB] (0x80040205)
[00:40:57]            Active Window: [Window Tracking Disabled]
[00:40:57] [DI] Attempting to promote to Exclusive Mode...
[00:40:57] [DI RECOVERY] Device re-acquired successfully. FFB motor restarted.
[00:40:59] [Safety] FFB Unmuted
[00:40:59] [Safety] Triggered Safety Window (0.0s). Reason: FFB Unmuted
[00:41:01] [Transition] Event: SME_STARTUP (10)
[00:41:06] [Transition] Event: SME_STARTUP (10)
[00:41:06] Warning: Data for mGripFract from the game seems to be missing for this car (Genesis Magma Racing 2026 #17:WEC). (Likely Encrypted/DLC Content). A fallback estimation will be used.
[00:41:09] [DI ERROR] Failed to update force. Error: The operation cannot be performed unless the device is acquired in DISCL_EXCLUSIVE mode. [CRITICAL: Game has stolen priority! DISABLE IN-GAME FFB] (0x80040205)
[00:41:09]            Active Window: [Window Tracking Disabled]
[00:41:09] [DI] Attempting to promote to Exclusive Mode...
[00:41:09] [DI RECOVERY] Device re-acquired successfully. FFB motor restarted.
[00:41:10] [Transition] Control: 0 -> 2 (Remote)
[00:41:10] [Transition] Vehicle: 'Genesis Magma Racing 2026 #17:WEC' -> 'Peugeot TotalEnergies 2025 #93:LM'
[00:41:10] [Metadata] Vehicle Change Detected: 'Peugeot TotalEnergies 2025 #93:LM' (Brand: 'Peugeot', Class: 'Hyper', PitGroup: 'Group16', Filename: '93_25_PEUGD0A1B532')
[00:41:10] [Safety] FFB Muted (Reason: Game/State Mute)
[00:41:10] [Safety] mControl Transition: 0 -> 2
[00:41:10] [Safety] Triggered Safety Window (0.0s). Reason: Control Transition
[00:41:10] [Transition] Control: 2 -> 0 (Player)
[00:41:10] [Transition] Vehicle: 'Peugeot TotalEnergies 2025 #93:LM' -> 'Genesis Magma Racing 2026 #17:WEC'
[00:41:10] [Transition] NumVehicles: 12 -> 11
[00:41:10] [Metadata] Vehicle Change Detected: 'Genesis Magma Racing 2026 #17:WEC' (Brand: 'Unknown', Class: 'Hyper', PitGroup: 'Group99', Filename: '17_26_GENE14CD51B0')
[00:41:10] [Safety] FFB Unmuted
[00:41:10] [Safety] Triggered Safety Window (0.0s). Reason: FFB Unmuted
[00:41:10] [Safety] mControl Transition: 2 -> 0
[00:41:10] [Safety] Triggered Safety Window (0.0s). Reason: Control Transition
[00:41:11] [Transition] Event: SME_STARTUP (10)
[00:41:11] [Transition] Event: SME_EXIT (9)
[00:41:11] [Transition] Event: SME_EXIT (11)
[00:41:11] [DI ERROR] Failed to update force. Error: The operation cannot be performed unless the device is acquired in DISCL_EXCLUSIVE mode. [CRITICAL: Game has stolen priority! DISABLE IN-GAME FFB] (0x80040205)
[00:41:11]            Active Window: [Window Tracking Disabled]
[00:41:11] [DI] Attempting to promote to Exclusive Mode...
[00:41:12] [Transition] InRealtime: true -> false
[00:41:12] [Diag] De-realtime snapshot: track='Paul Ricard - 1A' optionsLoc=0 numVehicles=11 playerHasVehicle=true smUpdateScoring=16
[00:41:12] [Transition] Control: 0 -> 1 (AI)
[00:41:12] [Safety] FFB Muted (Reason: Game/State Mute)
[00:41:12] [Safety] mControl Transition: 0 -> 1
[00:41:12] [Safety] Triggered Safety Window (0.0s). Reason: Control Transition
[00:41:13] [Transition] Event: SME_EXIT (8)
[00:41:13] [Transition] Event: SME_EXIT (11)
[00:41:13] [Transition] InRealtime: false -> true
[00:41:13] [Transition] Control: 1 -> 0 (Player)
[00:41:13] [Safety] mControl Transition: 1 -> 0
[00:41:13] [Safety] Triggered Safety Window (0.0s). Reason: Control Transition
[00:41:13] [DI ERROR] Failed to update force. Error: The operation cannot be performed unless the device is acquired in DISCL_EXCLUSIVE mode. [CRITICAL: Game has stolen priority! DISABLE IN-GAME FFB] (0x80040205)
[00:41:13]            Active Window: [Window Tracking Disabled]
[00:41:13] [DI] Attempting to promote to Exclusive Mode...
[00:41:16] [Transition] Event: SME_STARTUP (10)
[00:41:16] [Safety] FFB Unmuted
[00:41:16] [Safety] Triggered Safety Window (0.0s). Reason: FFB Unmuted
[00:41:21] [Transition] Event: SME_STARTUP (10)
[00:41:27] [Transition] Event: SME_STARTUP (10)
[00:41:32] [Transition] Event: SME_STARTUP (10)
[00:41:35] [Transition] Event: SME_ENTER (9)
[00:41:35] [Transition] Event: SME_EXIT (16)
[00:41:35] [Transition] Event: SME_ENTER (15)
[00:41:35] [Transition] Event: SME_EXIT (11)
[00:41:35] [DI ERROR] Failed to update force. Error: The operation cannot be performed unless the device is acquired in DISCL_EXCLUSIVE mode. [CRITICAL: Game has stolen priority! DISABLE IN-GAME FFB] (0x80040205)
[00:41:35]            Active Window: [Window Tracking Disabled]
[00:41:35] [DI] Attempting to promote to Exclusive Mode...
[00:41:35] [DI RECOVERY] Device re-acquired successfully. FFB motor restarted.
[00:41:35] [Transition] InRealtime: true -> false
[00:41:35] [Diag] De-realtime snapshot: track='Paul Ricard - 1A' optionsLoc=0 numVehicles=11 playerHasVehicle=true smUpdateScoring=16
[00:41:35] [Transition] Control: 0 -> 1 (AI)
[00:41:35] [Safety] FFB Muted (Reason: Game/State Mute)
[00:41:35] [Safety] mControl Transition: 0 -> 1
[00:41:35] [Safety] Triggered Safety Window (0.0s). Reason: Control Transition
[00:41:37] [Transition] Event: SME_STARTUP (10)
[00:41:42] [Transition] Event: SME_STARTUP (10)
[00:41:42] [Transition] Control: 1 -> 2 (Remote)
[00:41:42] [Transition] Vehicle: 'Genesis Magma Racing 2026 #17:WEC' -> 'Peugeot TotalEnergies 2025 #93:LM'
[00:41:42] [Metadata] Vehicle Change Detected: 'Peugeot TotalEnergies 2025 #93:LM' (Brand: 'Peugeot', Class: 'Hyper', PitGroup: 'Group16', Filename: '93_25_PEUGD0A1B532')
[00:41:42] [Safety] mControl Transition: 1 -> 2
[00:41:42] [Safety] Triggered Safety Window (0.0s). Reason: Control Transition
[00:41:42] [Transition] Control: 2 -> 1 (AI)
[00:41:42] [Transition] Vehicle: 'Peugeot TotalEnergies 2025 #93:LM' -> 'Genesis Magma Racing 2026 #17:WEC'
[00:41:42] [Transition] NumVehicles: 11 -> 10
[00:41:42] [Metadata] Vehicle Change Detected: 'Genesis Magma Racing 2026 #17:WEC' (Brand: 'Unknown', Class: 'Hyper', PitGroup: 'Group99', Filename: '17_26_GENE14CD51B0')
[00:41:42] [Safety] mControl Transition: 2 -> 1
[00:41:42] [Safety] Triggered Safety Window (0.0s). Reason: Control Transition
[00:41:47] [Transition] Event: SME_STARTUP (10)
[00:41:49] [Transition] Event: SME_EXIT (8)
[00:41:49] [Transition] Event: SME_EXIT (11)
[00:41:49] [Transition] InRealtime: false -> true
[00:41:49] [Transition] Control: 1 -> 0 (Player)
[00:41:49] [Safety] mControl Transition: 1 -> 0
[00:41:49] [Safety] Triggered Safety Window (0.0s). Reason: Control Transition
[00:41:49] [DI ERROR] Failed to update force. Error: The operation cannot be performed unless the device is acquired in DISCL_EXCLUSIVE mode. [CRITICAL: Game has stolen priority! DISABLE IN-GAME FFB] (0x80040205)
[00:41:49]            Active Window: [Window Tracking Disabled]
[00:41:49] [DI] Attempting to promote to Exclusive Mode...
[00:41:49] [DI RECOVERY] Device re-acquired successfully. FFB motor restarted.
[00:41:51] [Safety] FFB Unmuted
[00:41:51] [Safety] Triggered Safety Window (0.0s). Reason: FFB Unmuted
[00:41:52] [Transition] Event: SME_ENTER (10)
[00:41:52] [Transition] Event: SME_EXIT (16)
[00:41:52] [Transition] NumVehicles: 10 -> 11
[00:41:52] [Transition] Event: SME_ENTER (15)
[00:41:52] [Transition] Event: SME_EXIT (11)
[00:41:52] [Transition] Event: SME_STARTUP (10)
[00:41:54] [Transition] Control: 0 -> 2 (Remote)
[00:41:54] [Transition] Vehicle: 'Genesis Magma Racing 2026 #17:WEC' -> 'Peugeot TotalEnergies 2025 #93:LM'
[00:41:54] [Metadata] Vehicle Change Detected: 'Peugeot TotalEnergies 2025 #93:LM' (Brand: 'Peugeot', Class: 'Hyper', PitGroup: 'Group16', Filename: '93_25_PEUGD0A1B532')
[00:41:54] [Safety] FFB Muted (Reason: Game/State Mute)
[00:41:54] [Safety] mControl Transition: 0 -> 2
[00:41:54] [Safety] Triggered Safety Window (0.0s). Reason: Control Transition
[00:41:54] [Transition] Control: 2 -> 0 (Player)
[00:41:54] [Transition] Vehicle: 'Peugeot TotalEnergies 2025 #93:LM' -> 'Genesis Magma Racing 2026 #17:WEC'
[00:41:54] [Transition] NumVehicles: 11 -> 10
[00:41:54] [Metadata] Vehicle Change Detected: 'Genesis Magma Racing 2026 #17:WEC' (Brand: 'Unknown', Class: 'Hyper', PitGroup: 'Group99', Filename: '17_26_GENE14CD51B0')
[00:41:54] [Safety] FFB Unmuted
[00:41:54] [Safety] Triggered Safety Window (0.0s). Reason: FFB Unmuted
[00:41:54] [Safety] mControl Transition: 2 -> 0
[00:41:54] [Safety] Triggered Safety Window (0.0s). Reason: Control Transition
[00:41:57] [Transition] Event: SME_STARTUP (10)
[00:42:02] [Transition] Event: SME_STARTUP (10)
[00:42:07] [Transition] Event: SME_STARTUP (10)
[00:42:11] [Transition] Control: 0 -> 2 (Remote)
[00:42:11] [Transition] PitState: 5 -> 0 (None)
[00:42:11] [Transition] Vehicle: 'Genesis Magma Racing 2026 #17:WEC' -> 'Peugeot TotalEnergies 2025 #93:LM'
[00:42:11] [Metadata] Vehicle Change Detected: 'Peugeot TotalEnergies 2025 #93:LM' (Brand: 'Peugeot', Class: 'Hyper', PitGroup: 'Group16', Filename: '93_25_PEUGD0A1B532')
[00:42:11] [Safety] FFB Muted (Reason: Game/State Mute)
[00:42:11] [Safety] mControl Transition: 0 -> 2
[00:42:11] [Safety] Triggered Safety Window (0.0s). Reason: Control Transition
[00:42:11] [Transition] Control: 2 -> 0 (Player)
[00:42:11] [Transition] PitState: 0 -> 5 (Unknown)
[00:42:11] [Transition] Vehicle: 'Peugeot TotalEnergies 2025 #93:LM' -> 'Genesis Magma Racing 2026 #17:WEC'
[00:42:11] [Transition] NumVehicles: 10 -> 9
[00:42:11] [Metadata] Vehicle Change Detected: 'Genesis Magma Racing 2026 #17:WEC' (Brand: 'Unknown', Class: 'Hyper', PitGroup: 'Group99', Filename: '17_26_GENE14CD51B0')
[00:42:11] [Safety] FFB Unmuted
[00:42:11] [Safety] Triggered Safety Window (0.0s). Reason: FFB Unmuted
[00:42:11] [Safety] mControl Transition: 2 -> 0
[00:42:11] [Safety] Triggered Safety Window (0.0s). Reason: Control Transition
[00:42:12] [Transition] Event: SME_STARTUP (10)
[00:42:13] [Transition] Event: SME_EXIT (9)
[00:42:13] [DI ERROR] Failed to update force. Error: The operation cannot be performed unless the device is acquired in DISCL_EXCLUSIVE mode. [CRITICAL: Game has stolen priority! DISABLE IN-GAME FFB] (0x80040205)
[00:42:13]            Active Window: [Window Tracking Disabled]
[00:42:13] [DI] Attempting to promote to Exclusive Mode...
[00:42:13] [DI RECOVERY] Device re-acquired successfully. FFB motor restarted.
[00:42:13] [Transition] Event: SME_EXIT (11)
[00:42:13] [Transition] InRealtime: true -> false
[00:42:13] [Diag] De-realtime snapshot: track='Paul Ricard - 1A' optionsLoc=0 numVehicles=9 playerHasVehicle=true smUpdateScoring=16
[00:42:13] [Transition] Control: 0 -> 1 (AI)
[00:42:13] [Safety] FFB Muted (Reason: Game/State Mute)
[00:42:13] [Safety] mControl Transition: 0 -> 1
[00:42:13] [Safety] Triggered Safety Window (0.0s). Reason: Control Transition
[00:42:17] [Transition] Event: SME_STARTUP (10)
[00:42:22] [Transition] Event: SME_STARTUP (10)
[00:42:27] [Transition] Event: SME_STARTUP (10)
[00:42:32] [Transition] Event: SME_STARTUP (10)
[00:42:37] [Transition] Event: SME_STARTUP (10)
[00:42:40] [Transition] Event: SME_ENTER (14)
[00:42:40] [Transition] Event: SME_EXIT (16)
[00:42:40] [Transition] Event: SME_ENTER (5)
[00:42:48] [Transition] Event: SME_ENTER (1)
[00:42:48] [Transition] Event: SME_ENTER (3)
[00:42:48] [Transition] Event: SME_ENTER (13)
[00:42:57] [GameConnector] Connected to LMU Shared Memory.
[00:54:04] [FFB] Loop Stopped.
[00:54:04] Shutting down GUI...
[00:54:04] Stopping FFB Thread...
[00:54:04] FFB Thread Stopped.
[00:54:04] [DI] Device released by user.
[00:54:04] Main Loop Ended. Clean Exit.
[00:54:04] [DI] Device released by user.
Logger Shutdown.
