[02:54:52] Logger Initialized. Version: 0.7.275
[02:54:52] Starting lmuFFB (C++ Port)...
[02:54:52] Application Started. Version: 0.7.275
[02:54:52] Mode: GUI
[02:54:52] Logger Initialized. Version: 0.7.275
[02:54:52] Logger re-initialized with user path: logs/
[02:54:52] Window Created: 00000000002C0974
[02:54:52] D3D11 Device and Flip-Model Swap Chain Created. Feature Level: 0xB000
[02:54:52] [DI] Initialized.
[02:54:52] Game not running or Shared Memory not ready. Waiting...
[02:54:52] [GUI] Main Loop Started.
[02:54:52] [FFB] Loop Started.
[02:54:52] [DI] Device released by user.
[02:54:52] [DI] Attempting to create device...
[02:54:52] [DI] Setting Data Format...
[02:54:52] [DI] Attempting to set Cooperative Level (Exclusive | Background)...
[02:54:52] [DI] Cooperative Level set to EXCLUSIVE.
[02:54:52] [DI] Acquiring device...
[02:54:52] [DI] Device Acquired in EXCLUSIVE mode.
[02:54:52] [DI] SUCCESS: Physical Device fully initialized and FFB Effect created.
[03:02:08] [FFB] Loop Stopped.
[03:02:08] Shutting down GUI...
[03:02:08] Stopping FFB Thread...
[03:02:08] FFB Thread Stopped.
[03:02:08] [DI] Device released by user.
[03:02:08] Main Loop Ended. Clean Exit.
[03:02:08] [DI] Device released by user.
Logger Shutdown.
