[02:48:08] Logger Initialized. Version: 0.7.275
[02:48:08] Starting lmuFFB (C++ Port)...
[02:48:08] Application Started. Version: 0.7.275
[02:48:08] Mode: GUI
[02:48:08] Logger Initialized. Version: 0.7.275
[02:48:08] Logger re-initialized with user path: logs/
[02:48:08] Window Created: 00000000002A08C0
[02:48:08] D3D11 Device and Flip-Model Swap Chain Created. Feature Level: 0xB000
[02:48:08] [DI] Initialized.
[02:48:08] [Warning] Legacy rFactor 2 Shared Memory Plugin detected. This may conflict with LMU 1.2 data.
[02:48:08] [Info] Legacy rF2 plugin detected (not a problem for LMU 1.2+)
[02:48:08] [GameConnector] Connected to LMU Shared Memory.
[02:48:08] [GUI] Main Loop Started.
[02:48:08] [FFB] Loop Started.
[02:48:08] [Transition] Event: SME_ENTER (5)
[02:48:08] [Transition] Event: SME_EXIT (16)
[02:48:08] [Transition] Event: SME_STARTUP (16)
[02:48:08] [Transition] Event: SME_SHUTDOWN (16)
[02:48:08] [Transition] Event: SME_LOAD (16)
[02:48:08] [Transition] Event: SME_UNLOAD (16)
[02:48:08] [Transition] Event: SME_START_SESSION (16)
[02:48:08] [Transition] Event: SME_END_SESSION (16)
[02:48:08] [Transition] Event: SME_ENTER_REALTIME (16)
[02:48:08] [Transition] Event: SME_EXIT_REALTIME (16)
[02:48:08] [Transition] Event: SME_INIT_APPLICATION (16)
[02:48:08] [Transition] Event: SME_UNINIT_APPLICATION (16)
[02:48:08] [Transition] OptionsLocation: 255 -> 0 (Main UI)
[02:48:08] [Transition] GamePhase: 255 -> 8 (Over)
[02:48:08] [Transition] Session: -1 -> 1 (Practice)
[02:48:08] [Transition] Track: '' -> 'Circuit de Barcelona'
[02:48:08] [Transition] Control: -2 -> 1 (AI)
[02:48:08] [Transition] PitState: 255 -> 5 (Unknown)
[02:48:08] [Transition] Vehicle: '' -> 'Genesis Magma Racing 2026 #17:WEC'
[02:48:08] [Transition] SteeringRange: -1.00 -> 0.00
[02:48:08] [Transition] PlayerHasVehicle: false -> true
[02:48:08] [Transition] NumVehicles: -1 -> 2
[02:48:08] [Metadata] Vehicle Change Detected: 'Genesis Magma Racing 2026 #17:WEC' (Brand: 'Unknown', Class: 'Hyper', PitGroup: 'Group99', Filename: '17_26_GENE14CD51B0')
[02:48:08] [Safety] FFB Muted (Reason: Game/State Mute)
[02:48:08] [WARNING] Invalid PhysicalSteeringWheelRange (<=0) for Genesis Magma Racing 2026 #17:WEC. Soft Lock and Steering UI may be incorrect.
[02:48:08] [DI] Device released by user.
[02:48:08] [DI] Attempting to create device...
[02:48:08] [DI] Setting Data Format...
[02:48:08] [DI] Attempting to set Cooperative Level (Exclusive | Background)...
[02:48:08] [DI] Cooperative Level set to EXCLUSIVE.
[02:48:08] [DI] Acquiring device...
[02:48:08] [DI] Device Acquired in EXCLUSIVE mode.
[02:48:08] [DI] SUCCESS: Physical Device fully initialized and FFB Effect created.
[02:48:41] [Transition] Event: SME_ENTER (4)
[02:48:49] [Transition] Event: SME_ENTER (6)
[02:48:50] [Transition] Event: SME_ENTER (10)
[02:48:50] [Transition] GamePhase: 8 -> 0 (Before Session)
[02:48:50] [Transition] NumVehicles: 2 -> 0
[02:49:01] [Transition] Event: SME_ENTER (15)
[02:49:01] [Transition] Event: SME_EXIT (11)
[02:49:01] [Transition] PlayerHasVehicle: true -> false
[02:49:01] [Transition] Event: SME_STARTUP (10)
[02:49:03] [Transition] Event: SME_EXIT (10)
[02:49:03] [Transition] NumVehicles: 0 -> 1
[02:49:03] [Transition] Event: SME_ENTER (10)
[02:49:03] [Transition] Event: SME_EXIT (16)
[02:49:03] [Transition] NumVehicles: 1 -> 2
[02:49:04] [Transition] Event: SME_ENTER (15)
[02:49:04] [Transition] Event: SME_EXIT (11)
[02:49:04] [Transition] GamePhase: 0 -> 5 (Green Flag)
[02:49:05] [Transition] Event: SME_EXIT (10)
[02:49:05] [Transition] NumVehicles: 2 -> 3
[02:49:05] [Transition] Event: SME_EXIT (11)
[02:49:06] [Transition] PlayerHasVehicle: false -> true
[02:49:06] [Transition] Event: SME_STARTUP (10)
[02:49:10] [Transition] Event: SME_ENTER (14)
[02:49:10] [Transition] Event: SME_EXIT (16)
[02:49:10] [Transition] Event: SME_ENTER (5)
[02:49:34] [Transition] Event: SME_ENTER (4)
[02:49:42] [Transition] Event: SME_ENTER (6)
[02:49:43] [Transition] Event: SME_ENTER (10)
[02:49:43] [Transition] GamePhase: 5 -> 0 (Before Session)
[02:49:43] [Transition] NumVehicles: 3 -> 0
[02:49:52] [Transition] Event: SME_ENTER (15)
[02:49:52] [Transition] Event: SME_EXIT (11)
[02:49:52] [Transition] PlayerHasVehicle: true -> false
[02:49:52] [Transition] Event: SME_STARTUP (10)
[02:49:53] [Transition] Event: SME_EXIT (10)
[02:49:53] [Transition] NumVehicles: 0 -> 1
[02:49:54] [Transition] Event: SME_ENTER (10)
[02:49:54] [Transition] Event: SME_EXIT (16)
[02:49:54] [Transition] NumVehicles: 1 -> 2
[02:49:55] [Transition] NumVehicles: 2 -> 3
[02:49:56] [Transition] NumVehicles: 3 -> 4
[02:49:56] [Transition] NumVehicles: 4 -> 5
[02:49:57] [Transition] NumVehicles: 5 -> 6
[02:49:58] [Transition] NumVehicles: 6 -> 7
[02:49:59] [Transition] NumVehicles: 7 -> 8
[02:49:59] [Transition] NumVehicles: 8 -> 9
[02:50:00] [Transition] NumVehicles: 9 -> 10
[02:50:00] [Transition] NumVehicles: 10 -> 11
[02:50:00] [Transition] Event: SME_ENTER (15)
[02:50:00] [Transition] Event: SME_EXIT (11)
[02:50:00] [Transition] Event: SME_STARTUP (10)
[02:50:00] [Transition] GamePhase: 0 -> 5 (Green Flag)
[02:50:02] [Transition] Event: SME_ENTER (10)
[02:50:02] [Transition] Event: SME_EXIT (16)
[02:50:02] [Transition] NumVehicles: 11 -> 12
[02:50:02] [Transition] Event: SME_ENTER (15)
[02:50:02] [Transition] Event: SME_EXIT (11)
[02:50:02] [Transition] Control: 1 -> 2 (Remote)
[02:50:02] [Transition] PlayerHasVehicle: false -> true
[02:50:02] [Safety] mControl Transition: 1 -> 2
[02:50:02] [Safety] Triggered Safety Window (0.0s). Reason: Control Transition
[02:50:04] [Transition] Control: 2 -> 1 (AI)
[02:50:04] [Safety] mControl Transition: 2 -> 1
[02:50:04] [Safety] Triggered Safety Window (0.0s). Reason: Control Transition
[02:50:05] [Transition] Event: SME_STARTUP (10)
[02:50:11] [Transition] Event: SME_STARTUP (10)
[02:50:13] [Transition] Event: SME_EXIT (8)
[02:50:13] [Transition] Event: SME_EXIT (11)
[02:50:13] [Transition] InRealtime: false -> true
[02:50:13] [Transition] Control: 1 -> 0 (Player)
[02:50:13] [Safety] mControl Transition: 1 -> 0
[02:50:13] [Safety] Triggered Safety Window (0.0s). Reason: Control Transition
[02:50:16] Warning: Data for mGripFract from the game seems to be missing for this car (Genesis Magma Racing 2026 #17:WEC). (Likely Encrypted/DLC Content). A fallback estimation will be used.
[02:50:16] [Transition] Event: SME_STARTUP (10)
[02:50:17] [Safety] FFB Unmuted
[02:50:17] [Safety] Triggered Safety Window (0.0s). Reason: FFB Unmuted
[02:50:21] [Transition] Event: SME_STARTUP (10)
[02:50:26] [Transition] Event: SME_STARTUP (10)
[02:50:29] [FFB] Latched and saved static loads for Genesis Magma Racing 2026 #17:WEC: F=2503.82N, R=3034.66N
[02:50:31] [Transition] Event: SME_STARTUP (10)
[02:50:36] [Transition] Event: SME_STARTUP (10)
[02:50:41] [Transition] PitState: 5 -> 0 (None)
[02:50:41] [Transition] Event: SME_STARTUP (10)
[02:50:46] [Transition] Event: SME_STARTUP (10)
[02:50:52] [Transition] Event: SME_STARTUP (10)
[02:50:57] [Transition] Event: SME_STARTUP (10)
[02:50:57] Warning: Data for mTireLoad from the game seems to be missing for this car (Genesis Magma Racing 2026 #17:WEC). (Likely Encrypted/DLC Content). Using Suspension-based Fallback.
[02:50:57] Warning: Data for mGripFract from the game seems to be missing for this car (Genesis Magma Racing 2026 #17:WEC). (Likely Encrypted/DLC Content). A fallback estimation will be used.
[02:51:02] [Transition] Event: SME_STARTUP (10)
[02:51:07] [Transition] Event: SME_STARTUP (10)
[02:51:12] [Transition] Event: SME_STARTUP (10)
[02:51:17] [Transition] Event: SME_STARTUP (10)
[02:51:22] [Transition] Event: SME_STARTUP (10)
[02:51:27] [Transition] Event: SME_STARTUP (10)
[02:51:32] [Transition] Event: SME_STARTUP (10)
[02:51:33] [Transition] Control: 0 -> 2 (Remote)
[02:51:33] [Transition] PitState: 0 -> 5 (Unknown)
[02:51:33] [Transition] Vehicle: 'Genesis Magma Racing 2026 #17:WEC' -> 'JMW Motorsport 2024 2024 #66:LM'
[02:51:33] [Metadata] Vehicle Change Detected: 'JMW Motorsport 2024 2024 #66:LM' (Brand: 'Unknown', Class: 'GT3', PitGroup: 'Group50', Filename: '66_24_JMW_3051A6BA')
[02:51:33] [Safety] FFB Muted (Reason: Game/State Mute)
[02:51:33] [Safety] mControl Transition: 0 -> 2
[02:51:33] [Safety] Triggered Safety Window (0.0s). Reason: Control Transition
[02:51:33] [Transition] Control: 2 -> 0 (Player)
[02:51:33] [Transition] PitState: 5 -> 0 (None)
[02:51:33] [Transition] Vehicle: 'JMW Motorsport 2024 2024 #66:LM' -> 'Genesis Magma Racing 2026 #17:WEC'
[02:51:33] [Transition] NumVehicles: 12 -> 11
[02:51:33] [Metadata] Vehicle Change Detected: 'Genesis Magma Racing 2026 #17:WEC' (Brand: 'Unknown', Class: 'Hyper', PitGroup: 'Group99', Filename: '17_26_GENE14CD51B0')
[02:51:33] [Safety] FFB Unmuted
[02:51:33] [Safety] Triggered Safety Window (0.0s). Reason: FFB Unmuted
[02:51:33] [Safety] mControl Transition: 2 -> 0
[02:51:33] [Safety] Triggered Safety Window (0.0s). Reason: Control Transition
[02:51:37] [Transition] Event: SME_STARTUP (10)
[02:51:42] [Transition] Event: SME_STARTUP (10)
[02:51:47] [Transition] Event: SME_STARTUP (10)
[02:51:49] [Transition] Event: SME_EXIT (10)
[02:51:49] [Transition] NumVehicles: 11 -> 12
[02:51:49] [Transition] Event: SME_EXIT (11)
[02:51:52] [Transition] Event: SME_STARTUP (10)
[02:51:57] [Transition] Event: SME_STARTUP (10)
[02:52:02] [Transition] Event: SME_STARTUP (10)
[02:52:07] [Transition] Event: SME_STARTUP (10)
[02:52:12] [Transition] Event: SME_STARTUP (10)
[02:52:17] [Transition] Event: SME_STARTUP (10)
[02:52:22] [Transition] Event: SME_STARTUP (10)
[02:52:27] [Transition] Event: SME_STARTUP (10)
[02:52:32] [Transition] Event: SME_STARTUP (10)
[02:52:37] [Transition] Event: SME_STARTUP (10)
[02:52:42] [Transition] Event: SME_STARTUP (10)
[02:52:47] [Transition] Event: SME_STARTUP (10)
[02:52:52] [Transition] Event: SME_STARTUP (10)
[02:52:53] [Transition] Event: SME_ENTER (9)
[02:52:53] [Transition] Event: SME_EXIT (16)
[02:52:53] [Transition] Event: SME_ENTER (15)
[02:52:53] [Transition] Event: SME_EXIT (11)
[02:52:53] [Transition] InRealtime: true -> false
[02:52:53] [Diag] De-realtime snapshot: track='Circuit de Barcelona' optionsLoc=0 numVehicles=12 playerHasVehicle=true smUpdateScoring=16
[02:52:53] [Transition] Control: 0 -> 1 (AI)
[02:52:53] [Transition] PitState: 0 -> 5 (Unknown)
[02:52:53] [Safety] FFB Muted (Reason: Game/State Mute)
[02:52:53] [Safety] mControl Transition: 0 -> 1
[02:52:53] [Safety] Triggered Safety Window (0.0s). Reason: Control Transition
[02:52:56] [Transition] Event: SME_ENTER (14)
[02:52:56] [Transition] Event: SME_EXIT (16)
[02:52:56] [Transition] Event: SME_ENTER (5)
[02:54:31] [FFB] Loop Stopped.
[02:54:31] Shutting down GUI...
[02:54:31] Stopping FFB Thread...
[02:54:31] FFB Thread Stopped.
[02:54:31] [DI] Device released by user.
[02:54:31] Main Loop Ended. Clean Exit.
[02:54:31] [DI] Device released by user.
Logger Shutdown.
